<?xml version="1.0" encoding="utf-8"?><testsuites name="pytest tests"><testsuite name="pytest" errors="0" failures="0" skipped="0" tests="10" time="2.751" timestamp="2026-05-21T09:44:42.407050+00:00" hostname="agent-env-775dbe0a-65db-4e0a-a6c6-139aa0d4cc70"><testcase classname="tests.test_auth_hardening" name="test_login_test_user_returns_200_and_cookies" time="0.683" /><testcase classname="tests.test_auth_hardening" name="test_auth_me_with_cookie_returns_user" time="0.048" /><testcase classname="tests.test_auth_hardening" name="test_auth_me_without_cookie_returns_401" time="0.136" /><testcase classname="tests.test_auth_hardening" name="test_jwt_with_5s_future_iat_is_accepted" time="0.660" /><testcase classname="tests.test_auth_hardening" name="test_jwt_with_30s_future_iat_is_rejected" time="0.611" /><testcase classname="tests.test_auth_hardening" name="test_stripe_webhook_returns_410_gone" time="0.103" /><testcase classname="tests.test_auth_hardening" name="test_sync_health_without_secret_returns_401_or_503" time="0.107" /><testcase classname="tests.test_auth_hardening" name="test_sync_health_with_valid_secret_returns_200" time="0.115" /><testcase classname="tests.test_auth_hardening" name="test_sync_health_with_wrong_secret_returns_401" time="0.101" /><testcase classname="tests.test_auth_hardening" name="test_auth_providers_endpoint_works" time="0.118" /></testsuite></testsuites>