<?xml version="1.0" encoding="utf-8"?><testsuites name="pytest tests"><testsuite name="pytest" errors="0" failures="0" skipped="0" tests="20" time="17.007" timestamp="2026-06-01T21:38:28.822011+00:00" hostname="agent-env-775dbe0a-65db-4e0a-a6c6-139aa0d4cc70"><testcase classname="tests.test_iter92_7_godmode.TestRagStaticInjection" name="test_video_py_has_rag_block" time="0.000" /><testcase classname="tests.test_iter92_7_godmode.TestRagStaticInjection" name="test_playbooks_py_has_rag_block" time="0.000" /><testcase classname="tests.test_iter92_7_godmode.TestRagStaticInjection" name="test_simulations_py_has_rag_block" time="0.000" /><testcase classname="tests.test_iter92_7_godmode.TestRagStaticInjection" name="test_rag_threshold_is_0_25" time="0.000" /><testcase classname="tests.test_iter92_7_godmode.TestChatRag" name="test_chat_feedbackformel" time="14.778" /><testcase classname="tests.test_iter92_7_godmode.TestLifecycle" name="test_lifecycle_status" time="0.178" /><testcase classname="tests.test_iter92_7_godmode.TestPayments" name="test_checkout_with_wlad10" time="0.589" /><testcase classname="tests.test_iter92_7_godmode.TestPayments" name="test_checkout_no_code" time="0.438" /><testcase classname="tests.test_iter92_7_godmode.TestUnsubscribe" name="test_garbage_token" time="0.124" /><testcase classname="tests.test_iter92_7_godmode.TestMyPath" name="test_videos_six_free" time="0.107" /><testcase classname="tests.test_iter92_7_godmode.TestEvents" name="test_live_events_thursdays" time="0.132" /><testcase classname="tests.test_iter92_7_godmode.TestPublicAssets" name="test_asset_200[/favicon.svg]" time="0.126" /><testcase classname="tests.test_iter92_7_godmode.TestPublicAssets" name="test_asset_200[/icon-192.png]" time="0.114" /><testcase classname="tests.test_iter92_7_godmode.TestPublicAssets" name="test_asset_200[/apple-touch-icon.png]" time="0.120" /><testcase classname="tests.test_iter92_7_godmode.TestPublicAssets" name="test_asset_200[/manifest.json]" time="0.123" /><testcase classname="tests.test_iter92_7_godmode.TestPublicAssets" name="test_manifest_has_shortcuts" time="0.106" /><testcase classname="tests.test_iter92_7_godmode.TestCssUtilities" name="test_css_utilities_defined" time="0.000" /><testcase classname="tests.test_iter92_7_godmode.TestCssUtilities" name="test_login_button_classes" time="0.000" /><testcase classname="tests.test_iter92_7_godmode.TestCssUtilities" name="test_dashboard_quick_cards_classes" time="0.000" /><testcase classname="tests.test_iter92_7_godmode.TestCssUtilities" name="test_wladmark_new_path" time="0.000" /></testsuite></testsuites>