<?xml version="1.0" encoding="utf-8"?><testsuites name="pytest tests"><testsuite name="pytest" errors="0" failures="3" skipped="0" tests="14" time="2.412" timestamp="2026-05-25T21:37:02.109284+00:00" hostname="agent-env-775dbe0a-65db-4e0a-a6c6-139aa0d4cc70"><testcase classname="tests.test_iteration92_5_unsubscribe.TestUnsubscribeInvalidToken" name="test_info_bad_token_returns_400" time="0.298" /><testcase classname="tests.test_iteration92_5_unsubscribe.TestUnsubscribeInvalidToken" name="test_info_dotted_garbage_returns_400" time="0.056" /><testcase classname="tests.test_iteration92_5_unsubscribe.TestUnsubscribeLifecycle" name="test_info_valid_token_returns_metadata" time="0.319" /><testcase classname="tests.test_iteration92_5_unsubscribe.TestUnsubscribeLifecycle" name="test_confirm_then_resubscribe_flow" time="0.379" /><testcase classname="tests.test_iteration92_5_unsubscribe.TestLifecycleStatus" name="test_status_contains_video_drip_weeks" time="0.066" /><testcase classname="tests.test_iteration92_5_unsubscribe.TestVideoDripCron" name="test_cron_video_drip_runs" time="0.061" /><testcase classname="tests.test_iteration92_5_unsubscribe.TestABFakeWladCallBribe" name="test_assign_enrolls_authed_user" time="0.540" /><testcase classname="tests.test_iteration92_5_unsubscribe.TestABFakeWladCallBribe" name="test_event_impression" time="0.062" /><testcase classname="tests.test_iteration92_5_unsubscribe.TestPaymentsDiscount" name="test_checkout_with_wlad10" time="0.068"><failure message="AssertionError: {&quot;detail&quot;:[{&quot;type&quot;:&quot;missing&quot;,&quot;loc&quot;:[&quot;body&quot;,&quot;origin_url&quot;],&quot;msg&quot;:&quot;Field required&quot;,&quot;input&quot;:{&quot;package_id&quot;:&quot;leadership_os&quot;,&quot;discount_code&quot;:&quot;WLAD10&quot;},&quot;url&quot;:&quot;https://errors.pydantic.dev/2.12/v/missing&quot;}]}&#10;assert 422 == 200&#10; +  where 422 = &lt;Response [422]&gt;.status_code">tests/test_iteration92_5_unsubscribe.py:161: in test_checkout_with_wlad10
    assert r.status_code == 200, r.text
E   AssertionError: {"detail":[{"type":"missing","loc":["body","origin_url"],"msg":"Field required","input":{"package_id":"leadership_os","discount_code":"WLAD10"},"url":"https://errors.pydantic.dev/2.12/v/missing"}]}
E   assert 422 == 200
E    +  where 422 = &lt;Response [422]&gt;.status_code</failure></testcase><testcase classname="tests.test_iteration92_5_unsubscribe.TestPaymentsDiscount" name="test_checkout_without_code" time="0.059"><failure message="AssertionError: {&quot;detail&quot;:[{&quot;type&quot;:&quot;missing&quot;,&quot;loc&quot;:[&quot;body&quot;,&quot;origin_url&quot;],&quot;msg&quot;:&quot;Field required&quot;,&quot;input&quot;:{&quot;package_id&quot;:&quot;leadership_os&quot;},&quot;url&quot;:&quot;https://errors.pydantic.dev/2.12/v/missing&quot;}]}&#10;assert 422 == 200&#10; +  where 422 = &lt;Response [422]&gt;.status_code">tests/test_iteration92_5_unsubscribe.py:173: in test_checkout_without_code
    assert r.status_code == 200, r.text
E   AssertionError: {"detail":[{"type":"missing","loc":["body","origin_url"],"msg":"Field required","input":{"package_id":"leadership_os"},"url":"https://errors.pydantic.dev/2.12/v/missing"}]}
E   assert 422 == 200
E    +  where 422 = &lt;Response [422]&gt;.status_code</failure></testcase><testcase classname="tests.test_iteration92_5_unsubscribe.TestPaymentsDiscount" name="test_checkout_with_invalid_code_graceful" time="0.057"><failure message="AssertionError: {&quot;detail&quot;:[{&quot;type&quot;:&quot;missing&quot;,&quot;loc&quot;:[&quot;body&quot;,&quot;origin_url&quot;],&quot;msg&quot;:&quot;Field required&quot;,&quot;input&quot;:{&quot;package_id&quot;:&quot;leadership_os&quot;,&quot;discount_code&quot;:&quot;DOESNOTEXIST&quot;},&quot;url&quot;:&quot;https://errors.pydantic.dev/2.12/v/missing&quot;}]}&#10;assert 422 == 200&#10; +  where 422 = &lt;Response [422]&gt;.status_code">tests/test_iteration92_5_unsubscribe.py:183: in test_checkout_with_invalid_code_graceful
    assert r.status_code == 200, r.text
E   AssertionError: {"detail":[{"type":"missing","loc":["body","origin_url"],"msg":"Field required","input":{"package_id":"leadership_os","discount_code":"DOESNOTEXIST"},"url":"https://errors.pydantic.dev/2.12/v/missing"}]}
E   assert 422 == 200
E    +  where 422 = &lt;Response [422]&gt;.status_code</failure></testcase><testcase classname="tests.test_iteration92_5_unsubscribe.TestFrontendAssets" name="test_favicon_svg" time="0.115" /><testcase classname="tests.test_iteration92_5_unsubscribe.TestFrontendAssets" name="test_icon_192" time="0.131" /><testcase classname="tests.test_iteration92_5_unsubscribe.TestFrontendAssets" name="test_apple_touch_icon" time="0.118" /></testsuite></testsuites>