<?xml version="1.0" encoding="utf-8"?><testsuites name="pytest tests"><testsuite name="pytest" errors="0" failures="0" skipped="0" tests="12" time="6.204" timestamp="2026-05-19T23:27:23.186666+00:00" hostname="agent-env-775dbe0a-65db-4e0a-a6c6-139aa0d4cc70"><testcase classname="backend.tests.test_iteration83_security_magic_link.TestHealth" name="test_api_health" time="0.282" /><testcase classname="backend.tests.test_iteration83_security_magic_link.TestHealth" name="test_monitoring_health" time="0.129" /><testcase classname="backend.tests.test_iteration83_security_magic_link.TestLoginContext" name="test_login_captures_context_and_security_overview_reflects_it" time="0.935" /><testcase classname="backend.tests.test_iteration83_security_magic_link.TestRegisterContext" name="test_register_stores_full_context" time="0.766" /><testcase classname="backend.tests.test_iteration83_security_magic_link.TestMagicLinkRequest" name="test_existing_email_returns_200" time="0.327" /><testcase classname="backend.tests.test_iteration83_security_magic_link.TestMagicLinkRequest" name="test_nonexistent_email_returns_200_same_message" time="0.136" /><testcase classname="backend.tests.test_iteration83_security_magic_link.TestMagicLinkVerify" name="test_bad_token_returns_401" time="0.124" /><testcase classname="backend.tests.test_iteration83_security_magic_link.TestMagicLinkVerify" name="test_valid_token_works_and_is_single_use" time="0.406" /><testcase classname="backend.tests.test_iteration83_security_magic_link.TestMagicLinkRateLimit" name="test_six_rapid_requests_429_on_sixth" time="0.722" /><testcase classname="backend.tests.test_iteration83_security_magic_link.TestSecurityOverview" name="test_unauthenticated_returns_401" time="0.124" /><testcase classname="backend.tests.test_iteration83_security_magic_link.TestSecurityOverview" name="test_authenticated_shape" time="0.053" /><testcase classname="backend.tests.test_iteration83_security_magic_link.TestRevokeOtherSessions" name="test_revoke_others_keeps_current" time="2.116" /></testsuite></testsuites>