<?xml version="1.0" encoding="utf-8"?><testsuites name="pytest tests"><testsuite name="pytest" errors="0" failures="0" skipped="0" tests="10" time="5.125" timestamp="2026-05-11T13:46:13.069080+00:00" hostname="agent-env-775dbe0a-65db-4e0a-a6c6-139aa0d4cc70"><testcase classname="backend.tests.test_iteration77_preship" name="test_packages_endpoint" time="1.719" /><testcase classname="backend.tests.test_iteration77_preship" name="test_voice_personas_endpoint" time="0.128" /><testcase classname="backend.tests.test_iteration77_preship" name="test_login_standard_returns_token_and_user" time="0.359" /><testcase classname="backend.tests.test_iteration77_preship" name="test_login_accelerator_returns_token" time="0.412" /><testcase classname="backend.tests.test_iteration77_preship" name="test_register_fresh_email_returns_token" time="0.487" /><testcase classname="backend.tests.test_iteration77_preship" name="test_login_invalid_password_returns_401" time="0.397" /><testcase classname="backend.tests.test_iteration77_preship" name="test_user_tier_authenticated" time="0.510" /><testcase classname="backend.tests.test_iteration77_preship" name="test_user_tier_unauthenticated_returns_401" time="0.137" /><testcase classname="backend.tests.test_iteration77_preship" name="test_login_response_excludes_password_field" time="0.437" /><testcase classname="backend.tests.test_iteration77_preship" name="test_login_sets_httponly_cookie" time="0.388" /></testsuite></testsuites>