<?xml version="1.0" encoding="utf-8"?><testsuites name="pytest tests"><testsuite name="pytest" errors="0" failures="0" skipped="0" tests="6" time="4.138" timestamp="2026-05-07T14:03:16.419360+00:00" hostname="agent-env-775dbe0a-65db-4e0a-a6c6-139aa0d4cc70"><testcase classname="backend.tests.test_iteration76_password_change" name="test_password_change_wrong_current" time="0.885" /><testcase classname="backend.tests.test_iteration76_password_change" name="test_password_change_too_short" time="0.144" /><testcase classname="backend.tests.test_iteration76_password_change" name="test_password_change_same_as_current" time="0.138" /><testcase classname="backend.tests.test_iteration76_password_change" name="test_password_change_success_and_relogin_and_reset" time="2.418" /><testcase classname="backend.tests.test_iteration76_password_change" name="test_password_change_unauthenticated" time="0.147" /><testcase classname="backend.tests.test_iteration76_password_change" name="test_route_check_login_still_works" time="0.351" /></testsuite></testsuites>