<?xml version="1.0" encoding="utf-8"?><testsuites name="pytest tests"><testsuite name="pytest" errors="0" failures="1" skipped="0" tests="4" time="2.575" timestamp="2026-05-25T19:19:27.847644+00:00" hostname="agent-env-775dbe0a-65db-4e0a-a6c6-139aa0d4cc70"><testcase classname="backend.tests.test_iteration92_events_payments.TestEventsWeeklyThursday" name="test_live_events_endpoint_ok" time="1.923" /><testcase classname="backend.tests.test_iteration92_events_payments.TestEventsWeeklyThursday" name="test_all_non_replay_events_are_thursday_and_after_july_2" time="0.176" /><testcase classname="backend.tests.test_iteration92_events_payments.TestEventsWeeklyThursday" name="test_live_ki_call_weekly_dates" time="0.159" /><testcase classname="backend.tests.test_iteration92_events_payments.TestStripeCheckout" name="test_create_checkout_session" time="0.143"><failure message="AssertionError: status=401 body={&quot;detail&quot;:&quot;Not authenticated&quot;}&#10;assert 401 == 200&#10; +  where 401 = &lt;Response [401]&gt;.status_code">backend/tests/test_iteration92_events_payments.py:109: in test_create_checkout_session
    assert r.status_code == 200, f"status={r.status_code} body={r.text[:400]}"
E   AssertionError: status=401 body={"detail":"Not authenticated"}
E   assert 401 == 200
E    +  where 401 = &lt;Response [401]&gt;.status_code</failure></testcase></testsuite></testsuites>