<?xml version="1.0" encoding="utf-8"?><testsuites name="pytest tests"><testsuite name="pytest" errors="0" failures="2" skipped="0" tests="15" time="161.612" timestamp="2026-05-25T12:04:13.767403+00:00" hostname="agent-env-775dbe0a-65db-4e0a-a6c6-139aa0d4cc70"><testcase classname="backend.tests.test_iteration89_prelaunch.TestHealth" name="test_health_200" time="0.274" /><testcase classname="backend.tests.test_iteration89_prelaunch.TestHealth" name="test_stripe_webhook_410" time="0.149" /><testcase classname="backend.tests.test_iteration89_prelaunch.TestHealth" name="test_internal_sync_health_with_secret" time="0.143" /><testcase classname="backend.tests.test_iteration89_prelaunch" name="test_tools_return_structured_dict[conversation-prep-Ich muss morgen ein schwieriges Feedback-Gespr\xe4ch mit einem Teammitglied f\xfchren, das wiederholt Deadlines verpasst hat. Ich brauche einen klaren Gespr\xe4chsplan.]" time="42.704" /><testcase classname="backend.tests.test_iteration89_prelaunch" name="test_tools_return_structured_dict[email-optimizer-Hallo Team, ich wollte fragen ob ihr vielleicht eventuell den Bericht bis Freitag fertig bekommen k\xf6nntet. W\xe4re das ok?]" time="10.361" /><testcase classname="backend.tests.test_iteration89_prelaunch" name="test_tools_return_structured_dict[decision-maker-Soll ich einen externen Berater einstellen oder die Aufgabe intern l\xf6sen? Budget ist knapp.]" time="27.935" /><testcase classname="backend.tests.test_iteration89_prelaunch" name="test_tools_return_structured_dict[meeting-builder-Quartalsreview mit 8 Personen, 60 Minuten, Fokus auf Q4-Strategie und Budget-Allokation.]" time="20.093" /><testcase classname="backend.tests.test_iteration89_prelaunch" name="test_tools_return_structured_dict[performance-analysis-Mitarbeiter A: erreicht 80% der KPIs, hohes Engagement. Mitarbeiter B: 110% KPIs aber Team-Konflikte. Mitarbeiter C: 60% KPIs, neue Rolle seit 2 Monaten.]" time="42.204" /><testcase classname="backend.tests.test_iteration89_prelaunch.TestCheckin" name="test_checkin_returns_structured_feedback" time="0.272"><failure message="AssertionError: 404: {&quot;detail&quot;:&quot;Not Found&quot;}&#10;assert 404 == 200&#10; +  where 404 = &lt;Response [404]&gt;.status_code">backend/tests/test_iteration89_prelaunch.py:115: in test_checkin_returns_structured_feedback
    assert r.status_code == 200, f"{r.status_code}: {r.text[:300]}"
E   AssertionError: 404: {"detail":"Not Found"}
E   assert 404 == 200
E    +  where 404 = &lt;Response [404]&gt;.status_code</failure></testcase><testcase classname="backend.tests.test_iteration89_prelaunch.TestChat" name="test_chat_returns_structured_parsed" time="16.690" /><testcase classname="backend.tests.test_iteration89_prelaunch.TestIter89Endpoints" name="test_video_archive" time="0.196" /><testcase classname="backend.tests.test_iteration89_prelaunch.TestIter89Endpoints" name="test_wladhub_diagnosis" time="0.111" /><testcase classname="backend.tests.test_iteration89_prelaunch.TestIter89Endpoints" name="test_wladhub_3layer" time="0.114" /><testcase classname="backend.tests.test_iteration89_prelaunch.TestIter89Endpoints" name="test_og_leader_score_preview" time="0.112"><failure message="AssertionError: 405: {&quot;detail&quot;:&quot;Method Not Allowed&quot;}&#10;assert 405 == 200&#10; +  where 405 = &lt;Response [405]&gt;.status_code">backend/tests/test_iteration89_prelaunch.py:175: in test_og_leader_score_preview
    assert r.status_code == 200, f"{r.status_code}: {r.text[:300]}"
E   AssertionError: 405: {"detail":"Method Not Allowed"}
E   assert 405 == 200
E    +  where 405 = &lt;Response [405]&gt;.status_code</failure></testcase><testcase classname="backend.tests.test_iteration89_prelaunch.TestIter89Endpoints" name="test_video_trial_status_bonus_fields" time="0.142" /></testsuite></testsuites>