<?xml version="1.0" encoding="utf-8"?><testsuites name="pytest tests"><testsuite name="pytest" errors="0" failures="0" skipped="0" tests="11" time="1.301" timestamp="2026-05-20T10:25:22.864229+00:00" hostname="agent-env-775dbe0a-65db-4e0a-a6c6-139aa0d4cc70"><testcase classname="backend.tests.test_iteration84_oauth.TestProvidersEndpoint" name="test_providers_returns_200_and_shape" time="0.322" /><testcase classname="backend.tests.test_iteration84_oauth.TestProvidersEndpoint" name="test_providers_is_public" time="0.117" /><testcase classname="backend.tests.test_iteration84_oauth.TestOAuthCallbacksNotConfigured" name="test_google_callback_401_not_configured" time="0.053" /><testcase classname="backend.tests.test_iteration84_oauth.TestOAuthCallbacksNotConfigured" name="test_apple_callback_401_not_configured" time="0.050" /><testcase classname="backend.tests.test_iteration84_oauth.TestOAuthCallbacksNotConfigured" name="test_microsoft_callback_401_not_configured" time="0.053" /><testcase classname="backend.tests.test_iteration84_oauth.TestExistingFlows" name="test_admin_login" time="0.437" /><testcase classname="backend.tests.test_iteration84_oauth.TestExistingFlows" name="test_security_overview_with_cookie" time="0.051" /><testcase classname="backend.tests.test_iteration84_oauth.TestExistingFlows" name="test_magic_link_request_generic_200" time="0.056" /><testcase classname="backend.tests.test_iteration84_oauth.TestExistingFlows" name="test_health" time="0.052" /><testcase classname="backend.tests.test_iteration84_oauth.TestExistingFlows" name="test_monitoring_health" time="0.053" /><testcase classname="backend.tests.test_iteration84_oauth.TestRouteRegistration" name="test_all_auth_routes_registered" time="0.004" /></testsuite></testsuites>