<?xml version="1.0" encoding="utf-8"?><testsuites name="pytest tests"><testsuite name="pytest" errors="0" failures="1" skipped="0" tests="11" time="7.930" timestamp="2026-05-25T14:19:18.934217+00:00" hostname="agent-env-775dbe0a-65db-4e0a-a6c6-139aa0d4cc70"><testcase classname="backend.tests.test_iteration90_lifecycle_rag.TestLifecycleStatus" name="test_lifecycle_status" time="0.316" /><testcase classname="backend.tests.test_iteration90_lifecycle_rag.TestCronEndpoints" name="test_trial_reminders_no_auth" time="0.111" /><testcase classname="backend.tests.test_iteration90_lifecycle_rag.TestCronEndpoints" name="test_drip_sequence_returns_by_stage" time="0.134" /><testcase classname="backend.tests.test_iteration90_lifecycle_rag.TestCronEndpoints" name="test_drip_sequence_idempotent" time="2.259" /><testcase classname="backend.tests.test_iteration90_lifecycle_rag.TestRegisterWelcomeEmail" name="test_register_fires_signup_welcome" time="1.166" /><testcase classname="backend.tests.test_iteration90_lifecycle_rag.TestAdminRag" name="test_rag_enrich_metadata_dry_run" time="1.682" /><testcase classname="backend.tests.test_iteration90_lifecycle_rag.TestAdminRag" name="test_rag_corpus_stats_no_unknown" time="0.622" /><testcase classname="backend.tests.test_iteration90_lifecycle_rag.TestAdminRag" name="test_rag_debug_no_unknown_in_coverage" time="0.750"><failure message="AssertionError: 'unknown' present in coverage.courses: ['unknown']&#10;assert 'unknown' not in {'unknown': 5}">backend/tests/test_iteration90_lifecycle_rag.py:193: in test_rag_debug_no_unknown_in_coverage
    assert "unknown" not in cov_courses, (
E   AssertionError: 'unknown' present in coverage.courses: ['unknown']
E   assert 'unknown' not in {'unknown': 5}</failure></testcase><testcase classname="backend.tests.test_iteration90_lifecycle_rag.TestLearningVideosAdmin" name="test_list_learning_videos" time="0.118" /><testcase classname="backend.tests.test_iteration90_lifecycle_rag.TestLearningVideosAdmin" name="test_update_and_reset_vimeo_id" time="0.487" /><testcase classname="backend.tests.test_iteration90_lifecycle_rag.TestMyPathVideos" name="test_videos_has_video_and_ready_count" time="0.119" /></testsuite></testsuites>