<?xml version="1.0" encoding="utf-8"?><testsuites name="pytest tests"><testsuite name="pytest" errors="0" failures="0" skipped="0" tests="9" time="1.844" timestamp="2026-04-20T14:42:10.970312+00:00" hostname="agent-env-775dbe0a-65db-4e0a-a6c6-139aa0d4cc70"><testcase classname="backend.tests.test_iteration57_tiers.TestPackages" name="test_packages_returns_5_with_tier_and_billing" time="0.272" /><testcase classname="backend.tests.test_iteration57_tiers.TestTierMatrix" name="test_tiers_returns_4_with_features" time="0.059" /><testcase classname="backend.tests.test_iteration57_tiers.TestTierMatrix" name="test_video_analysis_only_for_accelerator" time="0.051" /><testcase classname="backend.tests.test_iteration57_tiers.TestUserTier" name="test_user_tier_requires_auth" time="0.052" /><testcase classname="backend.tests.test_iteration57_tiers.TestUserTier" name="test_user_tier_returns_resolved_info" time="0.399" /><testcase classname="backend.tests.test_iteration57_tiers.TestVideoGate" name="test_video_analyze_returns_402_for_free_user" time="0.247" /><testcase classname="backend.tests.test_iteration57_tiers.TestCheckoutInstallment" name="test_checkout_accelerator_installment_creates_session" time="0.560" /><testcase classname="backend.tests.test_iteration57_tiers.TestInstallmentNext" name="test_installment_next_404_without_active_plan" time="0.058" /><testcase classname="backend.tests.test_iteration57_tiers.TestCronInstallments" name="test_cron_installments_due_runs" time="0.056" /></testsuite></testsuites>