<?xml version="1.0" encoding="utf-8"?><testsuites name="pytest tests"><testsuite name="pytest" errors="0" failures="0" skipped="0" tests="15" time="23.058" timestamp="2026-04-20T13:19:22.564142+00:00" hostname="agent-env-775dbe0a-65db-4e0a-a6c6-139aa0d4cc70"><testcase classname="backend.tests.test_iteration56_voice_loaders" name="test_health" time="0.248" /><testcase classname="backend.tests.test_iteration56_voice_loaders" name="test_daily_checkin_text" time="4.399" /><testcase classname="backend.tests.test_iteration56_voice_loaders" name="test_daily_checkin_voice_type" time="4.405" /><testcase classname="backend.tests.test_iteration56_voice_loaders" name="test_daily_checkin_list" time="0.048" /><testcase classname="backend.tests.test_iteration56_voice_loaders" name="test_daily_checkin_today" time="0.047" /><testcase classname="backend.tests.test_iteration56_voice_loaders" name="test_voice_transcribe_requires_auth" time="0.165" /><testcase classname="backend.tests.test_iteration56_voice_loaders" name="test_voice_transcribe_endpoint_exists" time="0.048" /><testcase classname="backend.tests.test_iteration56_voice_loaders" name="test_challengers_list" time="0.045" /><testcase classname="backend.tests.test_iteration56_voice_loaders" name="test_challenger_start_and_message" time="13.224" /><testcase classname="backend.tests.test_iteration56_voice_loaders" name="test_challenge30_quiz_submit" time="0.059" /><testcase classname="backend.tests.test_iteration56_voice_loaders" name="test_email_reminders_status" time="0.045" /><testcase classname="backend.tests.test_iteration56_voice_loaders" name="test_cron_event_reminders" time="0.048" /><testcase classname="backend.tests.test_iteration56_voice_loaders" name="test_send_test_reminder_when_disabled" time="0.101" /><testcase classname="backend.tests.test_iteration56_voice_loaders" name="test_dashboard_has_xp_info" time="0.064" /><testcase classname="backend.tests.test_iteration56_voice_loaders" name="test_xp_info_endpoint" time="0.047" /></testsuite></testsuites>