<?xml version="1.0" encoding="utf-8"?><testsuites name="pytest tests"><testsuite name="pytest" errors="0" failures="0" skipped="0" tests="14" time="4.866" timestamp="2026-04-14T23:37:04.449455+00:00" hostname="agent-env-775dbe0a-65db-4e0a-a6c6-139aa0d4cc70"><testcase classname="tests.test_quiz_bank_and_challenge30.TestQuizBankStructure" name="test_quiz_bank_has_30_days" time="0.001" /><testcase classname="tests.test_quiz_bank_and_challenge30.TestQuizBankStructure" name="test_each_day_has_10_questions" time="0.000" /><testcase classname="tests.test_quiz_bank_and_challenge30.TestQuizBankStructure" name="test_total_300_questions" time="0.000" /><testcase classname="tests.test_quiz_bank_and_challenge30.TestQuizBankStructure" name="test_valid_question_types" time="0.000" /><testcase classname="tests.test_quiz_bank_and_challenge30.TestQuizBankStructure" name="test_mc_questions_have_required_fields" time="0.000" /><testcase classname="tests.test_quiz_bank_and_challenge30.TestQuizBankStructure" name="test_coach_action_questions_have_path" time="0.000" /><testcase classname="tests.test_quiz_bank_and_challenge30.TestQuizBankStructure" name="test_all_questions_have_explanation" time="0.000" /><testcase classname="tests.test_quiz_bank_and_challenge30.TestQuizBankStructure" name="test_days_11_to_30_have_unique_content" time="0.000" /><testcase classname="tests.test_quiz_bank_and_challenge30.TestChallenge30API" name="test_challenge_status_endpoint" time="1.684" /><testcase classname="tests.test_quiz_bank_and_challenge30.TestChallenge30API" name="test_quiz_endpoint_day_1" time="0.635" /><testcase classname="tests.test_quiz_bank_and_challenge30.TestChallenge30API" name="test_quiz_endpoint_day_15" time="0.614" /><testcase classname="tests.test_quiz_bank_and_challenge30.TestChallenge30API" name="test_quiz_endpoint_day_30" time="0.613" /><testcase classname="tests.test_quiz_bank_and_challenge30.TestChallenge30API" name="test_quiz_endpoint_invalid_day" time="0.647" /><testcase classname="tests.test_quiz_bank_and_challenge30.TestChallenge30API" name="test_quiz_endpoint_day_0" time="0.611" /></testsuite></testsuites>