<?xml version="1.0" encoding="utf-8"?><testsuites name="pytest tests"><testsuite name="pytest" errors="0" failures="0" skipped="0" tests="28" time="10.540" timestamp="2026-04-12T10:26:25.782515+00:00" hostname="agent-env-775dbe0a-65db-4e0a-a6c6-139aa0d4cc70"><testcase classname="tests.test_iteration19_payments_wladhub.TestPaymentPackages" name="test_get_packages_returns_3_packages" time="0.303" /><testcase classname="tests.test_iteration19_payments_wladhub.TestPaymentPackages" name="test_packages_have_correct_ids" time="0.047" /><testcase classname="tests.test_iteration19_payments_wladhub.TestPaymentPackages" name="test_premium_package_amount" time="0.044" /><testcase classname="tests.test_iteration19_payments_wladhub.TestPaymentPackages" name="test_starter_package_amount" time="0.043" /><testcase classname="tests.test_iteration19_payments_wladhub.TestPaymentPackages" name="test_enterprise_package_amount" time="0.043" /><testcase classname="tests.test_iteration19_payments_wladhub.TestPaymentPackages" name="test_packages_have_required_fields" time="0.082" /><testcase classname="tests.test_iteration19_payments_wladhub.TestPaymentCheckout" name="test_checkout_without_auth_returns_401" time="0.134" /><testcase classname="tests.test_iteration19_payments_wladhub.TestPaymentCheckout" name="test_checkout_with_invalid_package_returns_400" time="0.313" /><testcase classname="tests.test_iteration19_payments_wladhub.TestPaymentCheckout" name="test_checkout_premium_creates_session" time="0.536" /><testcase classname="tests.test_iteration19_payments_wladhub.TestPaymentCheckout" name="test_checkout_starter_creates_session" time="0.460" /><testcase classname="tests.test_iteration19_payments_wladhub.TestPaymentCheckout" name="test_checkout_enterprise_creates_session" time="0.403" /><testcase classname="tests.test_iteration19_payments_wladhub.TestWladHub3Layer" name="test_3layer_without_auth_returns_401" time="0.137" /><testcase classname="tests.test_iteration19_payments_wladhub.TestWladHub3Layer" name="test_3layer_returns_scores" time="0.045" /><testcase classname="tests.test_iteration19_payments_wladhub.TestWladHub3Layer" name="test_3layer_returns_additional_fields" time="0.044" /><testcase classname="tests.test_iteration19_payments_wladhub.TestWladHubSync" name="test_sync_without_auth_returns_401" time="0.134" /><testcase classname="tests.test_iteration19_payments_wladhub.TestWladHubSync" name="test_sync_returns_status" time="0.046" /><testcase classname="tests.test_iteration19_payments_wladhub.TestWladHubDiagnosis" name="test_diagnosis_without_auth_returns_401" time="0.144" /><testcase classname="tests.test_iteration19_payments_wladhub.TestWladHubDiagnosis" name="test_diagnosis_returns_data" time="0.045" /><testcase classname="tests.test_iteration19_payments_wladhub.TestWladHubImport" name="test_import_without_auth_returns_401" time="0.108" /><testcase classname="tests.test_iteration19_payments_wladhub.TestWladHubImport" name="test_import_with_extended_fields" time="0.052" /><testcase classname="tests.test_iteration19_payments_wladhub.TestWladHubImport" name="test_import_updates_user_wladhub_scores" time="0.129" /><testcase classname="tests.test_iteration19_payments_wladhub.TestPaymentHistory" name="test_payment_history_without_auth_returns_401" time="0.097" /><testcase classname="tests.test_iteration19_payments_wladhub.TestPaymentHistory" name="test_payment_history_returns_list" time="0.045" /><testcase classname="tests.test_iteration19_payments_wladhub.TestExistingEndpointsRegression" name="test_login_works" time="0.267" /><testcase classname="tests.test_iteration19_payments_wladhub.TestExistingEndpointsRegression" name="test_dashboard_works" time="0.056" /><testcase classname="tests.test_iteration19_payments_wladhub.TestExistingEndpointsRegression" name="test_chat_works" time="6.593" /><testcase classname="tests.test_iteration19_payments_wladhub.TestExistingEndpointsRegression" name="test_playbooks_works" time="0.049" /><testcase classname="tests.test_iteration19_payments_wladhub.TestExistingEndpointsRegression" name="test_tools_works" time="0.045" /></testsuite></testsuites>