<?xml version="1.0" encoding="utf-8"?><testsuites name="pytest tests"><testsuite name="pytest" errors="0" failures="0" skipped="0" tests="16" time="12.916" timestamp="2026-04-09T19:37:25.198706+00:00" hostname="agent-env-775dbe0a-65db-4e0a-a6c6-139aa0d4cc70"><testcase classname="backend.tests.test_mvp_final.TestAuthentication" name="test_login_success" time="0.404" /><testcase classname="backend.tests.test_mvp_final.TestAuthentication" name="test_login_invalid_credentials" time="0.131" /><testcase classname="backend.tests.test_mvp_final.TestDashboard" name="test_dashboard_v4" time="0.475" /><testcase classname="backend.tests.test_mvp_final.TestDashboard" name="test_leader_score" time="0.500" /><testcase classname="backend.tests.test_mvp_final.TestDailyCheckin" name="test_daily_checkin_post" time="3.204" /><testcase classname="backend.tests.test_mvp_final.TestDailyCheckin" name="test_daily_checkin_get_history" time="0.499" /><testcase classname="backend.tests.test_mvp_final.TestDailyCheckin" name="test_daily_checkin_today" time="0.486" /><testcase classname="backend.tests.test_mvp_final.TestVideoChallenge" name="test_get_video_challenges" time="0.498" /><testcase classname="backend.tests.test_mvp_final.TestSimulations" name="test_get_scenarios" time="3.150" /><testcase classname="backend.tests.test_mvp_final.TestTools" name="test_get_tools" time="0.512" /><testcase classname="backend.tests.test_mvp_final.TestChallengers" name="test_get_challengers" time="0.663" /><testcase classname="backend.tests.test_mvp_final.TestPlaybooks" name="test_get_playbooks" time="0.456" /><testcase classname="backend.tests.test_mvp_final.TestEvents" name="test_get_events" time="0.457" /><testcase classname="backend.tests.test_mvp_final.TestProgress" name="test_get_progress" time="0.479" /><testcase classname="backend.tests.test_mvp_final.TestAgentScenarios" name="test_get_agent_scenarios" time="0.472" /><testcase classname="backend.tests.test_mvp_final.TestChatSessions" name="test_get_chat_sessions" time="0.448" /></testsuite></testsuites>