<?xml version="1.0" encoding="utf-8"?><testsuites name="pytest tests"><testsuite name="pytest" errors="0" failures="0" skipped="0" tests="17" time="3.265" timestamp="2026-05-07T11:45:34.482554+00:00" hostname="agent-env-775dbe0a-65db-4e0a-a6c6-139aa0d4cc70"><testcase classname="backend.tests.test_iteration74_pricing.TestPackages" name="test_packages_contains_4_keys" time="0.408" /><testcase classname="backend.tests.test_iteration74_pricing.TestPackages" name="test_leadership_os_amount" time="0.072" /><testcase classname="backend.tests.test_iteration74_pricing.TestPackages" name="test_installment_amounts" time="0.072" /><testcase classname="backend.tests.test_iteration74_pricing.TestPackages" name="test_plus_amount" time="0.077" /><testcase classname="backend.tests.test_iteration74_pricing.TestEnterpriseQuote" name="test_quote_20_seats" time="0.072" /><testcase classname="backend.tests.test_iteration74_pricing.TestEnterpriseQuote" name="test_quote_200_seats_50pct" time="0.070" /><testcase classname="backend.tests.test_iteration74_pricing.TestEnterpriseQuote" name="test_quote_seats_zero_400" time="0.074" /><testcase classname="backend.tests.test_iteration74_pricing.TestEnterpriseQuote" name="test_quote_seats_too_high_400" time="0.070" /><testcase classname="backend.tests.test_iteration74_pricing.TestEnterpriseQuote" name="test_quote_volume_tiers" time="0.579" /><testcase classname="backend.tests.test_iteration74_pricing.TestEnterpriseLead" name="test_lead_create" time="0.380" /><testcase classname="backend.tests.test_iteration74_pricing.TestEnterpriseLead" name="test_lead_missing_required_fields" time="0.070" /><testcase classname="backend.tests.test_iteration74_pricing.TestEnterpriseLead" name="test_lead_seats_zero" time="0.069" /><testcase classname="backend.tests.test_iteration74_pricing.TestCheckout" name="test_checkout_leadership_os" time="0.863" /><testcase classname="backend.tests.test_iteration74_pricing.TestTierRegression" name="test_user_tier_standard" time="0.075" /><testcase classname="backend.tests.test_iteration74_pricing.TestTierRegression" name="test_tiers_endpoint" time="0.071" /><testcase classname="backend.tests.test_iteration74_pricing.TestHealth" name="test_health" time="0.072" /><testcase classname="backend.tests.test_iteration74_pricing.TestHealth" name="test_events_list" time="0.096" /></testsuite></testsuites>