<?xml version="1.0" encoding="utf-8"?><testsuites name="pytest tests"><testsuite name="pytest" errors="0" failures="0" skipped="0" tests="31" time="3.133" timestamp="2026-04-10T09:48:49.957822+00:00" hostname="agent-env-775dbe0a-65db-4e0a-a6c6-139aa0d4cc70"><testcase classname="backend.tests.test_iteration14.TestRootAndHealth" name="test_root_returns_v5_message" time="0.236" /><testcase classname="backend.tests.test_iteration14.TestAuth" name="test_login_success" time="0.337" /><testcase classname="backend.tests.test_iteration14.TestAuth" name="test_login_invalid_credentials" time="0.046" /><testcase classname="backend.tests.test_iteration14.TestDashboardV4" name="test_dashboard_v4_returns_leader_score" time="0.383" /><testcase classname="backend.tests.test_iteration14.TestDashboardV4" name="test_dashboard_v4_returns_streak" time="0.056" /><testcase classname="backend.tests.test_iteration14.TestDashboardV4" name="test_dashboard_v4_returns_what_matters_today" time="0.055" /><testcase classname="backend.tests.test_iteration14.TestDashboardV4" name="test_dashboard_v4_returns_weekly_activity" time="0.050" /><testcase classname="backend.tests.test_iteration14.TestLeaderScore" name="test_leader_score_returns_composite" time="0.047" /><testcase classname="backend.tests.test_iteration14.TestLeaderScore" name="test_leader_score_returns_weekly_activity" time="0.047" /><testcase classname="backend.tests.test_iteration14.TestLeaderScore" name="test_leader_score_returns_streak" time="0.086" /><testcase classname="backend.tests.test_iteration14.TestActivityLog" name="test_activity_log_returns_array" time="0.046" /><testcase classname="backend.tests.test_iteration14.TestActivityLog" name="test_activity_log_structure" time="0.084" /><testcase classname="backend.tests.test_iteration14.TestScoreHistory" name="test_score_history_returns_array" time="0.044" /><testcase classname="backend.tests.test_iteration14.TestScoreHistory" name="test_score_history_structure" time="0.059" /><testcase classname="backend.tests.test_iteration14.TestUserMemory" name="test_user_memory_returns_text" time="0.049" /><testcase classname="backend.tests.test_iteration14.TestTasksCRUD" name="test_create_task" time="0.048" /><testcase classname="backend.tests.test_iteration14.TestTasksCRUD" name="test_get_tasks" time="0.082" /><testcase classname="backend.tests.test_iteration14.TestTasksCRUD" name="test_complete_task_increases_xp" time="0.310" /><testcase classname="backend.tests.test_iteration14.TestTasksCRUD" name="test_activity_log_records_task_completed" time="0.225" /><testcase classname="backend.tests.test_iteration14.TestTasksCRUD" name="test_delete_task" time="0.088" /><testcase classname="backend.tests.test_iteration14.TestSimulations" name="test_simulations_scenarios_returns_12" time="0.044" /><testcase classname="backend.tests.test_iteration14.TestEvents" name="test_events_returns_12" time="0.044" /><testcase classname="backend.tests.test_iteration14.TestChallengers" name="test_challengers_returns_8" time="0.042" /><testcase classname="backend.tests.test_iteration14.TestTools" name="test_tools_returns_7" time="0.082" /><testcase classname="backend.tests.test_iteration14.TestVideoChallenges" name="test_video_challenges_returns_4" time="0.041" /><testcase classname="backend.tests.test_iteration14.TestPlaybooks" name="test_playbooks_returns_5" time="0.042" /><testcase classname="backend.tests.test_iteration14.TestDailyCheckin" name="test_daily_checkin_today" time="0.085" /><testcase classname="backend.tests.test_iteration14.TestProgress" name="test_progress_returns_user_stats" time="0.045" /><testcase classname="backend.tests.test_iteration14.TestLeaderboard" name="test_leaderboard_returns_users_sorted_by_xp" time="0.044" /><testcase classname="backend.tests.test_iteration14.TestChatSessions" name="test_chat_sessions_list" time="0.043" /><testcase classname="backend.tests.test_iteration14.TestCleanup" name="test_cleanup_test_tasks" time="0.127" /></testsuite></testsuites>