<?xml version="1.0" encoding="utf-8"?><testsuites name="pytest tests"><testsuite name="pytest" errors="0" failures="0" skipped="0" tests="18" time="6.228" timestamp="2026-04-15T19:21:30.009514+00:00" hostname="agent-env-775dbe0a-65db-4e0a-a6c6-139aa0d4cc70"><testcase classname="backend.tests.test_iteration50_botmascot.TestBackendAPIs" name="test_dashboard_v4_returns_200" time="0.498" /><testcase classname="backend.tests.test_iteration50_botmascot.TestBackendAPIs" name="test_dashboard_v4_has_challenge30_summary" time="0.426" /><testcase classname="backend.tests.test_iteration50_botmascot.TestBackendAPIs" name="test_dashboard_v4_has_leader_score" time="0.413" /><testcase classname="backend.tests.test_iteration50_botmascot.TestBackendAPIs" name="test_dashboard_v4_has_weekly_activity" time="0.396" /><testcase classname="backend.tests.test_iteration50_botmascot.TestBackendAPIs" name="test_my_path_returns_200" time="0.386" /><testcase classname="backend.tests.test_iteration50_botmascot.TestBackendAPIs" name="test_my_path_has_5_levels" time="0.417" /><testcase classname="backend.tests.test_iteration50_botmascot.TestBackendAPIs" name="test_my_path_has_german_level_names" time="0.429" /><testcase classname="backend.tests.test_iteration50_botmascot.TestBackendAPIs" name="test_my_path_has_certificates" time="0.386" /><testcase classname="backend.tests.test_iteration50_botmascot.TestBackendAPIs" name="test_my_path_levels_have_complete_structure" time="0.391" /><testcase classname="backend.tests.test_iteration50_botmascot.TestBackendAPIs" name="test_credits_returns_200" time="0.392" /><testcase classname="backend.tests.test_iteration50_botmascot.TestBackendAPIs" name="test_credits_has_balance" time="0.394" /><testcase classname="backend.tests.test_iteration50_botmascot.TestBackendAPIs" name="test_credits_has_limit_for_free_users" time="0.386" /><testcase classname="backend.tests.test_iteration50_botmascot.TestBackendAPIs" name="test_credits_has_is_premium" time="0.416" /><testcase classname="backend.tests.test_iteration50_botmascot.TestAuthenticationRequired" name="test_dashboard_v4_requires_auth" time="0.138" /><testcase classname="backend.tests.test_iteration50_botmascot.TestAuthenticationRequired" name="test_my_path_requires_auth" time="0.121" /><testcase classname="backend.tests.test_iteration50_botmascot.TestAuthenticationRequired" name="test_credits_requires_auth" time="0.115" /><testcase classname="backend.tests.test_iteration50_botmascot.TestLoginEndpoint" name="test_login_success" time="0.336" /><testcase classname="backend.tests.test_iteration50_botmascot.TestLoginEndpoint" name="test_login_invalid_credentials" time="0.119" /></testsuite></testsuites>