<?xml version="1.0" encoding="utf-8"?><testsuites name="pytest tests"><testsuite name="pytest" errors="0" failures="0" skipped="0" tests="8" time="2.194" timestamp="2026-04-17T12:30:22.648721+00:00" hostname="agent-env-775dbe0a-65db-4e0a-a6c6-139aa0d4cc70"><testcase classname="backend.tests.test_iteration55_brand_colors.TestBackendAPIs" name="test_health_endpoint" time="0.183" /><testcase classname="backend.tests.test_iteration55_brand_colors.TestBackendAPIs" name="test_login_endpoint" time="0.345" /><testcase classname="backend.tests.test_iteration55_brand_colors.TestBackendAPIs" name="test_dashboard_endpoint" time="0.405" /><testcase classname="backend.tests.test_iteration55_brand_colors.TestBackendAPIs" name="test_credits_endpoint" time="0.411" /><testcase classname="backend.tests.test_iteration55_brand_colors.TestBackendAPIs" name="test_events_endpoint" time="0.171" /><testcase classname="backend.tests.test_iteration55_brand_colors.TestBackendAPIs" name="test_my_path_endpoint" time="0.389" /><testcase classname="backend.tests.test_iteration55_brand_colors.TestBackendAPIs" name="test_video_challenges_endpoint" time="0.116" /><testcase classname="backend.tests.test_iteration55_brand_colors.TestBackendAPIs" name="test_payments_packages_endpoint" time="0.102" /></testsuite></testsuites>