<?xml version="1.0" encoding="utf-8"?><testsuites name="pytest tests"><testsuite name="pytest" errors="0" failures="0" skipped="0" tests="37" time="17.195" timestamp="2026-04-12T22:44:58.666182+00:00" hostname="agent-env-775dbe0a-65db-4e0a-a6c6-139aa0d4cc70"><testcase classname="backend.tests.test_iteration29_quiz_bank.TestQuizBankStructure" name="test_day_1_returns_10_questions" time="0.576" /><testcase classname="backend.tests.test_iteration29_quiz_bank.TestQuizBankStructure" name="test_day_1_question_types" time="0.399" /><testcase classname="backend.tests.test_iteration29_quiz_bank.TestQuizBankStructure" name="test_day_1_no_correct_answers_exposed" time="0.409" /><testcase classname="backend.tests.test_iteration29_quiz_bank.TestQuizBankStructure" name="test_day_4_returns_10_questions_mixed_types" time="0.424" /><testcase classname="backend.tests.test_iteration29_quiz_bank.TestQuizBankStructure" name="test_day_4_coach_question_has_path" time="0.425" /><testcase classname="backend.tests.test_iteration29_quiz_bank.TestQuizBankStructure" name="test_day_4_action_question_has_path" time="0.436" /><testcase classname="backend.tests.test_iteration29_quiz_bank.TestQuizBankStructure" name="test_day_8_returns_10_questions" time="0.417" /><testcase classname="backend.tests.test_iteration29_quiz_bank.TestQuizBankStructure" name="test_day_8_mc_questions_have_options" time="0.401" /><testcase classname="backend.tests.test_iteration29_quiz_bank.TestQuizBankStructure" name="test_day_15_returns_10_questions" time="2.291" /><testcase classname="backend.tests.test_iteration29_quiz_bank.TestQuizBankStructure" name="test_day_15_no_correct_answers_exposed" time="0.406" /><testcase classname="backend.tests.test_iteration29_quiz_bank.TestQuizBankStructure" name="test_day_30_returns_10_questions" time="0.373" /><testcase classname="backend.tests.test_iteration29_quiz_bank.TestQuizBankStructure" name="test_day_30_has_type_field" time="0.411" /><testcase classname="backend.tests.test_iteration29_quiz_bank.TestQuizSubmission" name="test_submit_quiz_day_4_with_answers" time="0.446" /><testcase classname="backend.tests.test_iteration29_quiz_bank.TestQuizSubmission" name="test_quiz_results_include_explanations" time="0.413" /><testcase classname="backend.tests.test_iteration29_quiz_bank.TestQuizSubmission" name="test_coach_action_questions_validated" time="0.418" /><testcase classname="backend.tests.test_iteration29_quiz_bank.TestAllDaysHave10Questions" name="test_week_1_2_days_have_10_questions[1]" time="0.387" /><testcase classname="backend.tests.test_iteration29_quiz_bank.TestAllDaysHave10Questions" name="test_week_1_2_days_have_10_questions[2]" time="0.417" /><testcase classname="backend.tests.test_iteration29_quiz_bank.TestAllDaysHave10Questions" name="test_week_1_2_days_have_10_questions[3]" time="0.459" /><testcase classname="backend.tests.test_iteration29_quiz_bank.TestAllDaysHave10Questions" name="test_week_1_2_days_have_10_questions[4]" time="0.416" /><testcase classname="backend.tests.test_iteration29_quiz_bank.TestAllDaysHave10Questions" name="test_week_1_2_days_have_10_questions[5]" time="0.397" /><testcase classname="backend.tests.test_iteration29_quiz_bank.TestAllDaysHave10Questions" name="test_week_1_2_days_have_10_questions[6]" time="0.385" /><testcase classname="backend.tests.test_iteration29_quiz_bank.TestAllDaysHave10Questions" name="test_week_1_2_days_have_10_questions[7]" time="0.376" /><testcase classname="backend.tests.test_iteration29_quiz_bank.TestAllDaysHave10Questions" name="test_week_1_2_days_have_10_questions[8]" time="0.380" /><testcase classname="backend.tests.test_iteration29_quiz_bank.TestAllDaysHave10Questions" name="test_week_1_2_days_have_10_questions[9]" time="0.371" /><testcase classname="backend.tests.test_iteration29_quiz_bank.TestAllDaysHave10Questions" name="test_week_1_2_days_have_10_questions[10]" time="0.376" /><testcase classname="backend.tests.test_iteration29_quiz_bank.TestAllDaysHave10Questions" name="test_sample_days_have_10_questions[11]" time="0.461" /><testcase classname="backend.tests.test_iteration29_quiz_bank.TestAllDaysHave10Questions" name="test_sample_days_have_10_questions[15]" time="0.384" /><testcase classname="backend.tests.test_iteration29_quiz_bank.TestAllDaysHave10Questions" name="test_sample_days_have_10_questions[20]" time="0.381" /><testcase classname="backend.tests.test_iteration29_quiz_bank.TestAllDaysHave10Questions" name="test_sample_days_have_10_questions[25]" time="0.394" /><testcase classname="backend.tests.test_iteration29_quiz_bank.TestAllDaysHave10Questions" name="test_sample_days_have_10_questions[30]" time="0.376" /><testcase classname="backend.tests.test_iteration29_quiz_bank.TestQuestionTypeDistribution" name="test_day_2_has_coach_and_action" time="0.393" /><testcase classname="backend.tests.test_iteration29_quiz_bank.TestQuestionTypeDistribution" name="test_day_9_has_coach_and_action" time="0.381" /><testcase classname="backend.tests.test_iteration29_quiz_bank.TestQuestionTypeDistribution" name="test_generated_days_have_coach_and_action" time="0.582" /><testcase classname="backend.tests.test_iteration29_quiz_bank.TestChallengeStatus" name="test_status_returns_30_challenges" time="0.373" /><testcase classname="backend.tests.test_iteration29_quiz_bank.TestChallengeStatus" name="test_challenges_have_week_field" time="0.418" /><testcase classname="backend.tests.test_iteration29_quiz_bank.TestLoginAndDashboard" name="test_login_works" time="0.360" /><testcase classname="backend.tests.test_iteration29_quiz_bank.TestLoginAndDashboard" name="test_dashboard_loads" time="0.387" /></testsuite></testsuites>