<?xml version="1.0" encoding="utf-8"?><testsuites name="pytest tests"><testsuite name="pytest" errors="0" failures="0" skipped="0" tests="11" time="28.510" timestamp="2026-04-10T07:58:15.745392+00:00" hostname="agent-env-775dbe0a-65db-4e0a-a6c6-139aa0d4cc70"><testcase classname="backend.tests.test_iteration10.TestAuth" name="test_login_success" time="0.475" /><testcase classname="backend.tests.test_iteration10.TestChallengers" name="test_get_challengers_list" time="0.453" /><testcase classname="backend.tests.test_iteration10.TestChallengers" name="test_start_challenger" time="3.817" /><testcase classname="backend.tests.test_iteration10.TestChallengers" name="test_send_challenger_message" time="15.942" /><testcase classname="backend.tests.test_iteration10.TestChallengers" name="test_get_challengers_history" time="0.125" /><testcase classname="backend.tests.test_iteration10.TestPlaybooks" name="test_get_playbooks_list" time="0.434" /><testcase classname="backend.tests.test_iteration10.TestPlaybooks" name="test_start_playbook" time="0.107" /><testcase classname="backend.tests.test_iteration10.TestPlaybooks" name="test_playbook_step" time="5.595" /><testcase classname="backend.tests.test_iteration10.TestVideoChallenges" name="test_get_video_challenges_list" time="0.486" /><testcase classname="backend.tests.test_iteration10.TestVoiceTranscription" name="test_voice_transcribe_endpoint_exists" time="0.469" /><testcase classname="backend.tests.test_iteration10.TestDashboard" name="test_get_dashboard" time="0.516" /></testsuite></testsuites>