<?xml version="1.0" encoding="utf-8"?><testsuites name="pytest tests"><testsuite name="pytest" errors="0" failures="0" skipped="0" tests="9" time="2.628" timestamp="2026-04-13T08:58:39.330124+00:00" hostname="agent-env-775dbe0a-65db-4e0a-a6c6-139aa0d4cc70"><testcase classname="backend.tests.test_iteration34_landing_update.TestIteration34LandingUpdate" name="test_auth_login_works" time="0.389" /><testcase classname="backend.tests.test_iteration34_landing_update.TestIteration34LandingUpdate" name="test_video_challenges_returns_16_missions" time="0.116" /><testcase classname="backend.tests.test_iteration34_landing_update.TestIteration34LandingUpdate" name="test_playbooks_returns_8_workflows" time="0.099" /><testcase classname="backend.tests.test_iteration34_landing_update.TestIteration34LandingUpdate" name="test_playbooks_have_correct_structure" time="0.100" /><testcase classname="backend.tests.test_iteration34_landing_update.TestIteration34LandingUpdate" name="test_challenge30_status_endpoint" time="0.438" /><testcase classname="backend.tests.test_iteration34_landing_update.TestIteration34LandingUpdate" name="test_challenge30_quiz_endpoint" time="0.426" /><testcase classname="backend.tests.test_iteration34_landing_update.TestIteration34LandingUpdate" name="test_dashboard_v4_endpoint" time="0.451" /><testcase classname="backend.tests.test_iteration34_landing_update.TestIteration34LandingUpdate" name="test_new_playbooks_content" time="0.100" /><testcase classname="backend.tests.test_iteration34_landing_update.TestIteration34LandingUpdate" name="test_auth_me_endpoint" time="0.449" /></testsuite></testsuites>