<?xml version="1.0" encoding="utf-8"?><testsuites name="pytest tests"><testsuite name="pytest" errors="0" failures="0" skipped="0" tests="16" time="5.979" timestamp="2026-04-12T21:11:05.811699+00:00" hostname="agent-env-775dbe0a-65db-4e0a-a6c6-139aa0d4cc70"><testcase classname="backend.tests.test_iteration27_wladhub_alignment.TestPaymentsPackages" name="test_packages_endpoint_returns_3_packages" time="0.161" /><testcase classname="backend.tests.test_iteration27_wladhub_alignment.TestPaymentsPackages" name="test_standard_package_price_997" time="0.106" /><testcase classname="backend.tests.test_iteration27_wladhub_alignment.TestPaymentsPackages" name="test_accelerator_package_price_4997" time="0.147" /><testcase classname="backend.tests.test_iteration27_wladhub_alignment.TestPaymentsPackages" name="test_enterprise_package_price_2497" time="0.132" /><testcase classname="backend.tests.test_iteration27_wladhub_alignment.TestChallenge30Structure" name="test_challenge30_returns_30_challenges" time="0.485" /><testcase classname="backend.tests.test_iteration27_wladhub_alignment.TestChallenge30Structure" name="test_all_challenges_have_week_field" time="0.479" /><testcase classname="backend.tests.test_iteration27_wladhub_alignment.TestChallenge30Structure" name="test_all_challenges_have_agent_field" time="0.466" /><testcase classname="backend.tests.test_iteration27_wladhub_alignment.TestChallenge30Structure" name="test_week1_days_1_to_7" time="0.454" /><testcase classname="backend.tests.test_iteration27_wladhub_alignment.TestChallenge30Structure" name="test_week2_days_8_to_14" time="0.464" /><testcase classname="backend.tests.test_iteration27_wladhub_alignment.TestChallenge30Structure" name="test_week3_days_15_to_21" time="0.454" /><testcase classname="backend.tests.test_iteration27_wladhub_alignment.TestChallenge30Structure" name="test_week4_days_22_to_30" time="0.485" /><testcase classname="backend.tests.test_iteration27_wladhub_alignment.TestChallenge30Structure" name="test_all_6_wladhub_agents_present" time="0.461" /><testcase classname="backend.tests.test_iteration27_wladhub_alignment.TestChallenge30Structure" name="test_all_challenges_have_german_titles" time="0.467" /><testcase classname="backend.tests.test_iteration27_wladhub_alignment.TestAuthentication" name="test_login_with_test_credentials" time="0.340" /><testcase classname="backend.tests.test_iteration27_wladhub_alignment.TestAuthentication" name="test_login_invalid_credentials_fails" time="0.352" /><testcase classname="backend.tests.test_iteration27_wladhub_alignment.TestDashboard" name="test_dashboard_v4_loads" time="0.455" /></testsuite></testsuites>