<?xml version="1.0" encoding="utf-8"?><testsuites name="pytest tests"><testsuite name="pytest" errors="0" failures="0" skipped="0" tests="13" time="5.451" timestamp="2026-04-15T19:40:53.687128+00:00" hostname="agent-env-775dbe0a-65db-4e0a-a6c6-139aa0d4cc70"><testcase classname="backend.tests.test_iteration51_features.TestHealthAndRoot" name="test_api_root" time="0.282" /><testcase classname="backend.tests.test_iteration51_features.TestVideoMissions" name="test_video_challenges_returns_16_missions" time="0.181" /><testcase classname="backend.tests.test_iteration51_features.TestVideoMissions" name="test_video_challenges_structure" time="0.191" /><testcase classname="backend.tests.test_iteration51_features.TestAuthentication" name="test_login_success" time="0.452" /><testcase classname="backend.tests.test_iteration51_features.TestAuthentication" name="test_login_invalid_credentials" time="0.154" /><testcase classname="backend.tests.test_iteration51_features.TestAuthenticatedEndpoints" name="test_dashboard_v4_returns_data" time="0.515" /><testcase classname="backend.tests.test_iteration51_features.TestAuthenticatedEndpoints" name="test_dashboard_v4_requires_auth" time="0.539" /><testcase classname="backend.tests.test_iteration51_features.TestAuthenticatedEndpoints" name="test_my_path_returns_5_levels" time="0.514" /><testcase classname="backend.tests.test_iteration51_features.TestAuthenticatedEndpoints" name="test_my_path_requires_auth" time="0.482" /><testcase classname="backend.tests.test_iteration51_features.TestAuthenticatedEndpoints" name="test_credits_returns_balance" time="0.522" /><testcase classname="backend.tests.test_iteration51_features.TestAuthenticatedEndpoints" name="test_credits_requires_auth" time="0.487" /><testcase classname="backend.tests.test_iteration51_features.TestAuthenticatedEndpoints" name="test_ki_news_daily_returns_data" time="0.543" /><testcase classname="backend.tests.test_iteration51_features.TestAuthenticatedEndpoints" name="test_ki_news_daily_requires_auth" time="0.522" /></testsuite></testsuites>