<?xml version="1.0" encoding="utf-8"?><testsuites name="pytest tests"><testsuite name="pytest" errors="0" failures="0" skipped="0" tests="18" time="29.367" timestamp="2026-04-12T19:47:04.843302+00:00" hostname="agent-env-775dbe0a-65db-4e0a-a6c6-139aa0d4cc70"><testcase classname="backend.tests.test_iteration22_dashboard_redesign.TestAuthAndProfile" name="test_login_success" time="0.818" /><testcase classname="backend.tests.test_iteration22_dashboard_redesign.TestAuthAndProfile" name="test_auth_me_returns_user" time="0.380" /><testcase classname="backend.tests.test_iteration22_dashboard_redesign.TestAuthAndProfile" name="test_profile_update_position_company_industry" time="0.424" /><testcase classname="backend.tests.test_iteration22_dashboard_redesign.TestDashboardV4" name="test_dashboard_v4_returns_leader_score" time="0.408" /><testcase classname="backend.tests.test_iteration22_dashboard_redesign.TestDashboardV4" name="test_dashboard_v4_returns_user_with_profile" time="0.459" /><testcase classname="backend.tests.test_iteration22_dashboard_redesign.TestDashboardV4" name="test_dashboard_v4_returns_streak" time="0.427" /><testcase classname="backend.tests.test_iteration22_dashboard_redesign.TestDashboardV4" name="test_dashboard_v4_returns_weekly_activity" time="0.396" /><testcase classname="backend.tests.test_iteration22_dashboard_redesign.TestDashboardV4" name="test_dashboard_v4_returns_stats" time="0.390" /><testcase classname="backend.tests.test_iteration22_dashboard_redesign.TestDashboardV4" name="test_dashboard_v4_returns_what_matters" time="0.430" /><testcase classname="backend.tests.test_iteration22_dashboard_redesign.TestReferralSystem" name="test_referral_code_endpoint" time="0.400" /><testcase classname="backend.tests.test_iteration22_dashboard_redesign.TestReferralSystem" name="test_referral_leaderboard" time="0.377" /><testcase classname="backend.tests.test_iteration22_dashboard_redesign.TestWladHubScores" name="test_wladhub_scores_in_user" time="0.457" /><testcase classname="backend.tests.test_iteration22_dashboard_redesign.TestWladHubScores" name="test_wladhub_import_scores" time="0.406" /><testcase classname="backend.tests.test_iteration22_dashboard_redesign.TestEnterpriseEndpoints" name="test_enterprise_questions_de" time="0.374" /><testcase classname="backend.tests.test_iteration22_dashboard_redesign.TestEnterpriseEndpoints" name="test_enterprise_questions_en" time="0.373" /><testcase classname="backend.tests.test_iteration22_dashboard_redesign.TestPlaybooksEndpoint" name="test_playbooks_list" time="0.390" /><testcase classname="backend.tests.test_iteration22_dashboard_redesign.TestToolsEndpoint" name="test_tools_conversation_prep" time="21.971" /><testcase classname="backend.tests.test_iteration22_dashboard_redesign.TestOnboardingEndpoint" name="test_wladhub_onboarding" time="0.403" /></testsuite></testsuites>