<?xml version="1.0" encoding="utf-8"?><testsuites name="pytest tests"><testsuite name="pytest" errors="0" failures="0" skipped="0" tests="9" time="50.177" timestamp="2026-04-13T10:41:54.815294+00:00" hostname="agent-env-775dbe0a-65db-4e0a-a6c6-139aa0d4cc70"><testcase classname="backend.tests.test_iteration37_credits.TestCreditSystem" name="test_get_credits_returns_correct_structure" time="0.504" /><testcase classname="backend.tests.test_iteration37_credits.TestCreditSystem" name="test_free_user_starts_with_3_credits" time="0.074" /><testcase classname="backend.tests.test_iteration37_credits.TestCreditSystem" name="test_chat_deducts_1_credit" time="13.036" /><testcase classname="backend.tests.test_iteration37_credits.TestCreditSystem" name="test_chat_returns_402_when_no_credits" time="35.691" /><testcase classname="backend.tests.test_iteration37_credits.TestCreditSystem" name="test_quiz_returns_402_when_no_credits" time="0.134" /><testcase classname="backend.tests.test_iteration37_credits.TestLoginAndDashboard" name="test_login_success" time="0.431" /><testcase classname="backend.tests.test_iteration37_credits.TestLoginAndDashboard" name="test_dashboard_loads" time="0.058" /><testcase classname="backend.tests.test_iteration37_credits.TestLoginAndDashboard" name="test_enterprise_page_endpoint" time="0.043" /><testcase classname="backend.tests.test_iteration37_credits.TestCleanup" name="test_reset_credits_for_next_run" time="0.048" /></testsuite></testsuites>