<?xml version="1.0" encoding="utf-8"?><testsuites name="pytest tests"><testsuite name="pytest" errors="0" failures="2" skipped="0" tests="18" time="1.687" timestamp="2026-04-15T18:31:25.230527+00:00" hostname="agent-env-775dbe0a-65db-4e0a-a6c6-139aa0d4cc70"><testcase classname="backend.tests.test_iteration47_mypath_german.TestMyPathGermanLevels" name="test_my_path_returns_200" time="0.630" /><testcase classname="backend.tests.test_iteration47_mypath_german.TestMyPathGermanLevels" name="test_my_path_returns_5_levels" time="0.052" /><testcase classname="backend.tests.test_iteration47_mypath_german.TestMyPathGermanLevels" name="test_level_names_are_german" time="0.050" /><testcase classname="backend.tests.test_iteration47_mypath_german.TestMyPathGermanLevels" name="test_each_level_has_person_field" time="0.047" /><testcase classname="backend.tests.test_iteration47_mypath_german.TestMyPathGermanLevels" name="test_each_level_has_motto" time="0.049" /><testcase classname="backend.tests.test_iteration47_mypath_german.TestMyPathGermanLevels" name="test_each_level_has_description" time="0.047" /><testcase classname="backend.tests.test_iteration47_mypath_german.TestMyPathGermanLevels" name="test_each_level_has_certificate" time="0.050" /><testcase classname="backend.tests.test_iteration47_mypath_german.TestTestUserState" name="test_user_at_bezos_klasse" time="0.058" /><testcase classname="backend.tests.test_iteration47_mypath_german.TestTestUserState" name="test_user_has_1280_xp" time="0.053" /><testcase classname="backend.tests.test_iteration47_mypath_german.TestCertificates" name="test_certificates_array_exists" time="0.057" /><testcase classname="backend.tests.test_iteration47_mypath_german.TestCertificates" name="test_certificates_count" time="0.047" /><testcase classname="backend.tests.test_iteration47_mypath_german.TestCertificates" name="test_earned_certificates" time="0.053" /><testcase classname="backend.tests.test_iteration47_mypath_german.TestCertificates" name="test_current_certificate_in_progress" time="0.047" /><testcase classname="backend.tests.test_iteration47_mypath_german.TestCertificates" name="test_certificate_structure" time="0.050" /><testcase classname="backend.tests.test_iteration47_mypath_german.TestOtherAPIs" name="test_credits_api" time="0.056" /><testcase classname="backend.tests.test_iteration47_mypath_german.TestOtherAPIs" name="test_ki_news_api" time="0.046"><failure message="AssertionError: KI-News API failed: 404&#10;assert 404 == 200&#10; +  where 404 = &lt;Response [404]&gt;.status_code">backend/tests/test_iteration47_mypath_german.py:220: in test_ki_news_api
    assert response.status_code == 200, f"KI-News API failed: {response.status_code}"
E   AssertionError: KI-News API failed: 404
E   assert 404 == 200
E    +  where 404 = &lt;Response [404]&gt;.status_code</failure></testcase><testcase classname="backend.tests.test_iteration47_mypath_german.TestOtherAPIs" name="test_challenge30_api" time="0.054"><failure message="AssertionError: Challenge30 API failed: 404&#10;assert 404 == 200&#10; +  where 404 = &lt;Response [404]&gt;.status_code">backend/tests/test_iteration47_mypath_german.py:226: in test_challenge30_api
    assert response.status_code == 200, f"Challenge30 API failed: {response.status_code}"
E   AssertionError: Challenge30 API failed: 404
E   assert 404 == 200
E    +  where 404 = &lt;Response [404]&gt;.status_code</failure></testcase><testcase classname="backend.tests.test_iteration47_mypath_german.TestUnauthorized" name="test_my_path_requires_auth" time="0.147" /></testsuite></testsuites>