<?xml version="1.0" encoding="utf-8"?><testsuites name="pytest tests"><testsuite name="pytest" errors="0" failures="0" skipped="0" tests="11" time="3.339" timestamp="2026-04-12T20:47:41.573440+00:00" hostname="agent-env-775dbe0a-65db-4e0a-a6c6-139aa0d4cc70"><testcase classname="backend.tests.test_iteration25_launch.TestPaymentPackages" name="test_packages_endpoint_returns_200" time="0.343" /><testcase classname="backend.tests.test_iteration25_launch.TestPaymentPackages" name="test_packages_returns_three_packages" time="0.152" /><testcase classname="backend.tests.test_iteration25_launch.TestPaymentPackages" name="test_premium_package_price_697" time="0.138" /><testcase classname="backend.tests.test_iteration25_launch.TestPaymentPackages" name="test_starter_package_price_297" time="0.108" /><testcase classname="backend.tests.test_iteration25_launch.TestPaymentPackages" name="test_enterprise_package_price_2497" time="0.122" /><testcase classname="backend.tests.test_iteration25_launch.TestPaymentPackages" name="test_packages_have_required_fields" time="0.110" /><testcase classname="backend.tests.test_iteration25_launch.TestChallenge30" name="test_challenge30_status_returns_200" time="0.487" /><testcase classname="backend.tests.test_iteration25_launch.TestChallenge30" name="test_challenge30_returns_30_challenges" time="0.513" /><testcase classname="backend.tests.test_iteration25_launch.TestChallenge30" name="test_challenge30_has_status_fields" time="0.473" /><testcase classname="backend.tests.test_iteration25_launch.TestAuthAndDashboard" name="test_login_success" time="0.349" /><testcase classname="backend.tests.test_iteration25_launch.TestAuthAndDashboard" name="test_dashboard_v4_after_login" time="0.467" /></testsuite></testsuites>