<?xml version="1.0" encoding="utf-8"?><testsuites name="pytest tests"><testsuite name="pytest" errors="0" failures="0" skipped="0" tests="29" time="5.485" timestamp="2026-04-15T19:00:13.550410+00:00" hostname="agent-env-775dbe0a-65db-4e0a-a6c6-139aa0d4cc70"><testcase classname="tests.test_iteration48_code_quality.TestDashboardV4" name="test_dashboard_v4_returns_200" time="0.676" /><testcase classname="tests.test_iteration48_code_quality.TestDashboardV4" name="test_dashboard_v4_has_leader_score" time="0.244" /><testcase classname="tests.test_iteration48_code_quality.TestDashboardV4" name="test_dashboard_v4_has_streak" time="0.174" /><testcase classname="tests.test_iteration48_code_quality.TestDashboardV4" name="test_dashboard_v4_has_challenge30" time="0.182" /><testcase classname="tests.test_iteration48_code_quality.TestDashboardV4" name="test_dashboard_v4_has_weekly_activity" time="0.192" /><testcase classname="tests.test_iteration48_code_quality.TestDashboardV4" name="test_dashboard_v4_has_suggestions" time="0.229" /><testcase classname="tests.test_iteration48_code_quality.TestChatSessions" name="test_chat_sessions_returns_200" time="0.152" /><testcase classname="tests.test_iteration48_code_quality.TestChatSessions" name="test_chat_sessions_returns_list" time="0.186" /><testcase classname="tests.test_iteration48_code_quality.TestMyPath" name="test_my_path_returns_200" time="0.166" /><testcase classname="tests.test_iteration48_code_quality.TestMyPath" name="test_my_path_has_5_levels" time="0.172" /><testcase classname="tests.test_iteration48_code_quality.TestMyPath" name="test_my_path_german_level_names" time="0.139" /><testcase classname="tests.test_iteration48_code_quality.TestMyPath" name="test_my_path_level_order" time="0.144" /><testcase classname="tests.test_iteration48_code_quality.TestMyPath" name="test_my_path_has_certificates" time="0.156" /><testcase classname="tests.test_iteration48_code_quality.TestMyPath" name="test_my_path_current_level" time="0.165" /><testcase classname="tests.test_iteration48_code_quality.TestCredits" name="test_credits_returns_200" time="0.176" /><testcase classname="tests.test_iteration48_code_quality.TestCredits" name="test_credits_has_balance" time="0.159" /><testcase classname="tests.test_iteration48_code_quality.TestCredits" name="test_credits_has_limit_50" time="0.147" /><testcase classname="tests.test_iteration48_code_quality.TestCredits" name="test_credits_has_is_premium" time="0.134" /><testcase classname="tests.test_iteration48_code_quality.TestKiNewsDaily" name="test_ki_news_returns_200" time="0.154" /><testcase classname="tests.test_iteration48_code_quality.TestKiNewsDaily" name="test_ki_news_has_quote" time="0.149" /><testcase classname="tests.test_iteration48_code_quality.TestKiNewsDaily" name="test_ki_news_has_trends" time="0.250" /><testcase classname="tests.test_iteration48_code_quality.TestKiNewsDaily" name="test_ki_news_has_fact" time="0.130" /><testcase classname="tests.test_iteration48_code_quality.TestChallenge30Quiz" name="test_quiz_day1_returns_200" time="0.134" /><testcase classname="tests.test_iteration48_code_quality.TestChallenge30Quiz" name="test_quiz_day1_has_10_questions" time="0.219" /><testcase classname="tests.test_iteration48_code_quality.TestChallenge30Quiz" name="test_quiz_day1_question_structure" time="0.144" /><testcase classname="tests.test_iteration48_code_quality.TestChallenge30Quiz" name="test_quiz_has_challenge_info" time="0.155" /><testcase classname="tests.test_iteration48_code_quality.TestAuthRequired" name="test_dashboard_v4_requires_auth" time="0.151" /><testcase classname="tests.test_iteration48_code_quality.TestAuthRequired" name="test_my_path_requires_auth" time="0.158" /><testcase classname="tests.test_iteration48_code_quality.TestAuthRequired" name="test_credits_requires_auth" time="0.163" /></testsuite></testsuites>