<?xml version="1.0" encoding="utf-8"?><testsuites name="pytest tests"><testsuite name="pytest" errors="0" failures="0" skipped="0" tests="13" time="5.181" timestamp="2026-04-12T23:32:40.459626+00:00" hostname="agent-env-775dbe0a-65db-4e0a-a6c6-139aa0d4cc70"><testcase classname="backend.tests.test_iteration32_rating_preferences.TestRatingPreferencesAPI" name="test_get_rating_preferences_returns_defaults_or_saved" time="0.461" /><testcase classname="backend.tests.test_iteration32_rating_preferences.TestRatingPreferencesAPI" name="test_update_profile_with_rating_preferences" time="0.391" /><testcase classname="backend.tests.test_iteration32_rating_preferences.TestRatingPreferencesAPI" name="test_get_rating_preferences_returns_saved_after_update" time="0.427" /><testcase classname="backend.tests.test_iteration32_rating_preferences.TestRatingPreferencesAPI" name="test_update_profile_validates_invalid_mode" time="0.385" /><testcase classname="backend.tests.test_iteration32_rating_preferences.TestRatingPreferencesAPI" name="test_update_profile_validates_invalid_level" time="0.376" /><testcase classname="backend.tests.test_iteration32_rating_preferences.TestRatingPreferencesAPI" name="test_update_profile_validates_invalid_focus" time="0.413" /><testcase classname="backend.tests.test_iteration32_rating_preferences.TestRatingPreferencesAPI" name="test_update_profile_validates_invalid_audience" time="0.383" /><testcase classname="backend.tests.test_iteration32_rating_preferences.TestVideoChallengesAPI" name="test_get_video_challenges" time="0.376" /><testcase classname="backend.tests.test_iteration32_rating_preferences.TestAuthAndDashboard" name="test_login_works" time="0.348" /><testcase classname="backend.tests.test_iteration32_rating_preferences.TestAuthAndDashboard" name="test_auth_me_returns_user" time="0.396" /><testcase classname="backend.tests.test_iteration32_rating_preferences.TestOtherPagesRegression" name="test_challenge30_endpoint" time="0.377" /><testcase classname="backend.tests.test_iteration32_rating_preferences.TestOtherPagesRegression" name="test_playbooks_endpoint" time="0.391" /><testcase classname="backend.tests.test_iteration32_rating_preferences.TestOtherPagesRegression" name="test_referral_code_endpoint" time="0.381" /></testsuite></testsuites>