<?xml version="1.0" encoding="utf-8"?><testsuites name="pytest tests"><testsuite name="pytest" errors="0" failures="0" skipped="0" tests="21" time="3.384" timestamp="2026-04-12T20:26:47.233980+00:00" hostname="agent-env-775dbe0a-65db-4e0a-a6c6-139aa0d4cc70"><testcase classname="backend.tests.test_iteration24_challenge30.TestChallenge30Status" name="test_challenge30_status_returns_200" time="0.475" /><testcase classname="backend.tests.test_iteration24_challenge30.TestChallenge30Status" name="test_challenge30_returns_30_challenges" time="0.121" /><testcase classname="backend.tests.test_iteration24_challenge30.TestChallenge30Status" name="test_challenge_structure" time="0.113" /><testcase classname="backend.tests.test_iteration24_challenge30.TestChallenge30Status" name="test_challenge_days_sequential" time="0.111" /><testcase classname="backend.tests.test_iteration24_challenge30.TestChallenge30Status" name="test_challenge_categories_valid" time="0.098" /><testcase classname="backend.tests.test_iteration24_challenge30.TestChallenge30Status" name="test_challenge_xp_values" time="0.108" /><testcase classname="backend.tests.test_iteration24_challenge30.TestChallenge30Status" name="test_status_response_fields" time="0.098" /><testcase classname="backend.tests.test_iteration24_challenge30.TestChallenge30Status" name="test_day1_already_completed" time="0.146" /><testcase classname="backend.tests.test_iteration24_challenge30.TestChallenge30Complete" name="test_complete_day1_again_returns_already_completed" time="0.114" /><testcase classname="backend.tests.test_iteration24_challenge30.TestChallenge30Complete" name="test_complete_invalid_day_0" time="0.335" /><testcase classname="backend.tests.test_iteration24_challenge30.TestChallenge30Complete" name="test_complete_invalid_day_31" time="0.108" /><testcase classname="backend.tests.test_iteration24_challenge30.TestChallenge30Complete" name="test_complete_new_day_awards_xp" time="0.264" /><testcase classname="backend.tests.test_iteration24_challenge30.TestChallenge30Unauthorized" name="test_status_without_auth" time="0.105" /><testcase classname="backend.tests.test_iteration24_challenge30.TestChallenge30Unauthorized" name="test_complete_without_auth" time="0.101" /><testcase classname="backend.tests.test_iteration24_challenge30.TestExistingAPIsRegression" name="test_auth_login" time="0.341" /><testcase classname="backend.tests.test_iteration24_challenge30.TestExistingAPIsRegression" name="test_dashboard_v4" time="0.111" /><testcase classname="backend.tests.test_iteration24_challenge30.TestExistingAPIsRegression" name="test_chat_endpoint" time="0.101" /><testcase classname="backend.tests.test_iteration24_challenge30.TestExistingAPIsRegression" name="test_playbooks_endpoint" time="0.129" /><testcase classname="backend.tests.test_iteration24_challenge30.TestExistingAPIsRegression" name="test_events_endpoint" time="0.112" /><testcase classname="backend.tests.test_iteration24_challenge30.TestExistingAPIsRegression" name="test_referral_code" time="0.110" /><testcase classname="backend.tests.test_iteration24_challenge30.TestExistingAPIsRegression" name="test_enterprise_questions" time="0.111" /></testsuite></testsuites>