<?xml version="1.0" encoding="utf-8"?><testsuites name="pytest tests"><testsuite name="pytest" errors="0" failures="0" skipped="0" tests="13" time="4.952" timestamp="2026-04-12T23:44:11.508781+00:00" hostname="agent-env-775dbe0a-65db-4e0a-a6c6-139aa0d4cc70"><testcase classname="backend.tests.test_iteration33_challenge30_dashboard.TestIteration33Challenge30Dashboard" name="test_dashboard_v4_returns_challenge30_field" time="0.419" /><testcase classname="backend.tests.test_iteration33_challenge30_dashboard.TestIteration33Challenge30Dashboard" name="test_dashboard_v4_challenge30_progress_calculation" time="0.404" /><testcase classname="backend.tests.test_iteration33_challenge30_dashboard.TestIteration33Challenge30Dashboard" name="test_dashboard_v4_returns_all_other_fields" time="0.396" /><testcase classname="backend.tests.test_iteration33_challenge30_dashboard.TestIteration33Challenge30Dashboard" name="test_challenge30_status_returns_challenges" time="0.400" /><testcase classname="backend.tests.test_iteration33_challenge30_dashboard.TestIteration33Challenge30Dashboard" name="test_challenge30_status_quiz_scores" time="0.395" /><testcase classname="backend.tests.test_iteration33_challenge30_dashboard.TestIteration33Challenge30Dashboard" name="test_challenge30_quiz_endpoint" time="0.408" /><testcase classname="backend.tests.test_iteration33_challenge30_dashboard.TestIteration33Challenge30Dashboard" name="test_auth_me_endpoint" time="0.377" /><testcase classname="backend.tests.test_iteration33_challenge30_dashboard.TestIteration33Challenge30Dashboard" name="test_playbooks_endpoint" time="0.366" /><testcase classname="backend.tests.test_iteration33_challenge30_dashboard.TestIteration33Challenge30Dashboard" name="test_referral_code_endpoint" time="0.382" /><testcase classname="backend.tests.test_iteration33_challenge30_dashboard.TestIteration33Challenge30Dashboard" name="test_video_challenges_endpoint" time="0.373" /><testcase classname="backend.tests.test_iteration33_challenge30_dashboard.TestIteration33Challenge30Dashboard" name="test_rating_preferences_endpoint" time="0.474" /><testcase classname="backend.tests.test_iteration33_challenge30_dashboard.TestIteration33Challenge30Dashboard" name="test_payment_packages_endpoint" time="0.378" /><testcase classname="backend.tests.test_iteration33_challenge30_dashboard.TestLandingPage" name="test_landing_page_loads" time="0.108" /></testsuite></testsuites>