<?xml version="1.0" encoding="utf-8"?><testsuites name="pytest tests"><testsuite name="pytest" errors="0" failures="0" skipped="0" tests="23" time="9.114" timestamp="2026-04-11T21:35:50.881393+00:00" hostname="agent-env-775dbe0a-65db-4e0a-a6c6-139aa0d4cc70"><testcase classname="tests.test_iteration17_regression.TestAuthEndpoints" name="test_api_root" time="0.123" /><testcase classname="tests.test_iteration17_regression.TestAuthEndpoints" name="test_login_success" time="0.336" /><testcase classname="tests.test_iteration17_regression.TestAuthEndpoints" name="test_login_invalid_credentials" time="0.137" /><testcase classname="tests.test_iteration17_regression.TestAuthEndpoints" name="test_register_new_user" time="0.341" /><testcase classname="tests.test_iteration17_regression.TestAuthEndpoints" name="test_register_duplicate_email" time="0.108" /><testcase classname="tests.test_iteration17_regression.TestAuthenticatedEndpoints" name="test_auth_me" time="0.397" /><testcase classname="tests.test_iteration17_regression.TestAuthenticatedEndpoints" name="test_dashboard_v4" time="0.456" /><testcase classname="tests.test_iteration17_regression.TestAuthenticatedEndpoints" name="test_dashboard_legacy" time="0.410" /><testcase classname="tests.test_iteration17_regression.TestWladHubIntegration" name="test_wladhub_import" time="0.394" /><testcase classname="tests.test_iteration17_regression.TestWladHubIntegration" name="test_wladhub_diagnosis_get" time="0.406" /><testcase classname="tests.test_iteration17_regression.TestWladHubIntegration" name="test_wladhub_onboarding" time="0.380" /><testcase classname="tests.test_iteration17_regression.TestProfileUpload" name="test_profile_picture_upload_endpoint_exists" time="0.629" /><testcase classname="tests.test_iteration17_regression.TestNavigationAPIs" name="test_tasks_endpoint" time="0.842" /><testcase classname="tests.test_iteration17_regression.TestNavigationAPIs" name="test_simulations_endpoint" time="0.393" /><testcase classname="tests.test_iteration17_regression.TestNavigationAPIs" name="test_challengers_endpoint" time="0.400" /><testcase classname="tests.test_iteration17_regression.TestNavigationAPIs" name="test_playbooks_endpoint" time="0.429" /><testcase classname="tests.test_iteration17_regression.TestNavigationAPIs" name="test_events_endpoint" time="0.416" /><testcase classname="tests.test_iteration17_regression.TestNavigationAPIs" name="test_progress_endpoint" time="0.424" /><testcase classname="tests.test_iteration17_regression.TestNavigationAPIs" name="test_leader_score_endpoint" time="0.382" /><testcase classname="tests.test_iteration17_regression.TestNavigationAPIs" name="test_video_challenges_endpoint" time="0.434" /><testcase classname="tests.test_iteration17_regression.TestNavigationAPIs" name="test_chat_sessions_endpoint" time="0.408" /><testcase classname="tests.test_iteration17_regression.TestNavigationAPIs" name="test_daily_checkin_endpoint" time="0.380" /><testcase classname="tests.test_iteration17_regression.TestLogout" name="test_logout" time="0.407" /></testsuite></testsuites>