<?xml version="1.0" encoding="utf-8"?><testsuites name="pytest tests"><testsuite name="pytest" errors="0" failures="0" skipped="0" tests="21" time="6.202" timestamp="2026-04-24T09:02:36.770848+00:00" hostname="agent-env-775dbe0a-65db-4e0a-a6c6-139aa0d4cc70"><testcase classname="backend.tests.test_iteration63_voice" name="test_personas_list_requires_auth" time="0.276" /><testcase classname="backend.tests.test_iteration63_voice" name="test_personas_list_returns_9" time="0.477" /><testcase classname="backend.tests.test_iteration63_voice" name="test_tts_no_auth_returns_401" time="0.129" /><testcase classname="backend.tests.test_iteration63_voice" name="test_tts_invalid_persona_returns_400" time="0.216" /><testcase classname="backend.tests.test_iteration63_voice" name="test_tts_too_long_text_returns_422" time="0.114" /><testcase classname="backend.tests.test_iteration63_voice" name="test_tts_wlad_synthesize_and_cache" time="1.487" /><testcase classname="backend.tests.test_iteration63_voice" name="test_tts_musk_persona" time="1.130" /><testcase classname="backend.tests.test_iteration63_voice" name="test_cache_clear_non_admin_forbidden" time="0.106" /><testcase classname="backend.tests.test_iteration63_voice" name="test_cache_clear_no_auth_unauthorized" time="0.102" /><testcase classname="backend.tests.test_iteration63_voice" name="test_cache_clear_admin_allowed" time="0.498" /><testcase classname="backend.tests.test_iteration63_voice" name="test_regression_route_not_500[/tasks]" time="0.413" /><testcase classname="backend.tests.test_iteration63_voice" name="test_regression_route_not_500[/community/feed]" time="0.171" /><testcase classname="backend.tests.test_iteration63_voice" name="test_regression_route_not_500[/checkin/today]" time="0.121" /><testcase classname="backend.tests.test_iteration63_voice" name="test_regression_route_not_500[/referral/code]" time="0.107" /><testcase classname="backend.tests.test_iteration63_voice" name="test_regression_route_not_500[/playbooks]" time="0.123" /><testcase classname="backend.tests.test_iteration63_voice" name="test_regression_route_not_500[/wladhub/3layer]" time="0.106" /><testcase classname="backend.tests.test_iteration63_voice" name="test_regression_route_not_500[/auth/me]" time="0.115" /><testcase classname="backend.tests.test_iteration63_voice" name="test_regression_route_not_500[/challengers/list]" time="0.114" /><testcase classname="backend.tests.test_iteration63_voice" name="test_regression_route_not_500[/challenge30/progress]" time="0.104" /><testcase classname="backend.tests.test_iteration63_voice" name="test_regression_route_not_500[/simulations/list]" time="0.108" /><testcase classname="backend.tests.test_iteration63_voice" name="test_regression_route_not_500[/dashboard-v4]" time="0.115" /></testsuite></testsuites>