<?xml version="1.0" encoding="utf-8"?><testsuites name="pytest tests"><testsuite name="pytest" errors="6" failures="10" skipped="0" tests="20" time="5.184" timestamp="2026-04-24T14:28:03.220067+00:00" hostname="agent-env-775dbe0a-65db-4e0a-a6c6-139aa0d4cc70"><testcase classname="backend.tests.test_iteration68_auth_enterprise.TestReLoginLoop" name="test_register_login_logout_cycle_x3" time="1.708" /><testcase classname="backend.tests.test_iteration68_auth_enterprise.TestCaseInsensitiveEmail" name="test_register_mixed_login_lower" time="0.680" /><testcase classname="backend.tests.test_iteration68_auth_enterprise.TestCaseInsensitiveEmail" name="test_duplicate_register_case_insensitive_returns_400" time="0.480"><failure message="AssertionError: expected 400 got 429: {&quot;detail&quot;:&quot;Too many requests. Bitte warte einen Moment.&quot;}&#10;assert 429 == 400&#10; +  where 429 = &lt;Response [429]&gt;.status_code">backend/tests/test_iteration68_auth_enterprise.py:75: in test_duplicate_register_case_insensitive_returns_400
    assert r2.status_code == 400, f"expected 400 got {r2.status_code}: {r2.text}"
E   AssertionError: expected 400 got 429: {"detail":"Too many requests. Bitte warte einen Moment."}
E   assert 429 == 400
E    +  where 429 = &lt;Response [429]&gt;.status_code</failure></testcase><testcase classname="backend.tests.test_iteration68_auth_enterprise.TestValidation" name="test_invalid_email_format" time="0.115"><failure message="assert 429 == 422&#10; +  where 429 = &lt;Response [429]&gt;.status_code">backend/tests/test_iteration68_auth_enterprise.py:83: in test_invalid_email_format
    assert r.status_code == 422
E   assert 429 == 422
E    +  where 429 = &lt;Response [429]&gt;.status_code</failure></testcase><testcase classname="backend.tests.test_iteration68_auth_enterprise.TestValidation" name="test_weak_password_rejected" time="0.114"><failure message="AssertionError: expected 422 got 429&#10;assert 429 == 422&#10; +  where 429 = &lt;Response [429]&gt;.status_code">backend/tests/test_iteration68_auth_enterprise.py:88: in test_weak_password_rejected
    assert r.status_code == 422, f"expected 422 got {r.status_code}"
E   AssertionError: expected 422 got 429
E   assert 429 == 422
E    +  where 429 = &lt;Response [429]&gt;.status_code</failure></testcase><testcase classname="backend.tests.test_iteration68_auth_enterprise.TestBruteForce" name="test_10_failed_logins_trigger_429" time="0.226" /><testcase classname="backend.tests.test_iteration68_auth_enterprise.TestRaceRegister" name="test_parallel_register_only_one_succeeds" time="0.380"><failure message="AssertionError: expected exactly 1 success, got [429, 429, 429, 429, 429]&#10;assert 0 == 1&#10; +  where 0 = len([])">backend/tests/test_iteration68_auth_enterprise.py:132: in test_parallel_register_only_one_succeeds
    assert len(success) == 1, f"expected exactly 1 success, got {results}"
E   AssertionError: expected exactly 1 success, got [429, 429, 429, 429, 429]
E   assert 0 == 1
E    +  where 0 = len([])</failure></testcase><testcase classname="backend.tests.test_iteration68_auth_enterprise.TestSessionAndLogout" name="test_session_cookie_and_logout_clears" time="0.135"><failure message="AssertionError: session cookie missing after register&#10;assert 'session_token' in &lt;RequestsCookieJar[Cookie(version=0, name='__cf_bm', value='sTfLGAhwHXa0S8QLlbnP1lVmZI4vIusk.wOhgKkmNrE-1777040887.0634568-1.0.1.1-qBcKYjl1zVf7VqEagQnmrGX.n9scuLrMbSroG76S7IzSUTbLrIp0Zo0Dlnq1aoseTIAuUC8gpYekTebaUSWrBfYOdxY81V0GJas.Ae01b9cpkhVHW4DWdAU9na.aiZVV', port=None, port_specified=False, domain='.preview.emergentagent.com', domain_specified=True, domain_initial_dot=False, path='/', path_specified=True, secure=True, expires=1777042687, discard=False, comment=None, comment_url=None, rest={'HttpOnly': None}, rfc2109=False)]&gt;&#10; +  where &lt;RequestsCookieJar[Cookie(version=0, name='__cf_bm', value='sTfLGAhwHXa0S8QLlbnP1lVmZI4vIusk.wOhgKkmNrE-1777040887.0634568-1.0.1.1-qBcKYjl1zVf7VqEagQnmrGX.n9scuLrMbSroG76S7IzSUTbLrIp0Zo0Dlnq1aoseTIAuUC8gpYekTebaUSWrBfYOdxY81V0GJas.Ae01b9cpkhVHW4DWdAU9na.aiZVV', port=None, port_specified=False, domain='.preview.emergentagent.com', domain_specified=True, domain_initial_dot=False, path='/', path_specified=True, secure=True, expires=1777042687, discard=False, comment=None, comment_url=None, rest={'HttpOnly': None}, rfc2109=False)]&gt; = &lt;requests.sessions.Session object at 0xf88bd6306410&gt;.cookies">backend/tests/test_iteration68_auth_enterprise.py:141: in test_session_cookie_and_logout_clears
    assert "session_token" in s.cookies, "session cookie missing after register"
E   AssertionError: session cookie missing after register
E   assert 'session_token' in &lt;RequestsCookieJar[Cookie(version=0, name='__cf_bm', value='sTfLGAhwHXa0S8QLlbnP1lVmZI4vIusk.wOhgKkmNrE-1777040887.0634568-1.0.1.1-qBcKYjl1zVf7VqEagQnmrGX.n9scuLrMbSroG76S7IzSUTbLrIp0Zo0Dlnq1aoseTIAuUC8gpYekTebaUSWrBfYOdxY81V0GJas.Ae01b9cpkhVHW4DWdAU9na.aiZVV', port=None, port_specified=False, domain='.preview.emergentagent.com', domain_specified=True, domain_initial_dot=False, path='/', path_specified=True, secure=True, expires=1777042687, discard=False, comment=None, comment_url=None, rest={'HttpOnly': None}, rfc2109=False)]&gt;
E    +  where &lt;RequestsCookieJar[Cookie(version=0, name='__cf_bm', value='sTfLGAhwHXa0S8QLlbnP1lVmZI4vIusk.wOhgKkmNrE-1777040887.0634568-1.0.1.1-qBcKYjl1zVf7VqEagQnmrGX.n9scuLrMbSroG76S7IzSUTbLrIp0Zo0Dlnq1aoseTIAuUC8gpYekTebaUSWrBfYOdxY81V0GJas.Ae01b9cpkhVHW4DWdAU9na.aiZVV', port=None, port_specified=False, domain='.preview.emergentagent.com', domain_specified=True, domain_initial_dot=False, path='/', path_specified=True, secure=True, expires=1777042687, discard=False, comment=None, comment_url=None, rest={'HttpOnly': None}, rfc2109=False)]&gt; = &lt;requests.sessions.Session object at 0xf88bd6306410&gt;.cookies</failure></testcase><testcase classname="backend.tests.test_iteration68_auth_enterprise.TestQuickLoginTiers" name="test_tier_login[free]" time="0.120"><failure message="AssertionError: free: {&quot;detail&quot;:&quot;Too many requests. Bitte warte einen Moment.&quot;}&#10;assert 429 == 200&#10; +  where 429 = &lt;Response [429]&gt;.status_code">backend/tests/test_iteration68_auth_enterprise.py:166: in test_tier_login
    assert r.status_code == 200, f"{tier}: {r.text}"
E   AssertionError: free: {"detail":"Too many requests. Bitte warte einen Moment."}
E   assert 429 == 200
E    +  where 429 = &lt;Response [429]&gt;.status_code</failure></testcase><testcase classname="backend.tests.test_iteration68_auth_enterprise.TestQuickLoginTiers" name="test_tier_login[starter]" time="0.112"><failure message="AssertionError: starter: {&quot;detail&quot;:&quot;Too many requests. Bitte warte einen Moment.&quot;}&#10;assert 429 == 200&#10; +  where 429 = &lt;Response [429]&gt;.status_code">backend/tests/test_iteration68_auth_enterprise.py:166: in test_tier_login
    assert r.status_code == 200, f"{tier}: {r.text}"
E   AssertionError: starter: {"detail":"Too many requests. Bitte warte einen Moment."}
E   assert 429 == 200
E    +  where 429 = &lt;Response [429]&gt;.status_code</failure></testcase><testcase classname="backend.tests.test_iteration68_auth_enterprise.TestQuickLoginTiers" name="test_tier_login[standard]" time="0.473"><failure message="AssertionError: standard: {&quot;detail&quot;:&quot;Too many requests. Bitte warte einen Moment.&quot;}&#10;assert 429 == 200&#10; +  where 429 = &lt;Response [429]&gt;.status_code">backend/tests/test_iteration68_auth_enterprise.py:166: in test_tier_login
    assert r.status_code == 200, f"{tier}: {r.text}"
E   AssertionError: standard: {"detail":"Too many requests. Bitte warte einen Moment."}
E   assert 429 == 200
E    +  where 429 = &lt;Response [429]&gt;.status_code</failure></testcase><testcase classname="backend.tests.test_iteration68_auth_enterprise.TestQuickLoginTiers" name="test_tier_login[accelerator]" time="0.135"><failure message="AssertionError: accelerator: {&quot;detail&quot;:&quot;Too many requests. Bitte warte einen Moment.&quot;}&#10;assert 429 == 200&#10; +  where 429 = &lt;Response [429]&gt;.status_code">backend/tests/test_iteration68_auth_enterprise.py:166: in test_tier_login
    assert r.status_code == 200, f"{tier}: {r.text}"
E   AssertionError: accelerator: {"detail":"Too many requests. Bitte warte einen Moment."}
E   assert 429 == 200
E    +  where 429 = &lt;Response [429]&gt;.status_code</failure></testcase><testcase classname="backend.tests.test_iteration68_auth_enterprise.TestQuickLoginTiers" name="test_tier_login[accelerator-raten]" time="0.147"><failure message="AssertionError: accelerator-raten: {&quot;detail&quot;:&quot;Too many requests. Bitte warte einen Moment.&quot;}&#10;assert 429 == 200&#10; +  where 429 = &lt;Response [429]&gt;.status_code">backend/tests/test_iteration68_auth_enterprise.py:166: in test_tier_login
    assert r.status_code == 200, f"{tier}: {r.text}"
E   AssertionError: accelerator-raten: {"detail":"Too many requests. Bitte warte einen Moment."}
E   assert 429 == 200
E    +  where 429 = &lt;Response [429]&gt;.status_code</failure></testcase><testcase classname="backend.tests.test_iteration68_auth_enterprise.TestProtected" name="test_no_cookie_returns_401" time="0.108" /><testcase classname="backend.tests.test_iteration68_auth_enterprise.TestRegressionEndpoints" name="test_community" time="0.116"><error message="failed on setup with &quot;assert 429 == 200&#10; +  where 429 = &lt;Response [429]&gt;.status_code&quot;">backend/tests/test_iteration68_auth_enterprise.py:185: in authed
    assert r.status_code == 200
E   assert 429 == 200
E    +  where 429 = &lt;Response [429]&gt;.status_code</error></testcase><testcase classname="backend.tests.test_iteration68_auth_enterprise.TestRegressionEndpoints" name="test_chat_sessions" time="0.000"><error message="failed on setup with &quot;assert 429 == 200&#10; +  where 429 = &lt;Response [429]&gt;.status_code&quot;">backend/tests/test_iteration68_auth_enterprise.py:185: in authed
    assert r.status_code == 200
E   assert 429 == 200
E    +  where 429 = &lt;Response [429]&gt;.status_code</error></testcase><testcase classname="backend.tests.test_iteration68_auth_enterprise.TestRegressionEndpoints" name="test_playbooks" time="0.000"><error message="failed on setup with &quot;assert 429 == 200&#10; +  where 429 = &lt;Response [429]&gt;.status_code&quot;">backend/tests/test_iteration68_auth_enterprise.py:185: in authed
    assert r.status_code == 200
E   assert 429 == 200
E    +  where 429 = &lt;Response [429]&gt;.status_code</error></testcase><testcase classname="backend.tests.test_iteration68_auth_enterprise.TestRegressionEndpoints" name="test_tools" time="0.000"><error message="failed on setup with &quot;assert 429 == 200&#10; +  where 429 = &lt;Response [429]&gt;.status_code&quot;">backend/tests/test_iteration68_auth_enterprise.py:185: in authed
    assert r.status_code == 200
E   assert 429 == 200
E    +  where 429 = &lt;Response [429]&gt;.status_code</error></testcase><testcase classname="backend.tests.test_iteration68_auth_enterprise.TestRegressionEndpoints" name="test_events" time="0.000"><error message="failed on setup with &quot;assert 429 == 200&#10; +  where 429 = &lt;Response [429]&gt;.status_code&quot;">backend/tests/test_iteration68_auth_enterprise.py:185: in authed
    assert r.status_code == 200
E   assert 429 == 200
E    +  where 429 = &lt;Response [429]&gt;.status_code</error></testcase><testcase classname="backend.tests.test_iteration68_auth_enterprise.TestRegressionEndpoints" name="test_dashboard" time="0.000"><error message="failed on setup with &quot;assert 429 == 200&#10; +  where 429 = &lt;Response [429]&gt;.status_code&quot;">backend/tests/test_iteration68_auth_enterprise.py:185: in authed
    assert r.status_code == 200
E   assert 429 == 200
E    +  where 429 = &lt;Response [429]&gt;.status_code</error></testcase></testsuite></testsuites>