<?xml version="1.0" encoding="utf-8"?><testsuites name="pytest tests"><testsuite name="pytest" errors="0" failures="0" skipped="0" tests="11" time="24.831" timestamp="2026-04-10T07:37:00.166125+00:00" hostname="agent-env-775dbe0a-65db-4e0a-a6c6-139aa0d4cc70"><testcase classname="backend.tests.test_iteration10.TestAuth" name="test_login_success" time="0.347" /><testcase classname="backend.tests.test_iteration10.TestChallengers" name="test_get_challengers_list" time="0.473" /><testcase classname="backend.tests.test_iteration10.TestChallengers" name="test_start_challenger" time="3.449" /><testcase classname="backend.tests.test_iteration10.TestChallengers" name="test_send_challenger_message" time="11.989" /><testcase classname="backend.tests.test_iteration10.TestChallengers" name="test_get_challengers_history" time="0.160" /><testcase classname="backend.tests.test_iteration10.TestPlaybooks" name="test_get_playbooks_list" time="0.428" /><testcase classname="backend.tests.test_iteration10.TestPlaybooks" name="test_start_playbook" time="0.150" /><testcase classname="backend.tests.test_iteration10.TestPlaybooks" name="test_playbook_step" time="6.429" /><testcase classname="backend.tests.test_iteration10.TestVideoChallenges" name="test_get_video_challenges_list" time="0.479" /><testcase classname="backend.tests.test_iteration10.TestVoiceTranscription" name="test_voice_transcribe_endpoint_exists" time="0.425" /><testcase classname="backend.tests.test_iteration10.TestDashboard" name="test_get_dashboard" time="0.433" /></testsuite></testsuites>