<?xml version="1.0" encoding="utf-8"?><testsuites name="pytest tests"><testsuite name="pytest" errors="0" failures="4" skipped="0" tests="12" time="29.620" timestamp="2026-04-23T16:03:59.990419+00:00" hostname="agent-env-775dbe0a-65db-4e0a-a6c6-139aa0d4cc70"><testcase classname="backend.tests.test_iteration58_features.TestMyPathVideos" name="test_videos_endpoint_per_tier[free-0]" time="1.984" /><testcase classname="backend.tests.test_iteration58_features.TestMyPathVideos" name="test_videos_endpoint_per_tier[starter-6]" time="0.098" /><testcase classname="backend.tests.test_iteration58_features.TestMyPathVideos" name="test_videos_endpoint_per_tier[standard-6]" time="0.141" /><testcase classname="backend.tests.test_iteration58_features.TestMyPathVideos" name="test_videos_endpoint_per_tier[accelerator-10]" time="0.134" /><testcase classname="backend.tests.test_iteration58_features.TestCommunity" name="test_get_feed_returns_list" time="0.137" /><testcase classname="backend.tests.test_iteration58_features.TestCommunity" name="test_get_posts_endpoint_per_spec" time="0.124"><failure message="AssertionError: GET /api/community/posts not available (got 405). Code only exposes /feed.&#10;assert 405 == 200&#10; +  where 405 = &lt;Response [405]&gt;.status_code">backend/tests/test_iteration58_features.py:81: in test_get_posts_endpoint_per_spec
    assert r.status_code == 200, f"GET /api/community/posts not available (got {r.status_code}). Code only exposes /feed."
E   AssertionError: GET /api/community/posts not available (got 405). Code only exposes /feed.
E   assert 405 == 200
E    +  where 405 = &lt;Response [405]&gt;.status_code</failure></testcase><testcase classname="backend.tests.test_iteration58_features.TestCommunity" name="test_create_post_and_persists" time="0.367" /><testcase classname="backend.tests.test_iteration58_features.TestCommunity" name="test_leaderboard_endpoint" time="0.129"><failure message="AssertionError: GET /api/community/leaderboard -&gt; 404&#10;assert 404 == 200&#10; +  where 404 = &lt;Response [404]&gt;.status_code">backend/tests/test_iteration58_features.py:105: in test_leaderboard_endpoint
    assert r.status_code == 200, f"GET /api/community/leaderboard -&gt; {r.status_code}"
E   AssertionError: GET /api/community/leaderboard -&gt; 404
E   assert 404 == 200
E    +  where 404 = &lt;Response [404]&gt;.status_code</failure></testcase><testcase classname="backend.tests.test_iteration58_features.TestDeepAssist" name="test_deep_assist_with_spec_body" time="25.962" /><testcase classname="backend.tests.test_iteration58_features.TestChatDocUpload" name="test_chat_accepts_pdf_upload" time="0.206"><failure message="AssertionError: upload failed: 400 {&quot;detail&quot;:&quot;PDF enthält keinen extrahierbaren Text&quot;}&#10;assert 400 in (200, 201)&#10; +  where 400 = &lt;Response [400]&gt;.status_code">backend/tests/test_iteration58_features.py:144: in test_chat_accepts_pdf_upload
    assert r.status_code in (200, 201), f"upload failed: {r.status_code} {r.text[:500]}"
E   AssertionError: upload failed: 400 {"detail":"PDF enthält keinen extrahierbaren Text"}
E   assert 400 in (200, 201)
E    +  where 400 = &lt;Response [400]&gt;.status_code</failure></testcase><testcase classname="backend.tests.test_iteration58_features.TestChatDocUpload" name="test_chat_sessions_multipart_per_spec" time="0.114"><failure message="AssertionError: POST /api/chat/sessions does NOT accept multipart (got 422). Code expects JSON ChatSessionCreate body.&#10;assert 422 in (200, 201)&#10; +  where 422 = &lt;Response [422]&gt;.status_code">backend/tests/test_iteration58_features.py:158: in test_chat_sessions_multipart_per_spec
    assert r.status_code in (200, 201), (
E   AssertionError: POST /api/chat/sessions does NOT accept multipart (got 422). Code expects JSON ChatSessionCreate body.
E   assert 422 in (200, 201)
E    +  where 422 = &lt;Response [422]&gt;.status_code</failure></testcase><testcase classname="backend.tests.test_iteration58_features.TestAdmin" name="test_admin_overview_requires_admin" time="0.129" /></testsuite></testsuites>