<?xml version="1.0" encoding="utf-8"?><testsuites name="pytest tests"><testsuite name="pytest" errors="6" failures="7" skipped="0" tests="19" time="24.586" timestamp="2026-04-24T14:31:48.849063+00:00" hostname="agent-env-775dbe0a-65db-4e0a-a6c6-139aa0d4cc70"><testcase classname="backend.tests.test_iteration68_auth_enterprise.TestReLoginLoop" name="test_register_login_logout_cycle_x3" time="3.346" /><testcase classname="backend.tests.test_iteration68_auth_enterprise.TestCaseInsensitiveEmail" name="test_register_mixed_login_lower" time="2.222" /><testcase classname="backend.tests.test_iteration68_auth_enterprise.TestCaseInsensitiveEmail" name="test_duplicate_register_case_insensitive_returns_400" time="2.251" /><testcase classname="backend.tests.test_iteration68_auth_enterprise.TestValidation" name="test_invalid_email_format" time="1.623" /><testcase classname="backend.tests.test_iteration68_auth_enterprise.TestValidation" name="test_weak_password_rejected" time="1.682" /><testcase classname="backend.tests.test_iteration68_auth_enterprise.TestRaceRegister" name="test_parallel_register_only_one_succeeds" time="1.898"><failure message="AssertionError: expected exactly 1 success, got [429, 429, 429, 429, 429]&#10;assert 0 == 1&#10; +  where 0 = len([])">E   AssertionError: expected exactly 1 success, got [429, 429, 429, 429, 429]
    assert 0 == 1
     +  where 0 = len([])</failure></testcase><testcase classname="backend.tests.test_iteration68_auth_enterprise.TestSessionAndLogout" name="test_session_cookie_and_logout_clears" time="1.614"><failure message="AssertionError: session cookie missing after register&#10;assert 'session_token' in &lt;RequestsCookieJar[Cookie(version=0, name='__cf_bm', value='RMo1Em6mAyGE21_s_KWdHDtO93BHnXEpJ3u0sge1ygs-1777041123.5053902-1.0.1.1-ASoUwojytdH7q7h3byS3Xz1NKPTdq76QIJ6Talo3.nEF84FixxlWYwxT.Fo0TJ.K0B9o9nDd2rNs_Vf9OWcCh2XbGPfWZJdP3_etK_whLANLW2puiRNqPYhYEpwfKzfZ', port=None, port_specified=False, domain='.preview.emergentagent.com', domain_specified=True, domain_initial_dot=False, path='/', path_specified=True, secure=True, expires=1777042923, discard=False, comment=None, comment_url=None, rest={'HttpOnly': None}, rfc2109=False)]&gt;&#10; +  where &lt;RequestsCookieJar[Cookie(version=0, name='__cf_bm', value='RMo1Em6mAyGE21_s_KWdHDtO93BHnXEpJ3u0sge1ygs-1777041123.5053902-1.0.1.1-ASoUwojytdH7q7h3byS3Xz1NKPTdq76QIJ6Talo3.nEF84FixxlWYwxT.Fo0TJ.K0B9o9nDd2rNs_Vf9OWcCh2XbGPfWZJdP3_etK_whLANLW2puiRNqPYhYEpwfKzfZ', port=None, port_specified=False, domain='.preview.emergentagent.com', domain_specified=True, domain_initial_dot=False, path='/', path_specified=True, secure=True, expires=1777042923, discard=False, comment=None, comment_url=None, rest={'HttpOnly': None}, rfc2109=False)]&gt; = &lt;requests.sessions.Session object at 0xf82cf81f9a90&gt;.cookies">E   AssertionError: session cookie missing after register
    assert 'session_token' in &lt;RequestsCookieJar[Cookie(version=0, name='__cf_bm', value='RMo1Em6mAyGE21_s_KWdHDtO93BHnXEpJ3u0sge1ygs-1777041123.5053902-1.0.1.1-ASoUwojytdH7q7h3byS3Xz1NKPTdq76QIJ6Talo3.nEF84FixxlWYwxT.Fo0TJ.K0B9o9nDd2rNs_Vf9OWcCh2XbGPfWZJdP3_etK_whLANLW2puiRNqPYhYEpwfKzfZ', port=None, port_specified=False, domain='.preview.emergentagent.com', domain_specified=True, domain_initial_dot=False, path='/', path_specified=True, secure=True, expires=1777042923, discard=False, comment=None, comment_url=None, rest={'HttpOnly': None}, rfc2109=False)]&gt;
     +  where &lt;RequestsCookieJar[Cookie(version=0, name='__cf_bm', value='RMo1Em6mAyGE21_s_KWdHDtO93BHnXEpJ3u0sge1ygs-1777041123.5053902-1.0.1.1-ASoUwojytdH7q7h3byS3Xz1NKPTdq76QIJ6Talo3.nEF84FixxlWYwxT.Fo0TJ.K0B9o9nDd2rNs_Vf9OWcCh2XbGPfWZJdP3_etK_whLANLW2puiRNqPYhYEpwfKzfZ', port=None, port_specified=False, domain='.preview.emergentagent.com', domain_specified=True, domain_initial_dot=False, path='/', path_specified=True, secure=True, expires=1777042923, discard=False, comment=None, comment_url=None, rest={'HttpOnly': None}, rfc2109=False)]&gt; = &lt;requests.sessions.Session object at 0xf82cf81f9a90&gt;.cookies</failure></testcase><testcase classname="backend.tests.test_iteration68_auth_enterprise.TestQuickLoginTiers" name="test_tier_login[free]" time="1.621"><failure message="AssertionError: free: {&quot;detail&quot;:&quot;Too many requests. Bitte warte einen Moment.&quot;}&#10;assert 429 == 200&#10; +  where 429 = &lt;Response [429]&gt;.status_code">E   AssertionError: free: {"detail":"Too many requests. Bitte warte einen Moment."}
    assert 429 == 200
     +  where 429 = &lt;Response [429]&gt;.status_code</failure></testcase><testcase classname="backend.tests.test_iteration68_auth_enterprise.TestQuickLoginTiers" name="test_tier_login[starter]" time="1.673"><failure message="AssertionError: starter: {&quot;detail&quot;:&quot;Too many requests. Bitte warte einen Moment.&quot;}&#10;assert 429 == 200&#10; +  where 429 = &lt;Response [429]&gt;.status_code">E   AssertionError: starter: {"detail":"Too many requests. Bitte warte einen Moment."}
    assert 429 == 200
     +  where 429 = &lt;Response [429]&gt;.status_code</failure></testcase><testcase classname="backend.tests.test_iteration68_auth_enterprise.TestQuickLoginTiers" name="test_tier_login[standard]" time="1.607"><failure message="AssertionError: standard: {&quot;detail&quot;:&quot;Too many requests. Bitte warte einen Moment.&quot;}&#10;assert 429 == 200&#10; +  where 429 = &lt;Response [429]&gt;.status_code">E   AssertionError: standard: {"detail":"Too many requests. Bitte warte einen Moment."}
    assert 429 == 200
     +  where 429 = &lt;Response [429]&gt;.status_code</failure></testcase><testcase classname="backend.tests.test_iteration68_auth_enterprise.TestQuickLoginTiers" name="test_tier_login[accelerator]" time="1.606"><failure message="AssertionError: accelerator: {&quot;detail&quot;:&quot;Too many requests. Bitte warte einen Moment.&quot;}&#10;assert 429 == 200&#10; +  where 429 = &lt;Response [429]&gt;.status_code">E   AssertionError: accelerator: {"detail":"Too many requests. Bitte warte einen Moment."}
    assert 429 == 200
     +  where 429 = &lt;Response [429]&gt;.status_code</failure></testcase><testcase classname="backend.tests.test_iteration68_auth_enterprise.TestQuickLoginTiers" name="test_tier_login[accelerator-raten]" time="1.618"><failure message="AssertionError: accelerator-raten: {&quot;detail&quot;:&quot;Too many requests. Bitte warte einen Moment.&quot;}&#10;assert 429 == 200&#10; +  where 429 = &lt;Response [429]&gt;.status_code">E   AssertionError: accelerator-raten: {"detail":"Too many requests. Bitte warte einen Moment."}
    assert 429 == 200
     +  where 429 = &lt;Response [429]&gt;.status_code</failure></testcase><testcase classname="backend.tests.test_iteration68_auth_enterprise.TestProtected" name="test_no_cookie_returns_401" time="1.636" /><testcase classname="backend.tests.test_iteration68_auth_enterprise.TestRegressionEndpoints" name="test_community" time="0.104"><error message="failed on setup with &quot;assert 429 == 200&#10; +  where 429 = &lt;Response [429]&gt;.status_code&quot;">E   assert 429 == 200
     +  where 429 = &lt;Response [429]&gt;.status_code</error></testcase><testcase classname="backend.tests.test_iteration68_auth_enterprise.TestRegressionEndpoints" name="test_chat_sessions" time="0.000"><error message="failed on setup with &quot;assert 429 == 200&#10; +  where 429 = &lt;Response [429]&gt;.status_code&quot;">E   assert 429 == 200
     +  where 429 = &lt;Response [429]&gt;.status_code</error></testcase><testcase classname="backend.tests.test_iteration68_auth_enterprise.TestRegressionEndpoints" name="test_playbooks" time="0.001"><error message="failed on setup with &quot;assert 429 == 200&#10; +  where 429 = &lt;Response [429]&gt;.status_code&quot;">E   assert 429 == 200
     +  where 429 = &lt;Response [429]&gt;.status_code</error></testcase><testcase classname="backend.tests.test_iteration68_auth_enterprise.TestRegressionEndpoints" name="test_tools" time="0.000"><error message="failed on setup with &quot;assert 429 == 200&#10; +  where 429 = &lt;Response [429]&gt;.status_code&quot;">E   assert 429 == 200
     +  where 429 = &lt;Response [429]&gt;.status_code</error></testcase><testcase classname="backend.tests.test_iteration68_auth_enterprise.TestRegressionEndpoints" name="test_events" time="0.000"><error message="failed on setup with &quot;assert 429 == 200&#10; +  where 429 = &lt;Response [429]&gt;.status_code&quot;">E   assert 429 == 200
     +  where 429 = &lt;Response [429]&gt;.status_code</error></testcase><testcase classname="backend.tests.test_iteration68_auth_enterprise.TestRegressionEndpoints" name="test_dashboard" time="0.000"><error message="failed on setup with &quot;assert 429 == 200&#10; +  where 429 = &lt;Response [429]&gt;.status_code&quot;">E   assert 429 == 200
     +  where 429 = &lt;Response [429]&gt;.status_code</error></testcase></testsuite></testsuites>