<?xml version="1.0" encoding="utf-8"?><testsuites name="pytest tests"><testsuite name="pytest" errors="0" failures="0" skipped="0" tests="11" time="29.409" timestamp="2026-04-10T06:54:56.172236+00:00" hostname="agent-env-775dbe0a-65db-4e0a-a6c6-139aa0d4cc70"><testcase classname="backend.tests.test_iteration10.TestAuth" name="test_login_success" time="0.485" /><testcase classname="backend.tests.test_iteration10.TestChallengers" name="test_get_challengers_list" time="0.442" /><testcase classname="backend.tests.test_iteration10.TestChallengers" name="test_start_challenger" time="4.553" /><testcase classname="backend.tests.test_iteration10.TestChallengers" name="test_send_challenger_message" time="14.890" /><testcase classname="backend.tests.test_iteration10.TestChallengers" name="test_get_challengers_history" time="0.128" /><testcase classname="backend.tests.test_iteration10.TestPlaybooks" name="test_get_playbooks_list" time="0.469" /><testcase classname="backend.tests.test_iteration10.TestPlaybooks" name="test_start_playbook" time="0.107" /><testcase classname="backend.tests.test_iteration10.TestPlaybooks" name="test_playbook_step" time="6.907" /><testcase classname="backend.tests.test_iteration10.TestVideoChallenges" name="test_get_video_challenges_list" time="0.447" /><testcase classname="backend.tests.test_iteration10.TestVoiceTranscription" name="test_voice_transcribe_endpoint_exists" time="0.458" /><testcase classname="backend.tests.test_iteration10.TestDashboard" name="test_get_dashboard" time="0.451" /></testsuite></testsuites>