<?xml version="1.0" encoding="utf-8"?><testsuites name="pytest tests"><testsuite name="pytest" errors="0" failures="0" skipped="0" tests="21" time="18.254" timestamp="2026-04-10T09:31:32.666565+00:00" hostname="agent-env-775dbe0a-65db-4e0a-a6c6-139aa0d4cc70"><testcase classname="tests.test_iteration13.TestAuth" name="test_login_success" time="0.514" /><testcase classname="tests.test_iteration13.TestAuth" name="test_login_invalid_credentials" time="0.112" /><testcase classname="tests.test_iteration13.TestDashboard" name="test_dashboard_v4_loads" time="0.386" /><testcase classname="tests.test_iteration13.TestTasks" name="test_get_tasks" time="0.371" /><testcase classname="tests.test_iteration13.TestTasks" name="test_create_task" time="0.446" /><testcase classname="tests.test_iteration13.TestTasks" name="test_toggle_task_completion" time="0.522" /><testcase classname="tests.test_iteration13.TestTasks" name="test_delete_task" time="0.505" /><testcase classname="tests.test_iteration13.TestEvents" name="test_get_events" time="0.395" /><testcase classname="tests.test_iteration13.TestEvents" name="test_events_have_required_fields" time="0.429" /><testcase classname="tests.test_iteration13.TestEvents" name="test_event_registration" time="0.410" /><testcase classname="tests.test_iteration13.TestChallengers" name="test_get_challengers" time="0.367" /><testcase classname="tests.test_iteration13.TestChallengers" name="test_challenger_has_required_fields" time="0.377" /><testcase classname="tests.test_iteration13.TestChallengers" name="test_start_challenger" time="4.545" /><testcase classname="tests.test_iteration13.TestSimulations" name="test_get_scenarios" time="0.379" /><testcase classname="tests.test_iteration13.TestSimulations" name="test_scenarios_are_german" time="0.365" /><testcase classname="tests.test_iteration13.TestSimulations" name="test_start_simulation" time="5.938" /><testcase classname="tests.test_iteration13.TestPlaybooks" name="test_get_playbooks" time="0.404" /><testcase classname="tests.test_iteration13.TestDailyCheckin" name="test_get_today_checkin" time="0.375" /><testcase classname="tests.test_iteration13.TestDailyCheckin" name="test_get_checkin_history" time="0.365" /><testcase classname="tests.test_iteration13.TestProgress" name="test_get_progress" time="0.371" /><testcase classname="tests.test_iteration13.TestScorePersistence" name="test_xp_increases_on_task_completion" time="0.590" /></testsuite></testsuites>