<?xml version="1.0" encoding="utf-8"?><testsuites name="pytest tests"><testsuite name="pytest" errors="0" failures="0" skipped="0" tests="14" time="4.104" timestamp="2026-04-24T13:24:51.963337+00:00" hostname="agent-env-775dbe0a-65db-4e0a-a6c6-139aa0d4cc70"><testcase classname="backend.tests.test_iteration67_refactor.TestUserTierEndpoint" name="test_free_user_tier_shape" time="1.905" /><testcase classname="backend.tests.test_iteration67_refactor.TestUserTierEndpoint" name="test_starter_lifetime" time="0.121" /><testcase classname="backend.tests.test_iteration67_refactor.TestUserTierEndpoint" name="test_standard_has_days_remaining" time="0.117" /><testcase classname="backend.tests.test_iteration67_refactor.TestUserTierEndpoint" name="test_accelerator_full_access" time="0.116" /><testcase classname="backend.tests.test_iteration67_refactor.TestUserTierEndpoint" name="test_accelerator_raten_has_installment_info" time="0.113" /><testcase classname="backend.tests.test_iteration67_refactor.TestUserTierEndpoint" name="test_unauth_returns_401" time="0.209" /><testcase classname="backend.tests.test_iteration67_refactor.TestPaymentsRegression" name="test_checkout_status_endpoint_exists" time="0.112" /><testcase classname="backend.tests.test_iteration67_refactor.TestPaymentsRegression" name="test_stripe_webhook_rejects_invalid_signature" time="0.129" /><testcase classname="backend.tests.test_iteration67_refactor.TestCronMonthlyScorecard" name="test_endpoint_returns_ok" time="0.149" /><testcase classname="backend.tests.test_iteration67_refactor.TestVideoAnalyzeRouting" name="test_analyze_requires_auth" time="0.114" /><testcase classname="backend.tests.test_iteration67_refactor.TestVideoAnalyzeRouting" name="test_analyze_free_tier_paywall" time="0.102" /><testcase classname="backend.tests.test_iteration67_refactor.TestVideoAnalyzeRouting" name="test_analyze_accelerator_no_file_4xx" time="0.111" /><testcase classname="backend.tests.test_iteration67_refactor.TestAuthSmoke" name="test_login_sets_session_cookie" time="0.346" /><testcase classname="backend.tests.test_iteration67_refactor.TestAuthSmoke" name="test_auth_me_via_cookie" time="0.390" /></testsuite></testsuites>