<?xml version="1.0" encoding="utf-8"?><testsuites name="pytest tests"><testsuite name="pytest" errors="6" failures="9" skipped="0" tests="20" time="3.720" timestamp="2026-04-24T14:22:49.059513+00:00" hostname="agent-env-775dbe0a-65db-4e0a-a6c6-139aa0d4cc70"><testcase classname="backend.tests.test_iteration68_auth_enterprise.TestReLoginLoop" name="test_register_login_logout_cycle_x3" time="0.218"><failure message="AssertionError: {&quot;detail&quot;:[{&quot;type&quot;:&quot;value_error&quot;,&quot;loc&quot;:[&quot;body&quot;,&quot;email&quot;],&quot;msg&quot;:&quot;value is not a valid email address: The part after the @-sign is a special-use or reserved name that cannot be used with email.&quot;,&quot;input&quot;:&quot;TEST_reloop_0e32a71973@wladbot.test&quot;,&quot;ctx&quot;:{&quot;reason&quot;:&quot;The part after the @-sign is a special-use or reserved name that cannot be used with email.&quot;}}]}&#10;assert 422 == 200&#10; +  where 422 = &lt;Response [422]&gt;.status_code">backend/tests/test_iteration68_auth_enterprise.py:32: in test_register_login_logout_cycle_x3
    assert r.status_code == 200, r.text
E   AssertionError: {"detail":[{"type":"value_error","loc":["body","email"],"msg":"value is not a valid email address: The part after the @-sign is a special-use or reserved name that cannot be used with email.","input":"TEST_reloop_0e32a71973@wladbot.test","ctx":{"reason":"The part after the @-sign is a special-use or reserved name that cannot be used with email."}}]}
E   assert 422 == 200
E    +  where 422 = &lt;Response [422]&gt;.status_code</failure></testcase><testcase classname="backend.tests.test_iteration68_auth_enterprise.TestCaseInsensitiveEmail" name="test_register_mixed_login_lower" time="0.690" /><testcase classname="backend.tests.test_iteration68_auth_enterprise.TestCaseInsensitiveEmail" name="test_duplicate_register_case_insensitive_returns_400" time="0.736" /><testcase classname="backend.tests.test_iteration68_auth_enterprise.TestValidation" name="test_invalid_email_format" time="0.106" /><testcase classname="backend.tests.test_iteration68_auth_enterprise.TestValidation" name="test_weak_password_rejected" time="0.125" /><testcase classname="backend.tests.test_iteration68_auth_enterprise.TestBruteForce" name="test_10_failed_logins_trigger_429" time="0.228"><failure message="AssertionError: attempt 0: expected 401, got 422&#10;assert 422 == 401&#10; +  where 422 = &lt;Response [422]&gt;.status_code">backend/tests/test_iteration68_auth_enterprise.py:107: in test_10_failed_logins_trigger_429
    assert r.status_code == 401, f"attempt {i}: expected 401, got {r.status_code}"
E   AssertionError: attempt 0: expected 401, got 422
E   assert 422 == 401
E    +  where 422 = &lt;Response [422]&gt;.status_code</failure></testcase><testcase classname="backend.tests.test_iteration68_auth_enterprise.TestRaceRegister" name="test_parallel_register_only_one_succeeds" time="0.389"><failure message="AssertionError: expected exactly 1 success, got [422, 422, 422, 422, 422]&#10;assert 0 == 1&#10; +  where 0 = len([])">backend/tests/test_iteration68_auth_enterprise.py:132: in test_parallel_register_only_one_succeeds
    assert len(success) == 1, f"expected exactly 1 success, got {results}"
E   AssertionError: expected exactly 1 success, got [422, 422, 422, 422, 422]
E   assert 0 == 1
E    +  where 0 = len([])</failure></testcase><testcase classname="backend.tests.test_iteration68_auth_enterprise.TestSessionAndLogout" name="test_session_cookie_and_logout_clears" time="0.158"><failure message="AssertionError: session cookie missing after register&#10;assert 'session_token' in &lt;RequestsCookieJar[Cookie(version=0, name='__cf_bm', value='KalJPUMtPSxM1mIvRDKOGV7E8Vv1h.qKpGfi3OOiBiA-1777040571.7035258-1.0.1.1-5PN3EnxDfAFQvuS2oFop5S3fZyrWLIhKeWCcXYB016xQju1Jo7akbmB.j_SY34KQtHlnrfZitXbyATzUR32MhgB0VV0bqGntK2SvkRlWoGJG5oenag406QhnQLWHOERV', port=None, port_specified=False, domain='.preview.emergentagent.com', domain_specified=True, domain_initial_dot=False, path='/', path_specified=True, secure=True, expires=1777042371, discard=False, comment=None, comment_url=None, rest={'HttpOnly': None}, rfc2109=False)]&gt;&#10; +  where &lt;RequestsCookieJar[Cookie(version=0, name='__cf_bm', value='KalJPUMtPSxM1mIvRDKOGV7E8Vv1h.qKpGfi3OOiBiA-1777040571.7035258-1.0.1.1-5PN3EnxDfAFQvuS2oFop5S3fZyrWLIhKeWCcXYB016xQju1Jo7akbmB.j_SY34KQtHlnrfZitXbyATzUR32MhgB0VV0bqGntK2SvkRlWoGJG5oenag406QhnQLWHOERV', port=None, port_specified=False, domain='.preview.emergentagent.com', domain_specified=True, domain_initial_dot=False, path='/', path_specified=True, secure=True, expires=1777042371, discard=False, comment=None, comment_url=None, rest={'HttpOnly': None}, rfc2109=False)]&gt; = &lt;requests.sessions.Session object at 0xffbf143fa290&gt;.cookies">backend/tests/test_iteration68_auth_enterprise.py:141: in test_session_cookie_and_logout_clears
    assert "session_token" in s.cookies, "session cookie missing after register"
E   AssertionError: session cookie missing after register
E   assert 'session_token' in &lt;RequestsCookieJar[Cookie(version=0, name='__cf_bm', value='KalJPUMtPSxM1mIvRDKOGV7E8Vv1h.qKpGfi3OOiBiA-1777040571.7035258-1.0.1.1-5PN3EnxDfAFQvuS2oFop5S3fZyrWLIhKeWCcXYB016xQju1Jo7akbmB.j_SY34KQtHlnrfZitXbyATzUR32MhgB0VV0bqGntK2SvkRlWoGJG5oenag406QhnQLWHOERV', port=None, port_specified=False, domain='.preview.emergentagent.com', domain_specified=True, domain_initial_dot=False, path='/', path_specified=True, secure=True, expires=1777042371, discard=False, comment=None, comment_url=None, rest={'HttpOnly': None}, rfc2109=False)]&gt;
E    +  where &lt;RequestsCookieJar[Cookie(version=0, name='__cf_bm', value='KalJPUMtPSxM1mIvRDKOGV7E8Vv1h.qKpGfi3OOiBiA-1777040571.7035258-1.0.1.1-5PN3EnxDfAFQvuS2oFop5S3fZyrWLIhKeWCcXYB016xQju1Jo7akbmB.j_SY34KQtHlnrfZitXbyATzUR32MhgB0VV0bqGntK2SvkRlWoGJG5oenag406QhnQLWHOERV', port=None, port_specified=False, domain='.preview.emergentagent.com', domain_specified=True, domain_initial_dot=False, path='/', path_specified=True, secure=True, expires=1777042371, discard=False, comment=None, comment_url=None, rest={'HttpOnly': None}, rfc2109=False)]&gt; = &lt;requests.sessions.Session object at 0xffbf143fa290&gt;.cookies</failure></testcase><testcase classname="backend.tests.test_iteration68_auth_enterprise.TestQuickLoginTiers" name="test_tier_login[free]" time="0.101"><failure message="AssertionError: free: {&quot;detail&quot;:[{&quot;type&quot;:&quot;value_error&quot;,&quot;loc&quot;:[&quot;body&quot;,&quot;email&quot;],&quot;msg&quot;:&quot;value is not a valid email address: The part after the @-sign is a special-use or reserved name that cannot be used with email.&quot;,&quot;input&quot;:&quot;free@wladbot.test&quot;,&quot;ctx&quot;:{&quot;reason&quot;:&quot;The part after the @-sign is a special-use or reserved name that cannot be used with email.&quot;}}]}&#10;assert 422 == 200&#10; +  where 422 = &lt;Response [422]&gt;.status_code">backend/tests/test_iteration68_auth_enterprise.py:166: in test_tier_login
    assert r.status_code == 200, f"{tier}: {r.text}"
E   AssertionError: free: {"detail":[{"type":"value_error","loc":["body","email"],"msg":"value is not a valid email address: The part after the @-sign is a special-use or reserved name that cannot be used with email.","input":"free@wladbot.test","ctx":{"reason":"The part after the @-sign is a special-use or reserved name that cannot be used with email."}}]}
E   assert 422 == 200
E    +  where 422 = &lt;Response [422]&gt;.status_code</failure></testcase><testcase classname="backend.tests.test_iteration68_auth_enterprise.TestQuickLoginTiers" name="test_tier_login[starter]" time="0.106"><failure message="AssertionError: starter: {&quot;detail&quot;:[{&quot;type&quot;:&quot;value_error&quot;,&quot;loc&quot;:[&quot;body&quot;,&quot;email&quot;],&quot;msg&quot;:&quot;value is not a valid email address: The part after the @-sign is a special-use or reserved name that cannot be used with email.&quot;,&quot;input&quot;:&quot;starter@wladbot.test&quot;,&quot;ctx&quot;:{&quot;reason&quot;:&quot;The part after the @-sign is a special-use or reserved name that cannot be used with email.&quot;}}]}&#10;assert 422 == 200&#10; +  where 422 = &lt;Response [422]&gt;.status_code">backend/tests/test_iteration68_auth_enterprise.py:166: in test_tier_login
    assert r.status_code == 200, f"{tier}: {r.text}"
E   AssertionError: starter: {"detail":[{"type":"value_error","loc":["body","email"],"msg":"value is not a valid email address: The part after the @-sign is a special-use or reserved name that cannot be used with email.","input":"starter@wladbot.test","ctx":{"reason":"The part after the @-sign is a special-use or reserved name that cannot be used with email."}}]}
E   assert 422 == 200
E    +  where 422 = &lt;Response [422]&gt;.status_code</failure></testcase><testcase classname="backend.tests.test_iteration68_auth_enterprise.TestQuickLoginTiers" name="test_tier_login[standard]" time="0.151"><failure message="AssertionError: standard: {&quot;detail&quot;:[{&quot;type&quot;:&quot;value_error&quot;,&quot;loc&quot;:[&quot;body&quot;,&quot;email&quot;],&quot;msg&quot;:&quot;value is not a valid email address: The part after the @-sign is a special-use or reserved name that cannot be used with email.&quot;,&quot;input&quot;:&quot;standard@wladbot.test&quot;,&quot;ctx&quot;:{&quot;reason&quot;:&quot;The part after the @-sign is a special-use or reserved name that cannot be used with email.&quot;}}]}&#10;assert 422 == 200&#10; +  where 422 = &lt;Response [422]&gt;.status_code">backend/tests/test_iteration68_auth_enterprise.py:166: in test_tier_login
    assert r.status_code == 200, f"{tier}: {r.text}"
E   AssertionError: standard: {"detail":[{"type":"value_error","loc":["body","email"],"msg":"value is not a valid email address: The part after the @-sign is a special-use or reserved name that cannot be used with email.","input":"standard@wladbot.test","ctx":{"reason":"The part after the @-sign is a special-use or reserved name that cannot be used with email."}}]}
E   assert 422 == 200
E    +  where 422 = &lt;Response [422]&gt;.status_code</failure></testcase><testcase classname="backend.tests.test_iteration68_auth_enterprise.TestQuickLoginTiers" name="test_tier_login[accelerator]" time="0.214"><failure message="AssertionError: accelerator: {&quot;detail&quot;:[{&quot;type&quot;:&quot;value_error&quot;,&quot;loc&quot;:[&quot;body&quot;,&quot;email&quot;],&quot;msg&quot;:&quot;value is not a valid email address: The part after the @-sign is a special-use or reserved name that cannot be used with email.&quot;,&quot;input&quot;:&quot;accelerator@wladbot.test&quot;,&quot;ctx&quot;:{&quot;reason&quot;:&quot;The part after the @-sign is a special-use or reserved name that cannot be used with email.&quot;}}]}&#10;assert 422 == 200&#10; +  where 422 = &lt;Response [422]&gt;.status_code">backend/tests/test_iteration68_auth_enterprise.py:166: in test_tier_login
    assert r.status_code == 200, f"{tier}: {r.text}"
E   AssertionError: accelerator: {"detail":[{"type":"value_error","loc":["body","email"],"msg":"value is not a valid email address: The part after the @-sign is a special-use or reserved name that cannot be used with email.","input":"accelerator@wladbot.test","ctx":{"reason":"The part after the @-sign is a special-use or reserved name that cannot be used with email."}}]}
E   assert 422 == 200
E    +  where 422 = &lt;Response [422]&gt;.status_code</failure></testcase><testcase classname="backend.tests.test_iteration68_auth_enterprise.TestQuickLoginTiers" name="test_tier_login[accelerator-raten]" time="0.115"><failure message="AssertionError: accelerator-raten: {&quot;detail&quot;:&quot;Too many requests. Bitte warte einen Moment.&quot;}&#10;assert 429 == 200&#10; +  where 429 = &lt;Response [429]&gt;.status_code">backend/tests/test_iteration68_auth_enterprise.py:166: in test_tier_login
    assert r.status_code == 200, f"{tier}: {r.text}"
E   AssertionError: accelerator-raten: {"detail":"Too many requests. Bitte warte einen Moment."}
E   assert 429 == 200
E    +  where 429 = &lt;Response [429]&gt;.status_code</failure></testcase><testcase classname="backend.tests.test_iteration68_auth_enterprise.TestProtected" name="test_no_cookie_returns_401" time="0.112" /><testcase classname="backend.tests.test_iteration68_auth_enterprise.TestRegressionEndpoints" name="test_community" time="0.127"><error message="failed on setup with &quot;assert 429 == 200&#10; +  where 429 = &lt;Response [429]&gt;.status_code&quot;">backend/tests/test_iteration68_auth_enterprise.py:185: in authed
    assert r.status_code == 200
E   assert 429 == 200
E    +  where 429 = &lt;Response [429]&gt;.status_code</error></testcase><testcase classname="backend.tests.test_iteration68_auth_enterprise.TestRegressionEndpoints" name="test_chat_sessions" time="0.000"><error message="failed on setup with &quot;assert 429 == 200&#10; +  where 429 = &lt;Response [429]&gt;.status_code&quot;">backend/tests/test_iteration68_auth_enterprise.py:185: in authed
    assert r.status_code == 200
E   assert 429 == 200
E    +  where 429 = &lt;Response [429]&gt;.status_code</error></testcase><testcase classname="backend.tests.test_iteration68_auth_enterprise.TestRegressionEndpoints" name="test_playbooks" time="0.000"><error message="failed on setup with &quot;assert 429 == 200&#10; +  where 429 = &lt;Response [429]&gt;.status_code&quot;">backend/tests/test_iteration68_auth_enterprise.py:185: in authed
    assert r.status_code == 200
E   assert 429 == 200
E    +  where 429 = &lt;Response [429]&gt;.status_code</error></testcase><testcase classname="backend.tests.test_iteration68_auth_enterprise.TestRegressionEndpoints" name="test_tools" time="0.000"><error message="failed on setup with &quot;assert 429 == 200&#10; +  where 429 = &lt;Response [429]&gt;.status_code&quot;">backend/tests/test_iteration68_auth_enterprise.py:185: in authed
    assert r.status_code == 200
E   assert 429 == 200
E    +  where 429 = &lt;Response [429]&gt;.status_code</error></testcase><testcase classname="backend.tests.test_iteration68_auth_enterprise.TestRegressionEndpoints" name="test_events" time="0.000"><error message="failed on setup with &quot;assert 429 == 200&#10; +  where 429 = &lt;Response [429]&gt;.status_code&quot;">backend/tests/test_iteration68_auth_enterprise.py:185: in authed
    assert r.status_code == 200
E   assert 429 == 200
E    +  where 429 = &lt;Response [429]&gt;.status_code</error></testcase><testcase classname="backend.tests.test_iteration68_auth_enterprise.TestRegressionEndpoints" name="test_dashboard" time="0.000"><error message="failed on setup with &quot;assert 429 == 200&#10; +  where 429 = &lt;Response [429]&gt;.status_code&quot;">backend/tests/test_iteration68_auth_enterprise.py:185: in authed
    assert r.status_code == 200
E   assert 429 == 200
E    +  where 429 = &lt;Response [429]&gt;.status_code</error></testcase></testsuite></testsuites>