<?xml version="1.0" encoding="utf-8"?><testsuites name="pytest tests"><testsuite name="pytest" errors="0" failures="0" skipped="0" tests="22" time="141.942" timestamp="2026-04-12T08:39:36.372316+00:00" hostname="agent-env-775dbe0a-65db-4e0a-a6c6-139aa0d4cc70"><testcase classname="backend.tests.test_iteration18_phase123.TestGermanPlaybooks" name="test_get_playbooks_returns_german_titles" time="0.144" /><testcase classname="backend.tests.test_iteration18_phase123.TestGermanPlaybooks" name="test_playbooks_have_german_categories" time="0.106" /><testcase classname="backend.tests.test_iteration18_phase123.TestGermanPlaybooks" name="test_playbooks_have_german_step_prompts" time="0.107" /><testcase classname="backend.tests.test_iteration18_phase123.TestGermanTools" name="test_get_tools_returns_german_titles" time="0.099" /><testcase classname="backend.tests.test_iteration18_phase123.TestGermanChallengers" name="test_get_challengers_returns_german_descriptions" time="0.105" /><testcase classname="backend.tests.test_iteration18_phase123.TestGermanChallengers" name="test_challengers_have_german_test_prompts" time="0.093" /><testcase classname="backend.tests.test_iteration18_phase123.TestPersonaWorkflow" name="test_tool_accepts_persona_context" time="34.583" /><testcase classname="backend.tests.test_iteration18_phase123.TestPersonaWorkflow" name="test_tool_returns_german_response" time="23.409" /><testcase classname="backend.tests.test_iteration18_phase123.TestFiveRollenChat" name="test_chat_with_kommunikator_agent" time="12.162" /><testcase classname="backend.tests.test_iteration18_phase123.TestFiveRollenChat" name="test_chat_with_manager_agent" time="13.411" /><testcase classname="backend.tests.test_iteration18_phase123.TestFiveRollenChat" name="test_chat_with_team_leader_agent" time="13.151" /><testcase classname="backend.tests.test_iteration18_phase123.TestFiveRollenChat" name="test_chat_with_psychologe_agent" time="16.708" /><testcase classname="backend.tests.test_iteration18_phase123.TestFiveRollenChat" name="test_chat_with_problemloeser_agent" time="15.352" /><testcase classname="backend.tests.test_iteration18_phase123.TestFiveRollenChat" name="test_chat_with_auto_agent" time="11.389" /><testcase classname="backend.tests.test_iteration18_phase123.TestPlaybookFlow" name="test_start_playbook" time="0.120" /><testcase classname="backend.tests.test_iteration18_phase123.TestSidebarNavigation" name="test_dashboard_endpoint" time="0.103" /><testcase classname="backend.tests.test_iteration18_phase123.TestSidebarNavigation" name="test_tasks_endpoint" time="0.099" /><testcase classname="backend.tests.test_iteration18_phase123.TestSidebarNavigation" name="test_simulations_endpoint" time="0.096" /><testcase classname="backend.tests.test_iteration18_phase123.TestSidebarNavigation" name="test_events_endpoint" time="0.095" /><testcase classname="backend.tests.test_iteration18_phase123.TestSidebarNavigation" name="test_progress_endpoint" time="0.097" /><testcase classname="backend.tests.test_iteration18_phase123.TestAuthFlow" name="test_login_works" time="0.329" /><testcase classname="backend.tests.test_iteration18_phase123.TestAuthFlow" name="test_logout_works" time="0.104" /></testsuite></testsuites>