<?xml version="1.0" encoding="utf-8"?><testsuites name="pytest tests"><testsuite name="pytest" errors="0" failures="0" skipped="0" tests="18" time="30.522" timestamp="2026-04-12T20:06:33.498233+00:00" hostname="agent-env-775dbe0a-65db-4e0a-a6c6-139aa0d4cc70"><testcase classname="tests.test_iteration22_dashboard_redesign.TestAuthAndProfile" name="test_login_success" time="0.771" /><testcase classname="tests.test_iteration22_dashboard_redesign.TestAuthAndProfile" name="test_auth_me_returns_user" time="0.386" /><testcase classname="tests.test_iteration22_dashboard_redesign.TestAuthAndProfile" name="test_profile_update_position_company_industry" time="0.432" /><testcase classname="tests.test_iteration22_dashboard_redesign.TestDashboardV4" name="test_dashboard_v4_returns_leader_score" time="0.385" /><testcase classname="tests.test_iteration22_dashboard_redesign.TestDashboardV4" name="test_dashboard_v4_returns_user_with_profile" time="0.489" /><testcase classname="tests.test_iteration22_dashboard_redesign.TestDashboardV4" name="test_dashboard_v4_returns_streak" time="0.400" /><testcase classname="tests.test_iteration22_dashboard_redesign.TestDashboardV4" name="test_dashboard_v4_returns_weekly_activity" time="0.412" /><testcase classname="tests.test_iteration22_dashboard_redesign.TestDashboardV4" name="test_dashboard_v4_returns_stats" time="0.399" /><testcase classname="tests.test_iteration22_dashboard_redesign.TestDashboardV4" name="test_dashboard_v4_returns_what_matters" time="0.443" /><testcase classname="tests.test_iteration22_dashboard_redesign.TestReferralSystem" name="test_referral_code_endpoint" time="0.392" /><testcase classname="tests.test_iteration22_dashboard_redesign.TestReferralSystem" name="test_referral_leaderboard" time="0.428" /><testcase classname="tests.test_iteration22_dashboard_redesign.TestWladHubScores" name="test_wladhub_scores_in_user" time="0.382" /><testcase classname="tests.test_iteration22_dashboard_redesign.TestWladHubScores" name="test_wladhub_import_scores" time="0.430" /><testcase classname="tests.test_iteration22_dashboard_redesign.TestEnterpriseEndpoints" name="test_enterprise_questions_de" time="0.387" /><testcase classname="tests.test_iteration22_dashboard_redesign.TestEnterpriseEndpoints" name="test_enterprise_questions_en" time="0.403" /><testcase classname="tests.test_iteration22_dashboard_redesign.TestPlaybooksEndpoint" name="test_playbooks_list" time="0.385" /><testcase classname="tests.test_iteration22_dashboard_redesign.TestToolsEndpoint" name="test_tools_conversation_prep" time="23.051" /><testcase classname="tests.test_iteration22_dashboard_redesign.TestOnboardingEndpoint" name="test_wladhub_onboarding" time="0.494" /></testsuite></testsuites>