<?xml version="1.0" encoding="utf-8"?><testsuites name="pytest tests"><testsuite name="pytest" errors="0" failures="0" skipped="0" tests="9" time="3.848" timestamp="2026-04-15T10:17:02.904407+00:00" hostname="agent-env-775dbe0a-65db-4e0a-a6c6-139aa0d4cc70"><testcase classname="backend.tests.test_iteration45_refactoring.TestAuthentication" name="test_login_success" time="0.491" /><testcase classname="backend.tests.test_iteration45_refactoring.TestCreditsEndpoint" name="test_credits_returns_balance_and_limit" time="0.481" /><testcase classname="backend.tests.test_iteration45_refactoring.TestChallenge30Endpoints" name="test_quiz_day_1_returns_10_questions" time="0.442" /><testcase classname="backend.tests.test_iteration45_refactoring.TestChallenge30Endpoints" name="test_quiz_day_30_returns_10_questions" time="0.434" /><testcase classname="backend.tests.test_iteration45_refactoring.TestChallenge30Endpoints" name="test_quiz_submission_works" time="0.494" /><testcase classname="backend.tests.test_iteration45_refactoring.TestChallenge30Endpoints" name="test_challenge_status_endpoint" time="0.431" /><testcase classname="backend.tests.test_iteration45_refactoring.TestVideoEndpoints" name="test_video_challenges_list" time="0.097" /><testcase classname="backend.tests.test_iteration45_refactoring.TestVideoEndpoints" name="test_rating_preferences_endpoint" time="0.440" /><testcase classname="backend.tests.test_iteration45_refactoring.TestKINewsEndpoint" name="test_ki_news_daily" time="0.473" /></testsuite></testsuites>