<?xml version="1.0" encoding="utf-8"?><testsuites name="pytest tests"><testsuite name="pytest" errors="0" failures="0" skipped="0" tests="16" time="9.202" timestamp="2026-04-07T07:57:10.517426+00:00" hostname="agent-env-775dbe0a-65db-4e0a-a6c6-139aa0d4cc70"><testcase classname="tests.test_security_fixes.TestAuthSecurityFixes" name="test_login_returns_token_and_sets_cookie" time="0.365" /><testcase classname="tests.test_security_fixes.TestAuthSecurityFixes" name="test_register_returns_token_and_sets_cookie" time="0.330" /><testcase classname="tests.test_security_fixes.TestAuthSecurityFixes" name="test_auth_me_works_with_cookie" time="0.387" /><testcase classname="tests.test_security_fixes.TestAuthSecurityFixes" name="test_auth_me_works_with_jwt_header" time="0.442" /><testcase classname="tests.test_security_fixes.TestAuthSecurityFixes" name="test_logout_clears_session_cookie" time="0.411" /><testcase classname="tests.test_security_fixes.TestDashboardWithCookieAuth" name="test_dashboard_v4_with_cookie_auth" time="0.378" /><testcase classname="tests.test_security_fixes.TestDashboardWithCookieAuth" name="test_dashboard_v4_without_auth_fails" time="0.106" /><testcase classname="tests.test_security_fixes.TestDailyCheckinEndpoints" name="test_daily_checkin_post" time="4.505" /><testcase classname="tests.test_security_fixes.TestDailyCheckinEndpoints" name="test_daily_checkin_get_history" time="0.406" /><testcase classname="tests.test_security_fixes.TestDailyCheckinEndpoints" name="test_daily_checkin_today" time="0.371" /><testcase classname="tests.test_security_fixes.TestLeaderScoreEndpoint" name="test_leader_score_endpoint" time="0.390" /><testcase classname="tests.test_security_fixes.TestOtherAuthenticatedEndpoints" name="test_chat_sessions_endpoint" time="0.372" /><testcase classname="tests.test_security_fixes.TestOtherAuthenticatedEndpoints" name="test_simulations_scenarios_endpoint" time="0.096" /><testcase classname="tests.test_security_fixes.TestOtherAuthenticatedEndpoints" name="test_playbooks_endpoint" time="0.099" /><testcase classname="tests.test_security_fixes.TestOtherAuthenticatedEndpoints" name="test_challengers_endpoint" time="0.093" /><testcase classname="tests.test_security_fixes.TestOtherAuthenticatedEndpoints" name="test_tasks_endpoint" time="0.367" /></testsuite></testsuites>