<?xml version="1.0" encoding="utf-8"?><testsuites name="pytest tests"><testsuite name="pytest" errors="0" failures="0" skipped="0" tests="11" time="4.351" timestamp="2026-04-15T11:51:51.121298+00:00" hostname="agent-env-775dbe0a-65db-4e0a-a6c6-139aa0d4cc70"><testcase classname="backend.tests.test_iteration46_mypath.TestMyPathEndpoint" name="test_my_path_returns_200" time="0.578" /><testcase classname="backend.tests.test_iteration46_mypath.TestMyPathEndpoint" name="test_my_path_has_required_fields" time="0.393" /><testcase classname="backend.tests.test_iteration46_mypath.TestMyPathEndpoint" name="test_my_path_has_5_levels" time="0.378" /><testcase classname="backend.tests.test_iteration46_mypath.TestMyPathEndpoint" name="test_level_structure" time="0.429" /><testcase classname="backend.tests.test_iteration46_mypath.TestMyPathEndpoint" name="test_level_names_correct" time="0.382" /><testcase classname="backend.tests.test_iteration46_mypath.TestMyPathEndpoint" name="test_level_xp_thresholds" time="0.380" /><testcase classname="backend.tests.test_iteration46_mypath.TestMyPathEndpoint" name="test_scores_structure" time="0.381" /><testcase classname="backend.tests.test_iteration46_mypath.TestMyPathEndpoint" name="test_current_level_is_marked" time="0.389" /><testcase classname="backend.tests.test_iteration46_mypath.TestMyPathEndpoint" name="test_unlocked_levels_consistency" time="0.381" /><testcase classname="backend.tests.test_iteration46_mypath.TestMyPathEndpoint" name="test_xp_matches_current_level" time="0.443" /><testcase classname="backend.tests.test_iteration46_mypath.TestMyPathWithoutAuth" name="test_my_path_requires_auth" time="0.152" /></testsuite></testsuites>