<?xml version="1.0" encoding="utf-8"?><testsuites name="pytest tests"><testsuite name="pytest" errors="0" failures="0" skipped="0" tests="12" time="13.427" timestamp="2026-04-12T23:12:30.990162+00:00" hostname="agent-env-775dbe0a-65db-4e0a-a6c6-139aa0d4cc70"><testcase classname="backend.tests.test_iteration30_refactoring.TestAuthAndServices" name="test_login_returns_user_data" time="0.724" /><testcase classname="backend.tests.test_iteration30_refactoring.TestAuthAndServices" name="test_dashboard_with_auth" time="0.135" /><testcase classname="backend.tests.test_iteration30_refactoring.TestAuthAndServices" name="test_challenge30_status" time="0.108" /><testcase classname="backend.tests.test_iteration30_refactoring.TestAuthAndServices" name="test_challenge30_quiz_questions" time="0.099" /><testcase classname="backend.tests.test_iteration30_refactoring.TestPaymentPackages" name="test_packages_pricing" time="0.120" /><testcase classname="backend.tests.test_iteration30_refactoring.TestChatEndpoints" name="test_chat_sessions" time="0.473" /><testcase classname="backend.tests.test_iteration30_refactoring.TestChatEndpoints" name="test_chat_message" time="10.109" /><testcase classname="backend.tests.test_iteration30_refactoring.TestReferralEndpoints" name="test_referral_code" time="0.470" /><testcase classname="backend.tests.test_iteration30_refactoring.TestReferralEndpoints" name="test_referral_leaderboard" time="0.108" /><testcase classname="backend.tests.test_iteration30_refactoring.TestEnterpriseEndpoints" name="test_enterprise_questions" time="0.108" /><testcase classname="backend.tests.test_iteration30_refactoring.TestPlaybooksEndpoints" name="test_playbooks_list" time="0.477" /><testcase classname="backend.tests.test_iteration30_refactoring.TestVideoChallengeEndpoints" name="test_video_challenges_list" time="0.439" /></testsuite></testsuites>