<?xml version="1.0" encoding="utf-8"?><testsuites name="pytest tests"><testsuite name="pytest" errors="0" failures="7" skipped="0" tests="19" time="100.892" timestamp="2026-04-24T14:52:41.922409+00:00" hostname="agent-env-775dbe0a-65db-4e0a-a6c6-139aa0d4cc70"><testcase classname="backend.tests.test_iteration68_auth_enterprise.TestReLoginLoop" name="test_register_login_logout_cycle_x3" time="6.826" /><testcase classname="backend.tests.test_iteration68_auth_enterprise.TestCaseInsensitiveEmail" name="test_register_mixed_login_lower" time="5.725" /><testcase classname="backend.tests.test_iteration68_auth_enterprise.TestCaseInsensitiveEmail" name="test_duplicate_register_case_insensitive_returns_400" time="5.755" /><testcase classname="backend.tests.test_iteration68_auth_enterprise.TestValidation" name="test_invalid_email_format" time="5.141" /><testcase classname="backend.tests.test_iteration68_auth_enterprise.TestValidation" name="test_weak_password_rejected" time="5.133" /><testcase classname="backend.tests.test_iteration68_auth_enterprise.TestRaceRegister" name="test_parallel_register_only_one_succeeds" time="5.387"><failure message="AssertionError: expected exactly 1 success, got [429, 429, 429, 429, 429]&#10;assert 0 == 1&#10; +  where 0 = len([])">E   AssertionError: expected exactly 1 success, got [429, 429, 429, 429, 429]
    assert 0 == 1
     +  where 0 = len([])</failure></testcase><testcase classname="backend.tests.test_iteration68_auth_enterprise.TestSessionAndLogout" name="test_session_cookie_and_logout_clears" time="5.240"><failure message="AssertionError: session cookie missing after register&#10;assert 'session_token' in &lt;RequestsCookieJar[Cookie(version=0, name='__cf_bm', value='of8HVPQWnGuF192ZfqvRxTTeEhMUD3GYoFBLHBCD9aM-1777042401.090719-1.0.1.1-h_MOsgJT6Qn.RE9tuAx0S6mMuktZvGli3N1i2VWLBLDvA9SSU9Tg8t6N399AC.jbPmHy5FN_FooR7AUo6LhMBCRxtV2dngjVekVi6NT7LxdggGiVPwS9IoWWWaDZTONA', port=None, port_specified=False, domain='.preview.emergentagent.com', domain_specified=True, domain_initial_dot=False, path='/', path_specified=True, secure=True, expires=1777044201, discard=False, comment=None, comment_url=None, rest={'HttpOnly': None}, rfc2109=False)]&gt;&#10; +  where &lt;RequestsCookieJar[Cookie(version=0, name='__cf_bm', value='of8HVPQWnGuF192ZfqvRxTTeEhMUD3GYoFBLHBCD9aM-1777042401.090719-1.0.1.1-h_MOsgJT6Qn.RE9tuAx0S6mMuktZvGli3N1i2VWLBLDvA9SSU9Tg8t6N399AC.jbPmHy5FN_FooR7AUo6LhMBCRxtV2dngjVekVi6NT7LxdggGiVPwS9IoWWWaDZTONA', port=None, port_specified=False, domain='.preview.emergentagent.com', domain_specified=True, domain_initial_dot=False, path='/', path_specified=True, secure=True, expires=1777044201, discard=False, comment=None, comment_url=None, rest={'HttpOnly': None}, rfc2109=False)]&gt; = &lt;requests.sessions.Session object at 0xfd5efb647d90&gt;.cookies">E   AssertionError: session cookie missing after register
    assert 'session_token' in &lt;RequestsCookieJar[Cookie(version=0, name='__cf_bm', value='of8HVPQWnGuF192ZfqvRxTTeEhMUD3GYoFBLHBCD9aM-1777042401.090719-1.0.1.1-h_MOsgJT6Qn.RE9tuAx0S6mMuktZvGli3N1i2VWLBLDvA9SSU9Tg8t6N399AC.jbPmHy5FN_FooR7AUo6LhMBCRxtV2dngjVekVi6NT7LxdggGiVPwS9IoWWWaDZTONA', port=None, port_specified=False, domain='.preview.emergentagent.com', domain_specified=True, domain_initial_dot=False, path='/', path_specified=True, secure=True, expires=1777044201, discard=False, comment=None, comment_url=None, rest={'HttpOnly': None}, rfc2109=False)]&gt;
     +  where &lt;RequestsCookieJar[Cookie(version=0, name='__cf_bm', value='of8HVPQWnGuF192ZfqvRxTTeEhMUD3GYoFBLHBCD9aM-1777042401.090719-1.0.1.1-h_MOsgJT6Qn.RE9tuAx0S6mMuktZvGli3N1i2VWLBLDvA9SSU9Tg8t6N399AC.jbPmHy5FN_FooR7AUo6LhMBCRxtV2dngjVekVi6NT7LxdggGiVPwS9IoWWWaDZTONA', port=None, port_specified=False, domain='.preview.emergentagent.com', domain_specified=True, domain_initial_dot=False, path='/', path_specified=True, secure=True, expires=1777044201, discard=False, comment=None, comment_url=None, rest={'HttpOnly': None}, rfc2109=False)]&gt; = &lt;requests.sessions.Session object at 0xfd5efb647d90&gt;.cookies</failure></testcase><testcase classname="backend.tests.test_iteration68_auth_enterprise.TestQuickLoginTiers" name="test_tier_login[free]" time="5.210"><failure message="AssertionError: free: {&quot;detail&quot;:&quot;Too many requests. Bitte warte einen Moment.&quot;}&#10;assert 429 == 200&#10; +  where 429 = &lt;Response [429]&gt;.status_code">E   AssertionError: free: {"detail":"Too many requests. Bitte warte einen Moment."}
    assert 429 == 200
     +  where 429 = &lt;Response [429]&gt;.status_code</failure></testcase><testcase classname="backend.tests.test_iteration68_auth_enterprise.TestQuickLoginTiers" name="test_tier_login[starter]" time="5.140"><failure message="AssertionError: starter: {&quot;detail&quot;:&quot;Too many requests. Bitte warte einen Moment.&quot;}&#10;assert 429 == 200&#10; +  where 429 = &lt;Response [429]&gt;.status_code">E   AssertionError: starter: {"detail":"Too many requests. Bitte warte einen Moment."}
    assert 429 == 200
     +  where 429 = &lt;Response [429]&gt;.status_code</failure></testcase><testcase classname="backend.tests.test_iteration68_auth_enterprise.TestQuickLoginTiers" name="test_tier_login[standard]" time="5.136"><failure message="AssertionError: standard: {&quot;detail&quot;:&quot;Too many requests. Bitte warte einen Moment.&quot;}&#10;assert 429 == 200&#10; +  where 429 = &lt;Response [429]&gt;.status_code">E   AssertionError: standard: {"detail":"Too many requests. Bitte warte einen Moment."}
    assert 429 == 200
     +  where 429 = &lt;Response [429]&gt;.status_code</failure></testcase><testcase classname="backend.tests.test_iteration68_auth_enterprise.TestQuickLoginTiers" name="test_tier_login[accelerator]" time="5.148"><failure message="AssertionError: accelerator: {&quot;detail&quot;:&quot;Too many requests. Bitte warte einen Moment.&quot;}&#10;assert 429 == 200&#10; +  where 429 = &lt;Response [429]&gt;.status_code">E   AssertionError: accelerator: {"detail":"Too many requests. Bitte warte einen Moment."}
    assert 429 == 200
     +  where 429 = &lt;Response [429]&gt;.status_code</failure></testcase><testcase classname="backend.tests.test_iteration68_auth_enterprise.TestQuickLoginTiers" name="test_tier_login[accelerator-raten]" time="5.134"><failure message="AssertionError: accelerator-raten: {&quot;detail&quot;:&quot;Too many requests. Bitte warte einen Moment.&quot;}&#10;assert 429 == 200&#10; +  where 429 = &lt;Response [429]&gt;.status_code">E   AssertionError: accelerator-raten: {"detail":"Too many requests. Bitte warte einen Moment."}
    assert 429 == 200
     +  where 429 = &lt;Response [429]&gt;.status_code</failure></testcase><testcase classname="backend.tests.test_iteration68_auth_enterprise.TestProtected" name="test_no_cookie_returns_401" time="5.160" /><testcase classname="backend.tests.test_iteration68_auth_enterprise.TestRegressionEndpoints" name="test_community" time="5.410" /><testcase classname="backend.tests.test_iteration68_auth_enterprise.TestRegressionEndpoints" name="test_chat_sessions" time="5.064" /><testcase classname="backend.tests.test_iteration68_auth_enterprise.TestRegressionEndpoints" name="test_playbooks" time="5.050" /><testcase classname="backend.tests.test_iteration68_auth_enterprise.TestRegressionEndpoints" name="test_tools" time="5.052" /><testcase classname="backend.tests.test_iteration68_auth_enterprise.TestRegressionEndpoints" name="test_events" time="5.054" /><testcase classname="backend.tests.test_iteration68_auth_enterprise.TestRegressionEndpoints" name="test_dashboard" time="5.051" /></testsuite></testsuites>