<?xml version="1.0" encoding="utf-8"?><testsuites name="pytest tests"><testsuite name="pytest" errors="0" failures="0" skipped="0" tests="17" time="2.766" timestamp="2026-04-12T15:05:17.839224+00:00" hostname="agent-env-775dbe0a-65db-4e0a-a6c6-139aa0d4cc70"><testcase classname="tests.test_iteration21_referral_enterprise.TestAuth" name="test_login_success" time="0.363" /><testcase classname="tests.test_iteration21_referral_enterprise.TestReferralSystem" name="test_get_referral_code" time="0.408" /><testcase classname="tests.test_iteration21_referral_enterprise.TestReferralSystem" name="test_get_referral_leaderboard" time="0.062" /><testcase classname="tests.test_iteration21_referral_enterprise.TestReferralSystem" name="test_get_referral_certificate" time="0.049" /><testcase classname="tests.test_iteration21_referral_enterprise.TestReferralSystem" name="test_share_tracking" time="0.049" /><testcase classname="tests.test_iteration21_referral_enterprise.TestReferralSystem" name="test_share_tracking_twitter" time="0.048" /><testcase classname="tests.test_iteration21_referral_enterprise.TestReferralSystem" name="test_share_tracking_whatsapp" time="0.051" /><testcase classname="tests.test_iteration21_referral_enterprise.TestEnterpriseSystem" name="test_get_enterprise_questions_german" time="0.387" /><testcase classname="tests.test_iteration21_referral_enterprise.TestEnterpriseSystem" name="test_get_enterprise_questions_english" time="0.043" /><testcase classname="tests.test_iteration21_referral_enterprise.TestEnterpriseSystem" name="test_submit_enterprise_diagnosis" time="0.050" /><testcase classname="tests.test_iteration21_referral_enterprise.TestEnterpriseSystem" name="test_submit_enterprise_warm_lead" time="0.049" /><testcase classname="tests.test_iteration21_referral_enterprise.TestProfileUpdate" name="test_update_profile_position" time="0.399" /><testcase classname="tests.test_iteration21_referral_enterprise.TestProfileUpdate" name="test_update_profile_company" time="0.051" /><testcase classname="tests.test_iteration21_referral_enterprise.TestProfileUpdate" name="test_update_profile_industry" time="0.046" /><testcase classname="tests.test_iteration21_referral_enterprise.TestProfileUpdate" name="test_update_profile_all_fields" time="0.092" /><testcase classname="tests.test_iteration21_referral_enterprise.TestProfileUpdate" name="test_update_profile_ignores_invalid_fields" time="0.046" /><testcase classname="tests.test_iteration21_referral_enterprise.TestAuthLogout" name="test_logout" time="0.476" /></testsuite></testsuites>