<?xml version="1.0" encoding="utf-8"?><testsuites name="pytest tests"><testsuite name="pytest" errors="0" failures="0" skipped="0" tests="16" time="6.788" timestamp="2026-04-11T21:19:31.951281+00:00" hostname="agent-env-775dbe0a-65db-4e0a-a6c6-139aa0d4cc70"><testcase classname="backend.tests.test_iteration16_wladhub.TestWladHubAPI" name="test_wladhub_import_diagnosis" time="0.479" /><testcase classname="backend.tests.test_iteration16_wladhub.TestWladHubAPI" name="test_wladhub_get_diagnosis" time="0.453" /><testcase classname="backend.tests.test_iteration16_wladhub.TestWladHubAPI" name="test_wladhub_import_increases_xp" time="0.519" /><testcase classname="backend.tests.test_iteration16_wladhub.TestWladHubAPI" name="test_wladhub_onboarding_save" time="0.401" /><testcase classname="backend.tests.test_iteration16_wladhub.TestWladHubAPI" name="test_activity_log_records_wladhub_import" time="0.456" /><testcase classname="backend.tests.test_iteration16_wladhub.TestExistingEndpoints" name="test_api_root" time="0.398" /><testcase classname="backend.tests.test_iteration16_wladhub.TestExistingEndpoints" name="test_dashboard_v4" time="0.407" /><testcase classname="backend.tests.test_iteration16_wladhub.TestExistingEndpoints" name="test_leader_score" time="0.419" /><testcase classname="backend.tests.test_iteration16_wladhub.TestExistingEndpoints" name="test_video_challenges_list" time="0.398" /><testcase classname="backend.tests.test_iteration16_wladhub.TestExistingEndpoints" name="test_tasks_endpoint" time="0.394" /><testcase classname="backend.tests.test_iteration16_wladhub.TestExistingEndpoints" name="test_events_endpoint" time="0.430" /><testcase classname="backend.tests.test_iteration16_wladhub.TestExistingEndpoints" name="test_simulations_endpoint" time="0.393" /><testcase classname="backend.tests.test_iteration16_wladhub.TestExistingEndpoints" name="test_challengers_endpoint" time="0.407" /><testcase classname="backend.tests.test_iteration16_wladhub.TestExistingEndpoints" name="test_progress_endpoint" time="0.413" /><testcase classname="backend.tests.test_iteration16_wladhub.TestAuthFlow" name="test_login_with_test_credentials" time="0.353" /><testcase classname="backend.tests.test_iteration16_wladhub.TestAuthFlow" name="test_auth_me_endpoint" time="0.397" /></testsuite></testsuites>