<?xml version="1.0" encoding="utf-8"?><testsuites name="pytest tests"><testsuite name="pytest" errors="0" failures="2" skipped="0" tests="12" time="4.693" timestamp="2026-04-23T22:27:25.043098+00:00" hostname="agent-env-775dbe0a-65db-4e0a-a6c6-139aa0d4cc70"><testcase classname="tests.test_iteration60_profile" name="test_profile_me_all_tiers[free]" time="1.742" /><testcase classname="tests.test_iteration60_profile" name="test_profile_me_all_tiers[starter]" time="0.126" /><testcase classname="tests.test_iteration60_profile" name="test_profile_me_all_tiers[standard]" time="0.111" /><testcase classname="tests.test_iteration60_profile" name="test_profile_me_all_tiers[accelerator]" time="0.128" /><testcase classname="tests.test_iteration60_profile" name="test_profile_patch_partial_bio_persistence" time="0.286" /><testcase classname="tests.test_iteration60_profile" name="test_profile_patch_multi_fields" time="0.158"><failure message="assert 4 == 3">tests/test_iteration60_profile.py:59: in test_profile_patch_multi_fields
    assert r.json()["updated"] == 3
E   assert 4 == 3</failure></testcase><testcase classname="tests.test_iteration60_profile" name="test_profile_activity_de" time="0.133" /><testcase classname="tests.test_iteration60_profile" name="test_profile_activity_en_labels_differ" time="0.248" /><testcase classname="tests.test_iteration60_profile" name="test_profile_picture_upload" time="0.372" /><testcase classname="tests.test_iteration60_profile" name="test_community_post_appears_in_activity" time="0.220"><failure message="AssertionError: community_post missing in []&#10;assert 'community_post' in []">tests/test_iteration60_profile.py:124: in test_community_post_appears_in_activity
    assert "community_post" in actions, f"community_post missing in {actions}"
E   AssertionError: community_post missing in []
E   assert 'community_post' in []</failure></testcase><testcase classname="tests.test_iteration60_profile" name="test_regression_existing_endpoints" time="0.623" /><testcase classname="tests.test_iteration60_profile" name="test_regression_enterprise_submit" time="0.465" /></testsuite></testsuites>