<?xml version="1.0" encoding="utf-8"?><testsuites name="pytest tests"><testsuite name="pytest" errors="0" failures="0" skipped="0" tests="10" time="8.547" timestamp="2026-03-24T01:45:52.343039+00:00" hostname="agent-env-775dbe0a-65db-4e0a-a6c6-139aa0d4cc70"><testcase classname="backend.tests.test_v4_features.TestAuthentication" name="test_login_success" time="0.573" /><testcase classname="backend.tests.test_v4_features.TestDailyCheckin" name="test_get_today_checkin" time="0.487" /><testcase classname="backend.tests.test_v4_features.TestDailyCheckin" name="test_get_checkin_history" time="0.527" /><testcase classname="backend.tests.test_v4_features.TestDailyCheckin" name="test_post_daily_checkin" time="4.042" /><testcase classname="backend.tests.test_v4_features.TestLeaderScore" name="test_get_leader_score" time="0.515" /><testcase classname="backend.tests.test_v4_features.TestDashboardV4" name="test_get_dashboard_v4" time="0.482" /><testcase classname="backend.tests.test_v4_features.TestExistingEndpoints" name="test_get_simulations_scenarios" time="0.473" /><testcase classname="backend.tests.test_v4_features.TestExistingEndpoints" name="test_get_tools" time="0.454" /><testcase classname="backend.tests.test_v4_features.TestExistingEndpoints" name="test_get_video_challenges" time="0.461" /><testcase classname="backend.tests.test_v4_features.TestExistingEndpoints" name="test_get_tasks" time="0.463" /></testsuite></testsuites>