<?xml version="1.0" encoding="utf-8"?><testsuites name="pytest tests"><testsuite name="pytest" errors="0" failures="0" skipped="0" tests="14" time="6.170" timestamp="2026-04-15T10:00:23.058758+00:00" hostname="agent-env-775dbe0a-65db-4e0a-a6c6-139aa0d4cc70"><testcase classname="backend.tests.test_iteration44_credits.TestCreditsSystem" name="test_credits_endpoint_returns_200" time="0.423" /><testcase classname="backend.tests.test_iteration44_credits.TestCreditsSystem" name="test_credits_limit_is_50" time="0.375" /><testcase classname="backend.tests.test_iteration44_credits.TestCreditsSystem" name="test_credits_has_soft_pause_field" time="0.373" /><testcase classname="backend.tests.test_iteration44_credits.TestCreditsSystem" name="test_credits_has_balance_field" time="0.996" /><testcase classname="backend.tests.test_iteration44_credits.TestCreditsSystem" name="test_credits_has_is_premium_field" time="0.404" /><testcase classname="backend.tests.test_iteration44_credits.TestCreditsSystem" name="test_credits_has_total_used_field" time="0.394" /><testcase classname="backend.tests.test_iteration44_credits.TestDismissPause" name="test_dismiss_pause_returns_200" time="0.384" /><testcase classname="backend.tests.test_iteration44_credits.TestDismissPause" name="test_dismiss_pause_returns_dismissed_true" time="0.379" /><testcase classname="backend.tests.test_iteration44_credits.TestCreditsReset" name="test_reset_credits_returns_200" time="0.403" /><testcase classname="backend.tests.test_iteration44_credits.TestCreditsReset" name="test_reset_credits_sets_balance_to_50" time="0.383" /><testcase classname="backend.tests.test_iteration44_credits.TestCreditsReset" name="test_reset_credits_verify_with_get" time="0.424" /><testcase classname="backend.tests.test_iteration44_credits.TestPaymentPackages" name="test_packages_endpoint_returns_200" time="0.367" /><testcase classname="backend.tests.test_iteration44_credits.TestPaymentPackages" name="test_packages_has_standard_997" time="0.421" /><testcase classname="backend.tests.test_iteration44_credits.TestPaymentPackages" name="test_packages_has_fast_track_4797" time="0.377" /></testsuite></testsuites>