<?xml version="1.0" encoding="utf-8"?><testsuites name="pytest tests"><testsuite name="pytest" errors="0" failures="0" skipped="0" tests="13" time="2.707" timestamp="2026-04-13T10:09:23.836493+00:00" hostname="agent-env-775dbe0a-65db-4e0a-a6c6-139aa0d4cc70"><testcase classname="backend.tests.test_iteration36_dashboard_enterprise.TestAuth" name="test_login_success" time="0.350" /><testcase classname="backend.tests.test_iteration36_dashboard_enterprise.TestDashboardV4" name="test_dashboard_v4_endpoint" time="0.440" /><testcase classname="backend.tests.test_iteration36_dashboard_enterprise.TestDashboardV4" name="test_dashboard_legacy_endpoint" time="0.102" /><testcase classname="backend.tests.test_iteration36_dashboard_enterprise.TestEnterpriseFunnel" name="test_enterprise_submit_simple_form" time="0.472" /><testcase classname="backend.tests.test_iteration36_dashboard_enterprise.TestEnterpriseFunnel" name="test_enterprise_questions" time="0.104" /><testcase classname="backend.tests.test_iteration36_dashboard_enterprise.TestExistingFeatures" name="test_chat_sessions" time="0.426" /><testcase classname="backend.tests.test_iteration36_dashboard_enterprise.TestExistingFeatures" name="test_challenge30_status" time="0.110" /><testcase classname="backend.tests.test_iteration36_dashboard_enterprise.TestExistingFeatures" name="test_challenge30_days" time="0.106" /><testcase classname="backend.tests.test_iteration36_dashboard_enterprise.TestExistingFeatures" name="test_events_calendar" time="0.106" /><testcase classname="backend.tests.test_iteration36_dashboard_enterprise.TestExistingFeatures" name="test_referral_code" time="0.098" /><testcase classname="backend.tests.test_iteration36_dashboard_enterprise.TestExistingFeatures" name="test_simulations_list" time="0.108" /><testcase classname="backend.tests.test_iteration36_dashboard_enterprise.TestExistingFeatures" name="test_challengers_list" time="0.116" /><testcase classname="backend.tests.test_iteration36_dashboard_enterprise.TestExistingFeatures" name="test_tools_list" time="0.105" /></testsuite></testsuites>