<?xml version="1.0" encoding="utf-8"?><testsuites name="pytest tests"><testsuite name="pytest" errors="0" failures="0" skipped="0" tests="14" time="14.671" timestamp="2026-04-23T21:29:12.903896+00:00" hostname="agent-env-775dbe0a-65db-4e0a-a6c6-139aa0d4cc70"><testcase classname="backend.tests.test_iteration59_features" name="test_my_path_videos_tier[free-0]" time="2.226" /><testcase classname="backend.tests.test_iteration59_features" name="test_my_path_videos_tier[starter-6]" time="0.106" /><testcase classname="backend.tests.test_iteration59_features" name="test_my_path_videos_tier[standard-6]" time="0.141" /><testcase classname="backend.tests.test_iteration59_features" name="test_my_path_videos_tier[accelerator-10]" time="0.133" /><testcase classname="backend.tests.test_iteration59_features" name="test_wladhub_3layer[starter]" time="0.108" /><testcase classname="backend.tests.test_iteration59_features" name="test_wladhub_3layer[standard]" time="0.107" /><testcase classname="backend.tests.test_iteration59_features" name="test_wladhub_3layer[accelerator]" time="0.104" /><testcase classname="backend.tests.test_iteration59_features" name="test_admin_overview_structure" time="0.121" /><testcase classname="backend.tests.test_iteration59_features" name="test_admin_overview_forbidden_for_non_admin" time="0.151" /><testcase classname="backend.tests.test_iteration59_features" name="test_packages_contain_group_coaching" time="0.112" /><testcase classname="backend.tests.test_iteration59_features" name="test_checkout_group_coaching[group_coaching_monthly]" time="1.161" /><testcase classname="backend.tests.test_iteration59_features" name="test_checkout_group_coaching[group_coaching_annual]" time="9.747" /><testcase classname="backend.tests.test_iteration59_features" name="test_cron_installments_due" time="0.166" /><testcase classname="backend.tests.test_iteration59_features" name="test_cron_monthly_scorecard_idempotent" time="0.219" /></testsuite></testsuites>