<?xml version="1.0" encoding="utf-8"?><testsuites name="pytest tests"><testsuite name="pytest" errors="0" failures="0" skipped="0" tests="17" time="7.590" timestamp="2026-04-12T22:27:39.226367+00:00" hostname="agent-env-775dbe0a-65db-4e0a-a6c6-139aa0d4cc70"><testcase classname="backend.tests.test_iteration28_quiz_system.TestQuizSystemBackend" name="test_challenge30_status_returns_30_challenges" time="0.479" /><testcase classname="backend.tests.test_iteration28_quiz_system.TestQuizSystemBackend" name="test_challenge30_status_has_week_field" time="0.371" /><testcase classname="backend.tests.test_iteration28_quiz_system.TestQuizSystemBackend" name="test_challenge30_status_has_agent_field" time="0.375" /><testcase classname="backend.tests.test_iteration28_quiz_system.TestQuizSystemBackend" name="test_challenge30_status_has_duration_field" time="0.404" /><testcase classname="backend.tests.test_iteration28_quiz_system.TestQuizSystemBackend" name="test_quiz_day1_returns_10_questions" time="0.384" /><testcase classname="backend.tests.test_iteration28_quiz_system.TestQuizSystemBackend" name="test_quiz_day1_questions_have_options" time="0.388" /><testcase classname="backend.tests.test_iteration28_quiz_system.TestQuizSystemBackend" name="test_quiz_day1_no_correct_answers_exposed" time="0.379" /><testcase classname="backend.tests.test_iteration28_quiz_system.TestQuizSystemBackend" name="test_quiz_day2_returns_10_questions" time="0.464" /><testcase classname="backend.tests.test_iteration28_quiz_system.TestQuizSystemBackend" name="test_quiz_day2_challenge_info" time="0.392" /><testcase classname="backend.tests.test_iteration28_quiz_system.TestQuizSystemBackend" name="test_quiz_day3_returns_10_questions" time="0.413" /><testcase classname="backend.tests.test_iteration28_quiz_system.TestQuizSystemBackend" name="test_quiz_day3_challenge_info" time="0.389" /><testcase classname="backend.tests.test_iteration28_quiz_system.TestQuizSystemBackend" name="test_quiz_submission_scores_correctly" time="0.433" /><testcase classname="backend.tests.test_iteration28_quiz_system.TestQuizSystemBackend" name="test_quiz_all_correct_returns_100_and_passed" time="0.434" /><testcase classname="backend.tests.test_iteration28_quiz_system.TestQuizSystemBackend" name="test_quiz_mostly_wrong_returns_failed" time="0.408" /><testcase classname="backend.tests.test_iteration28_quiz_system.TestQuizSystemBackend" name="test_payments_packages_pricing" time="0.382" /><testcase classname="backend.tests.test_iteration28_quiz_system.TestQuizSystemBackend" name="test_login_works" time="0.668" /><testcase classname="backend.tests.test_iteration28_quiz_system.TestQuizSystemBackend" name="test_dashboard_loads_after_login" time="0.743" /></testsuite></testsuites>