<?xml version="1.0" encoding="utf-8"?><testsuites name="pytest tests"><testsuite name="pytest" errors="0" failures="0" skipped="0" tests="11" time="5.308" timestamp="2026-04-15T22:12:53.064903+00:00" hostname="agent-env-775dbe0a-65db-4e0a-a6c6-139aa0d4cc70"><testcase classname="backend.tests.test_iteration53_refactoring.TestHealthAndAuth" name="test_health_endpoint" time="0.272" /><testcase classname="backend.tests.test_iteration53_refactoring.TestHealthAndAuth" name="test_login_success" time="0.359" /><testcase classname="backend.tests.test_iteration53_refactoring.TestDashboardAPIs" name="test_dashboard_v4_endpoint" time="0.520" /><testcase classname="backend.tests.test_iteration53_refactoring.TestDashboardAPIs" name="test_credits_endpoint" time="0.447" /><testcase classname="backend.tests.test_iteration53_refactoring.TestDashboardAPIs" name="test_challenge30_status_endpoint" time="0.449" /><testcase classname="backend.tests.test_iteration53_refactoring.TestDashboardAPIs" name="test_ki_news_daily_endpoint" time="0.445" /><testcase classname="backend.tests.test_iteration53_refactoring.TestDashboardAPIs" name="test_my_path_endpoint" time="0.627" /><testcase classname="backend.tests.test_iteration53_refactoring.TestPaymentsAPI" name="test_payments_packages_endpoint" time="0.122" /><testcase classname="backend.tests.test_iteration53_refactoring.TestVideoChallengesAPI" name="test_video_challenges_endpoint" time="0.449" /><testcase classname="backend.tests.test_iteration53_refactoring.TestPaymentsHelperFunctions" name="test_checkout_endpoint_exists" time="1.071" /><testcase classname="backend.tests.test_iteration53_refactoring.TestPaymentsHelperFunctions" name="test_payment_history_endpoint" time="0.473" /></testsuite></testsuites>