<?xml version="1.0" encoding="utf-8"?><testsuites name="pytest tests"><testsuite name="pytest" errors="0" failures="0" skipped="0" tests="13" time="23.004" timestamp="2026-04-16T11:02:58.208821+00:00" hostname="agent-env-775dbe0a-65db-4e0a-a6c6-139aa0d4cc70"><testcase classname="backend.tests.test_iteration54_events.TestEventsAPI" name="test_get_all_events_returns_15" time="1.462" /><testcase classname="backend.tests.test_iteration54_events.TestEventsAPI" name="test_events_have_required_fields" time="1.403" /><testcase classname="backend.tests.test_iteration54_events.TestEventsAPI" name="test_live_tab_filter" time="1.537" /><testcase classname="backend.tests.test_iteration54_events.TestEventsAPI" name="test_replay_tab_filter" time="1.429" /><testcase classname="backend.tests.test_iteration54_events.TestEventsAPI" name="test_private_tab_filter" time="1.450" /><testcase classname="backend.tests.test_iteration54_events.TestEventsAPI" name="test_focus_tab_filter" time="1.425" /><testcase classname="backend.tests.test_iteration54_events.TestEventsAPI" name="test_event_registration" time="2.585" /><testcase classname="backend.tests.test_iteration54_events.TestEventsAPI" name="test_event_unregistration" time="2.537" /><testcase classname="backend.tests.test_iteration54_events.TestEventsAPI" name="test_event_detail" time="1.989" /><testcase classname="backend.tests.test_iteration54_events.TestFocusTimesAPI" name="test_get_focus_times" time="1.434" /><testcase classname="backend.tests.test_iteration54_events.TestFocusTimesAPI" name="test_save_focus_times" time="2.003" /><testcase classname="backend.tests.test_iteration54_events.TestFocusTimesAPI" name="test_delete_focus_time" time="2.519" /><testcase classname="backend.tests.test_iteration54_events.TestEventCounts" name="test_event_type_distribution" time="1.143" /></testsuite></testsuites>