<?xml version="1.0" encoding="utf-8"?><testsuites name="pytest tests"><testsuite name="pytest" errors="0" failures="0" skipped="0" tests="11" time="13.739" timestamp="2026-04-13T10:52:25.726634+00:00" hostname="agent-env-775dbe0a-65db-4e0a-a6c6-139aa0d4cc70"><testcase classname="backend.tests.test_iteration38_stripe_premium.TestAuth" name="test_login_success" time="0.469" /><testcase classname="backend.tests.test_iteration38_stripe_premium.TestPaymentPackages" name="test_get_packages" time="0.100" /><testcase classname="backend.tests.test_iteration38_stripe_premium.TestPaymentCheckout" name="test_create_checkout_standard_package" time="0.944" /><testcase classname="backend.tests.test_iteration38_stripe_premium.TestPaymentCheckout" name="test_create_checkout_invalid_package" time="0.448" /><testcase classname="backend.tests.test_iteration38_stripe_premium.TestPaymentCheckout" name="test_checkout_requires_auth" time="0.098" /><testcase classname="backend.tests.test_iteration38_stripe_premium.TestPaymentHistory" name="test_get_payment_history" time="0.474" /><testcase classname="backend.tests.test_iteration38_stripe_premium.TestPaymentHistory" name="test_payment_history_requires_auth" time="0.108" /><testcase classname="backend.tests.test_iteration38_stripe_premium.TestCreditsSystem" name="test_get_credits_free_user" time="0.450" /><testcase classname="backend.tests.test_iteration38_stripe_premium.TestChatCredits" name="test_chat_with_credits" time="10.019" /><testcase classname="backend.tests.test_iteration38_stripe_premium.TestCheckoutStatus" name="test_checkout_status_not_found" time="0.460" /><testcase classname="backend.tests.test_iteration38_stripe_premium.TestCheckoutStatus" name="test_checkout_status_requires_auth" time="0.105" /></testsuite></testsuites>