<?xml version="1.0" encoding="utf-8"?><testsuites name="pytest tests"><testsuite name="pytest" errors="0" failures="0" skipped="5" tests="13" time="4.817" timestamp="2026-04-13T09:41:30.383440+00:00" hostname="agent-env-775dbe0a-65db-4e0a-a6c6-139aa0d4cc70"><testcase classname="backend.tests.test_iteration35_premium_upgrade.TestAuthEndpoints" name="test_login_success" time="0.503" /><testcase classname="backend.tests.test_iteration35_premium_upgrade.TestAuthEndpoints" name="test_login_invalid_credentials" time="0.158" /><testcase classname="backend.tests.test_iteration35_premium_upgrade.TestAuthEndpoints" name="test_get_company_context" time="1.040" /><testcase classname="backend.tests.test_iteration35_premium_upgrade.TestAuthEndpoints" name="test_update_profile_with_company_context" time="0.565" /><testcase classname="backend.tests.test_iteration35_premium_upgrade.TestAuthEndpoints" name="test_auth_me_endpoint" time="0.377" /><testcase classname="backend.tests.test_iteration35_premium_upgrade.TestEventsEndpoints" name="test_get_events_calendar" time="0.378" /><testcase classname="backend.tests.test_iteration35_premium_upgrade.TestEventsEndpoints" name="test_get_events_list" time="0.415" /><testcase classname="backend.tests.test_iteration35_premium_upgrade.TestEventsEndpoints" name="test_get_event_detail" time="0.132"><skipped type="pytest.skip" message="Login failed - skipping events tests">/app/backend/tests/test_iteration35_premium_upgrade.py:171: Login failed - skipping events tests</skipped></testcase><testcase classname="backend.tests.test_iteration35_premium_upgrade.TestEventsEndpoints" name="test_event_registration_flow" time="0.110"><skipped type="pytest.skip" message="Login failed - skipping events tests">/app/backend/tests/test_iteration35_premium_upgrade.py:192: Login failed - skipping events tests</skipped></testcase><testcase classname="backend.tests.test_iteration35_premium_upgrade.TestDashboardEndpoints" name="test_dashboard_v4_endpoint" time="0.284"><skipped type="pytest.skip" message="Login failed - skipping dashboard tests">/app/backend/tests/test_iteration35_premium_upgrade.py:252: Login failed - skipping dashboard tests</skipped></testcase><testcase classname="backend.tests.test_iteration35_premium_upgrade.TestDashboardEndpoints" name="test_dashboard_has_challenge30" time="0.443"><skipped type="pytest.skip" message="Login failed - skipping dashboard tests">/app/backend/tests/test_iteration35_premium_upgrade.py:269: Login failed - skipping dashboard tests</skipped></testcase><testcase classname="backend.tests.test_iteration35_premium_upgrade.TestHealthAndBasics" name="test_api_health" time="0.237" /><testcase classname="backend.tests.test_iteration35_premium_upgrade.TestHealthAndBasics" name="test_events_types_present" time="0.101"><skipped type="pytest.skip" message="Login failed">/app/backend/tests/test_iteration35_premium_upgrade.py:304: Login failed</skipped></testcase></testsuite></testsuites>