<?xml version="1.0" encoding="utf-8"?><testsuites name="pytest tests"><testsuite name="pytest" errors="0" failures="0" skipped="0" tests="19" time="233.792" timestamp="2026-04-24T14:56:30.978228+00:00" hostname="agent-env-775dbe0a-65db-4e0a-a6c6-139aa0d4cc70"><testcase classname="backend.tests.test_iteration68_auth_enterprise.TestReLoginLoop" name="test_register_login_logout_cycle_x3" time="6.833" /><testcase classname="backend.tests.test_iteration68_auth_enterprise.TestCaseInsensitiveEmail" name="test_register_mixed_login_lower" time="5.753" /><testcase classname="backend.tests.test_iteration68_auth_enterprise.TestCaseInsensitiveEmail" name="test_duplicate_register_case_insensitive_returns_400" time="5.742" /><testcase classname="backend.tests.test_iteration68_auth_enterprise.TestValidation" name="test_invalid_email_format" time="5.163" /><testcase classname="backend.tests.test_iteration68_auth_enterprise.TestValidation" name="test_weak_password_rejected" time="5.185" /><testcase classname="backend.tests.test_iteration68_auth_enterprise.TestRaceRegister" name="test_parallel_register_only_one_succeeds" time="136.186" /><testcase classname="backend.tests.test_iteration68_auth_enterprise.TestSessionAndLogout" name="test_session_cookie_and_logout_clears" time="5.805" /><testcase classname="backend.tests.test_iteration68_auth_enterprise.TestQuickLoginTiers" name="test_tier_login[free]" time="5.439" /><testcase classname="backend.tests.test_iteration68_auth_enterprise.TestQuickLoginTiers" name="test_tier_login[starter]" time="5.422" /><testcase classname="backend.tests.test_iteration68_auth_enterprise.TestQuickLoginTiers" name="test_tier_login[standard]" time="5.408" /><testcase classname="backend.tests.test_iteration68_auth_enterprise.TestQuickLoginTiers" name="test_tier_login[accelerator]" time="5.451" /><testcase classname="backend.tests.test_iteration68_auth_enterprise.TestQuickLoginTiers" name="test_tier_login[accelerator-raten]" time="5.421" /><testcase classname="backend.tests.test_iteration68_auth_enterprise.TestProtected" name="test_no_cookie_returns_401" time="5.166" /><testcase classname="backend.tests.test_iteration68_auth_enterprise.TestRegressionEndpoints" name="test_community" time="5.426" /><testcase classname="backend.tests.test_iteration68_auth_enterprise.TestRegressionEndpoints" name="test_chat_sessions" time="5.064" /><testcase classname="backend.tests.test_iteration68_auth_enterprise.TestRegressionEndpoints" name="test_playbooks" time="5.060" /><testcase classname="backend.tests.test_iteration68_auth_enterprise.TestRegressionEndpoints" name="test_tools" time="5.064" /><testcase classname="backend.tests.test_iteration68_auth_enterprise.TestRegressionEndpoints" name="test_events" time="5.064" /><testcase classname="backend.tests.test_iteration68_auth_enterprise.TestRegressionEndpoints" name="test_dashboard" time="5.063" /></testsuite></testsuites>