<?xml version="1.0" encoding="utf-8"?><testsuites name="pytest tests"><testsuite name="pytest" errors="0" failures="0" skipped="0" tests="17" time="26.315" timestamp="2026-04-24T10:25:59.842933+00:00" hostname="agent-env-775dbe0a-65db-4e0a-a6c6-139aa0d4cc70"><testcase classname="tests.test_iteration64_refactor.TestChatUploadDocument" name="test_txt_valid" time="0.590" /><testcase classname="tests.test_iteration64_refactor.TestChatUploadDocument" name="test_md_valid" time="0.115" /><testcase classname="tests.test_iteration64_refactor.TestChatUploadDocument" name="test_invalid_extension_returns_400" time="0.103" /><testcase classname="tests.test_iteration64_refactor.TestChatUploadDocument" name="test_no_extension_returns_400" time="0.106" /><testcase classname="tests.test_iteration64_refactor.TestChatUploadDocument" name="test_empty_txt_file_200_but_zero_chars" time="0.139" /><testcase classname="tests.test_iteration64_refactor.TestChatUploadDocument" name="test_no_auth_unauthorized" time="0.104" /><testcase classname="tests.test_iteration64_refactor.TestCronEventReminders" name="test_response_shape" time="0.105" /><testcase classname="tests.test_iteration64_refactor.TestDeepAssist" name="test_deep_assist_contract" time="23.555" /><testcase classname="tests.test_iteration64_refactor.TestDeepAssist" name="test_deep_assist_missing_situation_400" time="0.127" /><testcase classname="tests.test_iteration64_refactor.TestRegressionSmoke" name="test_profile_me" time="0.164" /><testcase classname="tests.test_iteration64_refactor.TestRegressionSmoke" name="test_auth_me" time="0.135" /><testcase classname="tests.test_iteration64_refactor.TestRegressionSmoke" name="test_voice_personas" time="0.114" /><testcase classname="tests.test_iteration64_refactor.TestRegressionSmoke" name="test_mypath_videos" time="0.106" /><testcase classname="tests.test_iteration64_refactor.TestRegressionSmoke" name="test_community_feed" time="0.105" /><testcase classname="tests.test_iteration64_refactor.TestRegressionSmoke" name="test_admin_overview" time="0.480" /><testcase classname="tests.test_iteration64_refactor.TestRegressionSmoke" name="test_cron_monthly_scorecard" time="0.106" /><testcase classname="tests.test_iteration64_refactor.TestRegressionSmoke" name="test_payments_checkout_requires_body" time="0.108" /></testsuite></testsuites>