<?xml version="1.0" encoding="utf-8"?><testsuites name="pytest tests"><testsuite name="pytest" errors="0" failures="0" skipped="1" tests="5" time="0.978" timestamp="2026-05-06T14:54:42.806353+00:00" hostname="agent-env-775dbe0a-65db-4e0a-a6c6-139aa0d4cc70"><testcase classname="backend.tests.test_iteration72_voice_conversation.TestPersonas" name="test_personas_returns_200_and_full_registry" time="0.317" /><testcase classname="backend.tests.test_iteration72_voice_conversation.TestVoiceConversationAuth" name="test_no_auth_returns_401" time="0.057" /><testcase classname="backend.tests.test_iteration72_voice_conversation.TestVoiceConversationAuth" name="test_invalid_persona_returns_400" time="0.426" /><testcase classname="backend.tests.test_iteration72_voice_conversation.TestVoiceConversationAuth" name="test_empty_audio_returns_400_or_402" time="0.069" /><testcase classname="backend.tests.test_iteration72_voice_conversation.TestVoiceConversationAuth" name="test_endpoint_exists_in_openapi" time="0.052"><skipped type="pytest.skip" message="openapi not available">/app/backend/tests/test_iteration72_voice_conversation.py:97: openapi not available</skipped></testcase></testsuite></testsuites>