<?xml version="1.0" encoding="utf-8"?><testsuites name="pytest tests"><testsuite name="pytest" errors="0" failures="0" skipped="0" tests="15" time="2.769" timestamp="2026-04-12T21:02:08.698481+00:00" hostname="agent-env-775dbe0a-65db-4e0a-a6c6-139aa0d4cc70"><testcase classname="backend.tests.test_iteration26_german_localization.TestGermanLocalization" name="test_challengers_returns_8_items" time="0.180" /><testcase classname="backend.tests.test_iteration26_german_localization.TestGermanLocalization" name="test_all_challenger_titles_are_german" time="0.112" /><testcase classname="backend.tests.test_iteration26_german_localization.TestGermanLocalization" name="test_challenger_styles_are_german" time="0.116" /><testcase classname="backend.tests.test_iteration26_german_localization.TestGermanLocalization" name="test_musk_test_prompt_is_german" time="0.130" /><testcase classname="backend.tests.test_iteration26_german_localization.TestGermanLocalization" name="test_simulations_scenarios_returns_12_items" time="0.126" /><testcase classname="backend.tests.test_iteration26_german_localization.TestGermanLocalization" name="test_all_simulation_titles_are_german" time="0.106" /><testcase classname="backend.tests.test_iteration26_german_localization.TestGermanLocalization" name="test_playbooks_returns_5_items" time="0.102" /><testcase classname="backend.tests.test_iteration26_german_localization.TestGermanLocalization" name="test_all_playbook_titles_are_german" time="0.108" /><testcase classname="backend.tests.test_iteration26_german_localization.TestStripePricing" name="test_packages_returns_3_items" time="0.099" /><testcase classname="backend.tests.test_iteration26_german_localization.TestStripePricing" name="test_premium_package_is_697_eur" time="0.136" /><testcase classname="backend.tests.test_iteration26_german_localization.TestStripePricing" name="test_starter_package_is_297_eur" time="0.108" /><testcase classname="backend.tests.test_iteration26_german_localization.TestStripePricing" name="test_enterprise_package_is_2497_eur" time="0.123" /><testcase classname="backend.tests.test_iteration26_german_localization.TestAuthAndDashboard" name="test_login_works" time="0.340" /><testcase classname="backend.tests.test_iteration26_german_localization.TestAuthAndDashboard" name="test_dashboard_loads_with_auth" time="0.470" /><testcase classname="backend.tests.test_iteration26_german_localization.TestAuthAndDashboard" name="test_challenge30_status_works" time="0.443" /></testsuite></testsuites>