<?xml version="1.0" encoding="utf-8"?><testsuites name="pytest tests"><testsuite name="pytest" errors="0" failures="0" skipped="0" tests="23" time="26.257" timestamp="2026-04-15T21:40:43.404294+00:00" hostname="agent-env-775dbe0a-65db-4e0a-a6c6-139aa0d4cc70"><testcase classname="backend.tests.test_iteration52_quiz_content.TestQuizBankContent" name="test_quiz_day1_returns_10_questions" time="0.566" /><testcase classname="backend.tests.test_iteration52_quiz_content.TestQuizBankContent" name="test_quiz_day1_has_mckinsey_reference" time="0.552" /><testcase classname="backend.tests.test_iteration52_quiz_content.TestQuizBankContent" name="test_quiz_day1_has_bcg_reference" time="0.560" /><testcase classname="backend.tests.test_iteration52_quiz_content.TestQuizBankContent" name="test_quiz_day1_has_wef_reference" time="0.571" /><testcase classname="backend.tests.test_iteration52_quiz_content.TestQuizBankContent" name="test_quiz_day1_has_arvind_krishna_reference" time="0.553" /><testcase classname="backend.tests.test_iteration52_quiz_content.TestQuizBankContent" name="test_quiz_day3_returns_10_questions" time="0.561" /><testcase classname="backend.tests.test_iteration52_quiz_content.TestQuizBankContent" name="test_quiz_day3_has_wlad_reference" time="0.541" /><testcase classname="backend.tests.test_iteration52_quiz_content.TestQuizBankContent" name="test_quiz_day3_has_kim_scott_reference" time="0.529" /><testcase classname="backend.tests.test_iteration52_quiz_content.TestQuizBankContent" name="test_quiz_day3_has_project_aristotle_reference" time="0.522" /><testcase classname="backend.tests.test_iteration52_quiz_content.TestQuizBankContent" name="test_quiz_day3_has_huberman_reference" time="0.549" /><testcase classname="backend.tests.test_iteration52_quiz_content.TestQuizBankContent" name="test_quiz_day4_returns_10_questions" time="0.508" /><testcase classname="backend.tests.test_iteration52_quiz_content.TestQuizBankContent" name="test_quiz_day4_has_goleman_reference" time="0.522" /><testcase classname="backend.tests.test_iteration52_quiz_content.TestQuizBankContent" name="test_quiz_day4_has_brene_brown_reference" time="0.515" /><testcase classname="backend.tests.test_iteration52_quiz_content.TestQuizBankContent" name="test_quiz_day4_has_amy_edmondson_reference" time="0.551" /><testcase classname="backend.tests.test_iteration52_quiz_content.TestQuizBankContent" name="test_quiz_day4_has_viktor_frankl_reference" time="0.543" /><testcase classname="backend.tests.test_iteration52_quiz_content.TestDashboardAndMyPath" name="test_dashboard_v4_returns_200" time="0.548" /><testcase classname="backend.tests.test_iteration52_quiz_content.TestDashboardAndMyPath" name="test_dashboard_v4_has_weekly_activity" time="0.536" /><testcase classname="backend.tests.test_iteration52_quiz_content.TestDashboardAndMyPath" name="test_my_path_returns_levels" time="0.537" /><testcase classname="backend.tests.test_iteration52_quiz_content.TestDashboardAndMyPath" name="test_my_path_levels_have_certificates" time="0.536" /><testcase classname="backend.tests.test_iteration52_quiz_content.TestQuizBankStructure" name="test_all_30_days_have_10_questions" time="15.279" /><testcase classname="backend.tests.test_iteration52_quiz_content.TestAPIHealth" name="test_api_root_returns_version" time="0.120" /><testcase classname="backend.tests.test_iteration52_quiz_content.TestAPIHealth" name="test_login_with_valid_credentials" time="0.360" /><testcase classname="backend.tests.test_iteration52_quiz_content.TestAPIHealth" name="test_login_with_invalid_credentials" time="0.110" /></testsuite></testsuites>