<?xml version="1.0" encoding="utf-8"?><testsuites name="pytest tests"><testsuite name="pytest" errors="0" failures="0" skipped="0" tests="21" time="5.148" timestamp="2026-04-15T01:20:53.460972+00:00" hostname="agent-env-775dbe0a-65db-4e0a-a6c6-139aa0d4cc70"><testcase classname="tests.test_iteration43_features.TestKiNewsAPI" name="test_ki_news_returns_200" time="1.979" /><testcase classname="tests.test_iteration43_features.TestKiNewsAPI" name="test_ki_news_has_fact_of_the_day" time="0.654" /><testcase classname="tests.test_iteration43_features.TestKiNewsAPI" name="test_fact_of_the_day_has_required_fields" time="0.615" /><testcase classname="tests.test_iteration43_features.TestKiNewsAPI" name="test_quote_of_the_day_has_coach_prompt" time="0.601" /><testcase classname="tests.test_iteration43_features.TestKiNewsAPI" name="test_trends_have_coach_prompt" time="0.612" /><testcase classname="tests.test_iteration43_features.TestKiNewsAPI" name="test_trends_have_impact_field" time="0.617" /><testcase classname="tests.test_iteration43_features.TestQuizBankStructure" name="test_quiz_bank_has_30_days" time="0.000" /><testcase classname="tests.test_iteration43_features.TestQuizBankStructure" name="test_each_day_has_10_questions" time="0.000" /><testcase classname="tests.test_iteration43_features.TestQuizBankStructure" name="test_total_300_questions" time="0.000" /><testcase classname="tests.test_iteration43_features.TestQuizDay5HarderContent" name="test_day5_has_gartner_reference" time="0.000" /><testcase classname="tests.test_iteration43_features.TestQuizDay5HarderContent" name="test_day5_has_mckinsey_reference" time="0.000" /><testcase classname="tests.test_iteration43_features.TestQuizDay5HarderContent" name="test_day5_has_hbr_reference" time="0.000" /><testcase classname="tests.test_iteration43_features.TestQuizDay5HarderContent" name="test_day5_has_wef_reference" time="0.000" /><testcase classname="tests.test_iteration43_features.TestQuizDay15HarderContent" name="test_day15_has_harari_reference" time="0.000" /><testcase classname="tests.test_iteration43_features.TestQuizDay15HarderContent" name="test_day15_has_stanford_reference" time="0.000" /><testcase classname="tests.test_iteration43_features.TestQuizDay15HarderContent" name="test_day15_has_bezos_or_jobs_reference" time="0.000" /><testcase classname="tests.test_iteration43_features.TestQuizDay25HarderContent" name="test_day25_has_thiel_reference" time="0.000" /><testcase classname="tests.test_iteration43_features.TestQuizDay25HarderContent" name="test_day25_has_jensen_huang_reference" time="0.000" /><testcase classname="tests.test_iteration43_features.TestQuizDay25HarderContent" name="test_day25_has_altman_reference" time="0.000" /><testcase classname="tests.test_iteration43_features.TestQuizDay25HarderContent" name="test_day25_has_jobs_reference" time="0.000" /><testcase classname="tests.test_iteration43_features.TestQuizDay22HarderContent" name="test_day22_has_ai_content" time="0.000" /></testsuite></testsuites>