<?xml version="1.0" encoding="utf-8"?><testsuites name="pytest tests"><testsuite name="pytest" errors="0" failures="0" skipped="0" tests="27" time="4.538" timestamp="2026-04-15T19:12:52.883695+00:00" hostname="agent-env-775dbe0a-65db-4e0a-a6c6-139aa0d4cc70"><testcase classname="tests.test_iteration49_refactoring.TestChallengers" name="test_challengers_returns_200" time="0.377" /><testcase classname="tests.test_iteration49_refactoring.TestChallengers" name="test_challengers_returns_list" time="0.160" /><testcase classname="tests.test_iteration49_refactoring.TestChallengers" name="test_challengers_structure" time="0.110" /><testcase classname="tests.test_iteration49_refactoring.TestAuthProfile" name="test_profile_update_name" time="0.771" /><testcase classname="tests.test_iteration49_refactoring.TestAuthProfile" name="test_profile_update_rating_preferences_sanitized" time="0.114" /><testcase classname="tests.test_iteration49_refactoring.TestAuthProfile" name="test_profile_update_rating_preferences_invalid_filtered" time="0.118" /><testcase classname="tests.test_iteration49_refactoring.TestAuthProfile" name="test_profile_update_company_context_sanitized" time="0.192" /><testcase classname="tests.test_iteration49_refactoring.TestAuthProfile" name="test_profile_update_company_context_extra_fields_filtered" time="0.131" /><testcase classname="tests.test_iteration49_refactoring.TestDashboardV4" name="test_dashboard_v4_returns_200" time="0.161" /><testcase classname="tests.test_iteration49_refactoring.TestDashboardV4" name="test_dashboard_v4_has_challenge30" time="0.131" /><testcase classname="tests.test_iteration49_refactoring.TestDashboardV4" name="test_dashboard_v4_has_leader_score" time="0.135" /><testcase classname="tests.test_iteration49_refactoring.TestDashboardV4" name="test_dashboard_v4_has_weekly_activity" time="0.134" /><testcase classname="tests.test_iteration49_refactoring.TestMyPath" name="test_my_path_returns_200" time="0.120" /><testcase classname="tests.test_iteration49_refactoring.TestMyPath" name="test_my_path_has_5_levels" time="0.126" /><testcase classname="tests.test_iteration49_refactoring.TestMyPath" name="test_my_path_german_level_names" time="0.122" /><testcase classname="tests.test_iteration49_refactoring.TestMyPath" name="test_my_path_has_certificates" time="0.156" /><testcase classname="tests.test_iteration49_refactoring.TestMyPath" name="test_my_path_level_data_structure" time="0.125" /><testcase classname="tests.test_iteration49_refactoring.TestCredits" name="test_credits_returns_200" time="0.121" /><testcase classname="tests.test_iteration49_refactoring.TestCredits" name="test_credits_has_balance" time="0.127" /><testcase classname="tests.test_iteration49_refactoring.TestCredits" name="test_credits_has_limit_50" time="0.149" /><testcase classname="tests.test_iteration49_refactoring.TestKiNewsDaily" name="test_ki_news_returns_200" time="0.116" /><testcase classname="tests.test_iteration49_refactoring.TestKiNewsDaily" name="test_ki_news_has_quote" time="0.138" /><testcase classname="tests.test_iteration49_refactoring.TestKiNewsDaily" name="test_ki_news_has_trends" time="0.122" /><testcase classname="tests.test_iteration49_refactoring.TestKiNewsDaily" name="test_ki_news_has_fact" time="0.125" /><testcase classname="tests.test_iteration49_refactoring.TestAuthRequired" name="test_dashboard_v4_requires_auth" time="0.143" /><testcase classname="tests.test_iteration49_refactoring.TestAuthRequired" name="test_my_path_requires_auth" time="0.121" /><testcase classname="tests.test_iteration49_refactoring.TestAuthRequired" name="test_credits_requires_auth" time="0.106" /></testsuite></testsuites>