<?xml version="1.0" encoding="utf-8"?><testsuites name="pytest tests"><testsuite name="pytest" errors="0" failures="0" skipped="0" tests="21" time="51.603" timestamp="2026-04-15T01:08:42.748943+00:00" hostname="agent-env-775dbe0a-65db-4e0a-a6c6-139aa0d4cc70"><testcase classname="backend.tests.test_iteration42_features.TestPaymentsPackages" name="test_packages_endpoint_returns_200" time="4.493" /><testcase classname="backend.tests.test_iteration42_features.TestPaymentsPackages" name="test_packages_returns_list" time="2.106" /><testcase classname="backend.tests.test_iteration42_features.TestPaymentsPackages" name="test_packages_has_three_packages" time="2.131" /><testcase classname="backend.tests.test_iteration42_features.TestPaymentsPackages" name="test_packages_has_standard" time="2.147" /><testcase classname="backend.tests.test_iteration42_features.TestPaymentsPackages" name="test_packages_has_fast_track" time="2.118" /><testcase classname="backend.tests.test_iteration42_features.TestPaymentsPackages" name="test_packages_has_enterprise" time="2.139" /><testcase classname="backend.tests.test_iteration42_features.TestPaymentsPackages" name="test_packages_have_required_fields" time="2.110" /><testcase classname="backend.tests.test_iteration42_features.TestKiNewsDaily" name="test_ki_news_endpoint_returns_200" time="2.165" /><testcase classname="backend.tests.test_iteration42_features.TestKiNewsDaily" name="test_ki_news_has_date" time="2.140" /><testcase classname="backend.tests.test_iteration42_features.TestKiNewsDaily" name="test_ki_news_has_quote_of_the_day" time="2.100" /><testcase classname="backend.tests.test_iteration42_features.TestKiNewsDaily" name="test_ki_news_quote_is_from_ai_leader" time="2.134" /><testcase classname="backend.tests.test_iteration42_features.TestKiNewsDaily" name="test_ki_news_has_trends" time="2.144" /><testcase classname="backend.tests.test_iteration42_features.TestKiNewsDaily" name="test_ki_news_trends_have_required_fields" time="2.136" /><testcase classname="backend.tests.test_iteration42_features.TestKiNewsDaily" name="test_ki_news_has_total_trends_count" time="2.128" /><testcase classname="backend.tests.test_iteration42_features.TestQuizBankContent" name="test_quiz_day2_has_saas_to_gaas_content" time="2.128" /><testcase classname="backend.tests.test_iteration42_features.TestQuizBankContent" name="test_quiz_day2_has_ai_leader_quotes" time="2.121" /><testcase classname="backend.tests.test_iteration42_features.TestQuizBankContent" name="test_quiz_has_30_days" time="2.109" /><testcase classname="backend.tests.test_iteration42_features.TestQuizBankContent" name="test_each_day_has_10_questions" time="6.379" /><testcase classname="backend.tests.test_iteration42_features.TestQuizBankContent" name="test_quiz_day22_has_harder_content" time="2.140" /><testcase classname="backend.tests.test_iteration42_features.TestAuthEndpoints" name="test_login_with_valid_credentials" time="2.351" /><testcase classname="backend.tests.test_iteration42_features.TestAuthEndpoints" name="test_login_with_invalid_credentials" time="2.126" /></testsuite></testsuites>